Using pre-set license
Built from '2021.3/staging' branch; Version is '2021.3.11f1 (0a5ca18544bf) revision 679073'; Using compiler version '192829333'; Build Type 'Release'
OS: 'Windows 10  (10.0.19044) 64bit Professional' Language: 'fr' Physical Memory: 16266 MB
BatchMode: 1, IsHumanControllingUs: 0, StartBugReporterOnCrash: 0, Is64bit: 1, IsPro: 1

COMMAND LINE ARGUMENTS:
D:\Programmes\Unity\Hub\Editor\2021.3.11f1\Editor\Unity.exe
-adb2
-batchMode
-noUpm
-name
AssetImportWorker1
-projectPath
D:/Projects/BossBattle/Boss
-logFile
Logs/AssetImportWorker1.log
-srvPort
56687
Successfully changed project path to: D:/Projects/BossBattle/Boss
D:/Projects/BossBattle/Boss
[UnityMemory] Configuration Parameters - Can be set up in boot.config
    "memorysetup-bucket-allocator-granularity=16"
    "memorysetup-bucket-allocator-bucket-count=8"
    "memorysetup-bucket-allocator-block-size=33554432"
    "memorysetup-bucket-allocator-block-count=8"
    "memorysetup-main-allocator-block-size=16777216"
    "memorysetup-thread-allocator-block-size=16777216"
    "memorysetup-gfx-main-allocator-block-size=16777216"
    "memorysetup-gfx-thread-allocator-block-size=16777216"
    "memorysetup-cache-allocator-block-size=4194304"
    "memorysetup-typetree-allocator-block-size=2097152"
    "memorysetup-profiler-bucket-allocator-granularity=16"
    "memorysetup-profiler-bucket-allocator-bucket-count=8"
    "memorysetup-profiler-bucket-allocator-block-size=33554432"
    "memorysetup-profiler-bucket-allocator-block-count=8"
    "memorysetup-profiler-allocator-block-size=16777216"
    "memorysetup-profiler-editor-allocator-block-size=1048576"
    "memorysetup-temp-allocator-size-main=16777216"
    "memorysetup-job-temp-allocator-block-size=2097152"
    "memorysetup-job-temp-allocator-block-size-background=1048576"
    "memorysetup-job-temp-allocator-reduction-small-platforms=262144"
    "memorysetup-temp-allocator-size-background-worker=32768"
    "memorysetup-temp-allocator-size-job-worker=262144"
    "memorysetup-temp-allocator-size-preload-manager=33554432"
    "memorysetup-temp-allocator-size-nav-mesh-worker=65536"
    "memorysetup-temp-allocator-size-audio-worker=65536"
    "memorysetup-temp-allocator-size-cloud-worker=32768"
    "memorysetup-temp-allocator-size-gi-baking-worker=262144"
    "memorysetup-temp-allocator-size-gfx=262144"
Refreshing native plugins compatible for Editor in 160.81 ms, found 3 plugins.
Preloading 0 native plugins for Editor in 0.00 ms.
Initialize engine version: 2021.3.11f1 (0a5ca18544bf)
[Subsystems] Discovering subsystems at path D:/Programmes/Unity/Hub/Editor/2021.3.11f1/Editor/Data/Resources/UnitySubsystems
[Subsystems] Discovering subsystems at path D:/Projects/BossBattle/Boss/Assets
GfxDevice: creating device client; threaded=0; jobified=0
Direct3D:
    Version:  Direct3D 11.0 [level 11.1]
    Renderer: NVIDIA GeForce GTX 1050 (ID=0x1c8d)
    Vendor:   NVIDIA
    VRAM:     4021 MB
    Driver:   27.21.14.6140
Initialize mono
Mono path[0] = 'D:/Programmes/Unity/Hub/Editor/2021.3.11f1/Editor/Data/Managed'
Mono path[1] = 'D:/Programmes/Unity/Hub/Editor/2021.3.11f1/Editor/Data/MonoBleedingEdge/lib/mono/unityjit-win32'
Mono config path = 'D:/Programmes/Unity/Hub/Editor/2021.3.11f1/Editor/Data/MonoBleedingEdge/etc'
Using monoOptions --debugger-agent=transport=dt_socket,embedding=1,server=y,suspend=n,address=127.0.0.1:56188
Begin MonoManager ReloadAssembly
Registering precompiled unity dll's ...
Register platform support module: D:/Programmes/Unity/Hub/Editor/2021.3.11f1/Editor/Data/PlaybackEngines/WebGLSupport/UnityEditor.WebGL.Extensions.dll
Register platform support module: D:/Programmes/Unity/Hub/Editor/2021.3.11f1/Editor/Data/PlaybackEngines/AndroidPlayer/UnityEditor.Android.Extensions.dll
Register platform support module: D:/Programmes/Unity/Hub/Editor/2021.3.11f1/Editor/Data/PlaybackEngines/iOSSupport/UnityEditor.iOS.Extensions.dll
Register platform support module: D:/Programmes/Unity/Hub/Editor/2021.3.11f1/Editor/Data/PlaybackEngines/WindowsStandaloneSupport/UnityEditor.WindowsStandalone.Extensions.dll
Registered in 0.006450 seconds.
Native extension for WindowsStandalone target not found
[usbmuxd] Start listen thread
[usbmuxd] Listen thread started
Native extension for iOS target not found
Native extension for Android target not found
Native extension for WebGL target not found
Refreshing native plugins compatible for Editor in 161.42 ms, found 3 plugins.
Preloading 0 native plugins for Editor in 0.00 ms.
Mono: successfully reloaded assembly
- Completed reload, in  0.931 seconds
Domain Reload Profiling:
	ReloadAssembly (931ms)
		BeginReloadAssembly (109ms)
			ExecutionOrderSort (0ms)
			DisableScriptedObjects (0ms)
			BackupInstance (0ms)
			ReleaseScriptingObjects (0ms)
			CreateAndSetChildDomain (1ms)
		EndReloadAssembly (668ms)
			LoadAssemblies (108ms)
			RebuildTransferFunctionScriptingTraits (0ms)
			SetupTypeCache (149ms)
			ReleaseScriptCaches (0ms)
			RebuildScriptCaches (34ms)
			SetupLoadedEditorAssemblies (430ms)
				LogAssemblyErrors (0ms)
				InitializePlatformSupportModulesInManaged (80ms)
				SetLoadedEditorAssemblies (0ms)
				RefreshPlugins (161ms)
				BeforeProcessingInitializeOnLoad (1ms)
				ProcessInitializeOnLoadAttributes (126ms)
				ProcessInitializeOnLoadMethodAttributes (60ms)
				AfterProcessingInitializeOnLoad (0ms)
				EditorAssembliesLoaded (0ms)
			ExecutionOrderSort2 (0ms)
			AwakeInstancesAfterBackupRestoration (0ms)
Platform modules already initialized, skipping
Registering precompiled user dll's ...
Registered in 0.005459 seconds.
Begin MonoManager ReloadAssembly
Symbol file LoadedFromMemory doesn't match image D:\Projects\BossBattle\Boss\Library\PackageCache\com.unity.visualscripting@1.7.8\Editor\VisualScripting.Core\Dependencies\YamlDotNet\Unity.VisualScripting.YamlDotNet.dll
Symbol file LoadedFromMemory doesn't match image D:\Projects\BossBattle\Boss\Library\PackageCache\com.unity.visualscripting@1.7.8\Editor\VisualScripting.Core\Dependencies\DotNetZip\Unity.VisualScripting.IonicZip.dll
Native extension for WindowsStandalone target not found
Native extension for iOS target not found
Native extension for Android target not found
Native extension for WebGL target not found
Refreshing native plugins compatible for Editor in 1.29 ms, found 3 plugins.
Preloading 0 native plugins for Editor in 0.00 ms.
Mono: successfully reloaded assembly
- Completed reload, in  1.798 seconds
Domain Reload Profiling:
	ReloadAssembly (1799ms)
		BeginReloadAssembly (441ms)
			ExecutionOrderSort (0ms)
			DisableScriptedObjects (7ms)
			BackupInstance (0ms)
			ReleaseScriptingObjects (0ms)
			CreateAndSetChildDomain (148ms)
		EndReloadAssembly (1147ms)
			LoadAssemblies (278ms)
			RebuildTransferFunctionScriptingTraits (0ms)
			SetupTypeCache (390ms)
			ReleaseScriptCaches (1ms)
			RebuildScriptCaches (122ms)
			SetupLoadedEditorAssemblies (490ms)
				LogAssemblyErrors (0ms)
				InitializePlatformSupportModulesInManaged (28ms)
				SetLoadedEditorAssemblies (1ms)
				RefreshPlugins (1ms)
				BeforeProcessingInitializeOnLoad (114ms)
				ProcessInitializeOnLoadAttributes (289ms)
				ProcessInitializeOnLoadMethodAttributes (53ms)
				AfterProcessingInitializeOnLoad (3ms)
				EditorAssembliesLoaded (0ms)
			ExecutionOrderSort2 (0ms)
			AwakeInstancesAfterBackupRestoration (9ms)
Platform modules already initialized, skipping
========================================================================
Worker process is ready to serve import requests
Launched and connected shader compiler UnityShaderCompiler.exe after 0.07 seconds
Refreshing native plugins compatible for Editor in 1.08 ms, found 3 plugins.
Preloading 0 native plugins for Editor in 0.00 ms.
Unloading 4499 Unused Serialized files (Serialized files now loaded: 0)
Unloading 28 unused Assets / (115.0 KB). Loaded Objects now: 4987.
Memory consumption went from 172.3 MB to 172.2 MB.
Total: 5.100800 ms (FindLiveObjects: 0.408800 ms CreateObjectMapping: 0.398700 ms MarkObjects: 4.073700 ms  DeleteObjects: 0.217800 ms)

AssetImportParameters requested are different than current active one (requested -> active):
  custom:video-decoder-ogg-theora: a1e56fd34408186e4bbccfd4996cb3dc -> 
  custom:container-muxer-webm: aa71ff27fc2769a1b78a27578f13a17b -> 
  custom:container-demuxer-webm: 4f35f7cbe854078d1ac9338744f61a02 -> 
  custom:video-encoder-webm-vp8: eb34c28f22e8b96e1ab97ce403110664 -> 
  custom:audio-encoder-webm-vorbis: bf7c407c2cedff20999df2af8eb42d56 -> 
  custom:framework-win-MediaFoundation: 216162199b28c13a410421893ffa2e32 -> 
  custom:container-demuxer-ogg: 62fdf1f143b41e24485cea50d1cbac27 -> 
  custom:video-decoder-webm-vp8: 9c59270c3fd7afecdb556c50c9e8de78 -> 
  custom:audio-decoder-ogg-vorbis: bf7c407c2cedff20999df2af8eb42d56 -> 
========================================================================
Received Import Request.
  Time since last request: 29732.589712 seconds.
  path: Assets/Plugins/GameCreator/Traversal/Data/Obstacles/ZipLine/Materials/Zipline.mat
  artifactKey: Guid(54e065bdb40394452afe244ca827681a) Importer(815301076,1909f56bfc062723c751e8b465ee728b)
Start importing Assets/Plugins/GameCreator/Traversal/Data/Obstacles/ZipLine/Materials/Zipline.mat using Guid(54e065bdb40394452afe244ca827681a) Importer(815301076,1909f56bfc062723c751e8b465ee728b)  -> (artifact id: 'a29d8692f1c25c6a18b3a99f5cc6d90e') in 0.404603 seconds 
========================================================================
Received Import Request.
  Time since last request: 0.000030 seconds.
  path: Assets/PivecLabs/ActionPack3/Examples/ExampleResources/Materials/TreeA_Leaf.mat
  artifactKey: Guid(64cc1aabc99f12d4980d845dab72b278) Importer(815301076,1909f56bfc062723c751e8b465ee728b)
Start importing Assets/PivecLabs/ActionPack3/Examples/ExampleResources/Materials/TreeA_Leaf.mat using Guid(64cc1aabc99f12d4980d845dab72b278) Importer(815301076,1909f56bfc062723c751e8b465ee728b)  -> (artifact id: '726dbbdb4d8dd6a5030b39161084164e') in 0.113851 seconds 
========================================================================
Received Import Request.
  Time since last request: 0.000041 seconds.
  path: Assets/Plugins/GameCreator/MeleeExamples/Assets/Model/Materials/Sword.mat
  artifactKey: Guid(30cdef38a97cb42f7bf1e404adcec4a1) Importer(815301076,1909f56bfc062723c751e8b465ee728b)
Start importing Assets/Plugins/GameCreator/MeleeExamples/Assets/Model/Materials/Sword.mat using Guid(30cdef38a97cb42f7bf1e404adcec4a1) Importer(815301076,1909f56bfc062723c751e8b465ee728b)  -> (artifact id: '2640e8148b2b94747d1ed4337f02e8e5') in 0.372504 seconds 
========================================================================
Received Import Request.
  Time since last request: 0.000029 seconds.
  path: Assets/Plugins/GameCreator/ShooterExample/Assets/Weapons/Archery/_Materials/Trajectory.mat
  artifactKey: Guid(f4bf0493713224ab38d566056a9d52c9) Importer(815301076,1909f56bfc062723c751e8b465ee728b)
Start importing Assets/Plugins/GameCreator/ShooterExample/Assets/Weapons/Archery/_Materials/Trajectory.mat using Guid(f4bf0493713224ab38d566056a9d52c9) Importer(815301076,1909f56bfc062723c751e8b465ee728b)  -> (artifact id: 'a926f135b2c6e6caa1f91d6defa2f483') in 0.050977 seconds 
========================================================================
Received Import Request.
  Time since last request: 0.000060 seconds.
  path: Assets/Plugins/GameCreator/ShooterExample/Assets/Weapons/Archery/_Materials/Smoke.mat
  artifactKey: Guid(ad550cec83b8740fa9c350feb770f71e) Importer(815301076,1909f56bfc062723c751e8b465ee728b)
Start importing Assets/Plugins/GameCreator/ShooterExample/Assets/Weapons/Archery/_Materials/Smoke.mat using Guid(ad550cec83b8740fa9c350feb770f71e) Importer(815301076,1909f56bfc062723c751e8b465ee728b)  -> (artifact id: 'a729410832d9e81f7237071e03451607') in 2.565712 seconds 
========================================================================
Received Import Request.
  Time since last request: 0.000040 seconds.
  path: Assets/Plugins/GameCreator/ShooterExample/Assets/Weapons/Sniper/_Models/Sniper/Sniper.mat
  artifactKey: Guid(e1969f31c70014a758618c45d8bdf1fc) Importer(815301076,1909f56bfc062723c751e8b465ee728b)
Start importing Assets/Plugins/GameCreator/ShooterExample/Assets/Weapons/Sniper/_Models/Sniper/Sniper.mat using Guid(e1969f31c70014a758618c45d8bdf1fc) Importer(815301076,1909f56bfc062723c751e8b465ee728b)  -> (artifact id: '4b491b627fe04507f608fc85f90bdb47') in 0.023980 seconds 
========================================================================
Received Import Request.
  Time since last request: 0.000033 seconds.
  path: Assets/PivecLabs/ActionPack3/Examples/ExampleResources/Materials/TreeA_Bark.mat
  artifactKey: Guid(96bf56ca663a0b249b31629055a818ff) Importer(815301076,1909f56bfc062723c751e8b465ee728b)
Start importing Assets/PivecLabs/ActionPack3/Examples/ExampleResources/Materials/TreeA_Bark.mat using Guid(96bf56ca663a0b249b31629055a818ff) Importer(815301076,1909f56bfc062723c751e8b465ee728b)  -> (artifact id: 'e540a0c60ced7e9ddd5568cbeb44b054') in 0.023560 seconds 
========================================================================
Received Import Request.
  Time since last request: 0.000025 seconds.
  path: Assets/Plugins/GameCreator/ShooterExample/Assets/Weapons/Grenade/_Materials/Smoke.mat
  artifactKey: Guid(666a1d39aca4c4e07b573444dd9c71b7) Importer(815301076,1909f56bfc062723c751e8b465ee728b)
Start importing Assets/Plugins/GameCreator/ShooterExample/Assets/Weapons/Grenade/_Materials/Smoke.mat using Guid(666a1d39aca4c4e07b573444dd9c71b7) Importer(815301076,1909f56bfc062723c751e8b465ee728b)  -> (artifact id: '4251c83d2a32baa696a46e5d1f03d624') in 0.021643 seconds 
========================================================================
Received Import Request.
  Time since last request: 0.000029 seconds.
  path: Assets/Plugins/GameCreator/ShooterExample/Assets/Weapons/Revolver/_Models/Revolver/Revolver.mat
  artifactKey: Guid(02851561e9d284dbda5c82eefc86054b) Importer(815301076,1909f56bfc062723c751e8b465ee728b)
Start importing Assets/Plugins/GameCreator/ShooterExample/Assets/Weapons/Revolver/_Models/Revolver/Revolver.mat using Guid(02851561e9d284dbda5c82eefc86054b) Importer(815301076,1909f56bfc062723c751e8b465ee728b)  -> (artifact id: 'f6fb4717e130d55fc626ec30e9d48ede') in 0.022515 seconds 
========================================================================
Received Import Request.
  Time since last request: 0.000029 seconds.
  path: Assets/Plugins/GameCreator/Examples/Utilities/Materials/TriggerSmooth.mat
  artifactKey: Guid(6e1d36c4bbd37d54f9ea183e4f5fd656) Importer(815301076,1909f56bfc062723c751e8b465ee728b)
Start importing Assets/Plugins/GameCreator/Examples/Utilities/Materials/TriggerSmooth.mat using Guid(6e1d36c4bbd37d54f9ea183e4f5fd656) Importer(815301076,1909f56bfc062723c751e8b465ee728b)  -> (artifact id: '757055d33848e9db82b63786aa1e9189') in 0.394915 seconds 
========================================================================
Received Import Request.
  Time since last request: 0.000039 seconds.
  path: Assets/Plugins/GameCreator/StatsExamples/Assets/Materials/Red.mat
  artifactKey: Guid(2a8abea2e75814d78905390c315c1fe3) Importer(815301076,1909f56bfc062723c751e8b465ee728b)
Start importing Assets/Plugins/GameCreator/StatsExamples/Assets/Materials/Red.mat using Guid(2a8abea2e75814d78905390c315c1fe3) Importer(815301076,1909f56bfc062723c751e8b465ee728b)  -> (artifact id: 'b55fd68d12e67888827cd1a42edeadc9') in 0.021359 seconds 
========================================================================
Received Import Request.
  Time since last request: 0.017306 seconds.
  path: Assets/Plugins/FireChickenGames/CombatExamples/Assets/Materials/Red.mat
  artifactKey: Guid(96992c4ffc00246e297b2a993c5317b7) Importer(815301076,1909f56bfc062723c751e8b465ee728b)
Start importing Assets/Plugins/FireChickenGames/CombatExamples/Assets/Materials/Red.mat using Guid(96992c4ffc00246e297b2a993c5317b7) Importer(815301076,1909f56bfc062723c751e8b465ee728b)  -> (artifact id: 'ff3989d8cce4ff7b2421cf07e0bf1ddc') in 0.024092 seconds 
========================================================================
Received Import Request.
  Time since last request: 0.529841 seconds.
  path: Assets/Plugins/GameCreator/Examples/Utilities/Models/Materials/PinkSmooth.mat
  artifactKey: Guid(faf782b22cb9e426db04736087fdc142) Importer(815301076,1909f56bfc062723c751e8b465ee728b)
Start importing Assets/Plugins/GameCreator/Examples/Utilities/Models/Materials/PinkSmooth.mat using Guid(faf782b22cb9e426db04736087fdc142) Importer(815301076,1909f56bfc062723c751e8b465ee728b)  -> (artifact id: '495cd4a46ad65632ee3f35c7ec0314d2') in 0.024134 seconds 
========================================================================
Received Import Request.
  Time since last request: 1902.204187 seconds.
  path: Assets/3D/Enviorement/Dwarven Expedition Pack - Stylized Assets/Materials/DungeonStructureHeadDEP_ST.mat
  artifactKey: Guid(34a7af6d02350254e9cb395769830b9d) Importer(815301076,1909f56bfc062723c751e8b465ee728b)
Start importing Assets/3D/Enviorement/Dwarven Expedition Pack - Stylized Assets/Materials/DungeonStructureHeadDEP_ST.mat using Guid(34a7af6d02350254e9cb395769830b9d) Importer(815301076,1909f56bfc062723c751e8b465ee728b)  -> (artifact id: '0f483e23cc722e5fb40210b44f5d1200') in 0.574849 seconds 
========================================================================
Received Import Request.
  Time since last request: 0.000050 seconds.
  path: Assets/3D/Enviorement/Dwarven Expedition Pack - Stylized Assets/Materials/Grid_1X1.mat
  artifactKey: Guid(4595729668b02834083e130e43a47740) Importer(815301076,1909f56bfc062723c751e8b465ee728b)
Start importing Assets/3D/Enviorement/Dwarven Expedition Pack - Stylized Assets/Materials/Grid_1X1.mat using Guid(4595729668b02834083e130e43a47740) Importer(815301076,1909f56bfc062723c751e8b465ee728b)  -> (artifact id: '8f0bbac160442a18a0497c3459eaa4b2') in 0.221502 seconds 
========================================================================
Received Import Request.
  Time since last request: 0.000048 seconds.
  path: Assets/3D/Enviorement/Dwarven Expedition Pack - Stylized Assets/Materials/Helper 1.mat
  artifactKey: Guid(b168f2b55eec71f47a92ae7fcaf22151) Importer(815301076,1909f56bfc062723c751e8b465ee728b)
Start importing Assets/3D/Enviorement/Dwarven Expedition Pack - Stylized Assets/Materials/Helper 1.mat using Guid(b168f2b55eec71f47a92ae7fcaf22151) Importer(815301076,1909f56bfc062723c751e8b465ee728b)  -> (artifact id: '9f871cb077396f372ed3d31935f0e16b') in 0.018601 seconds 
========================================================================
Received Import Request.
  Time since last request: 0.000091 seconds.
  path: Assets/3D/Enviorement/Dwarven Expedition Pack - Stylized Assets/Materials/StoneTileBDEP_ST.mat
  artifactKey: Guid(c79374705a897ce4f86957ca7096de1e) Importer(815301076,1909f56bfc062723c751e8b465ee728b)
Start importing Assets/3D/Enviorement/Dwarven Expedition Pack - Stylized Assets/Materials/StoneTileBDEP_ST.mat using Guid(c79374705a897ce4f86957ca7096de1e) Importer(815301076,1909f56bfc062723c751e8b465ee728b)  -> (artifact id: 'aeef87d535bd976c30b9017cb9809c45') in 0.297680 seconds 
========================================================================
Received Import Request.
  Time since last request: 0.000085 seconds.
  path: Assets/3D/Enviorement/Dwarven Expedition Pack - Stylized Assets/Materials/SandStoneDEEP A.mat
  artifactKey: Guid(0847c60328a1dce4ca79051f04ea7e43) Importer(815301076,1909f56bfc062723c751e8b465ee728b)
Start importing Assets/3D/Enviorement/Dwarven Expedition Pack - Stylized Assets/Materials/SandStoneDEEP A.mat using Guid(0847c60328a1dce4ca79051f04ea7e43) Importer(815301076,1909f56bfc062723c751e8b465ee728b)  -> (artifact id: 'df9f9e28ecd9d94779a23c845dd97d38') in 0.032804 seconds 
========================================================================
Received Import Request.
  Time since last request: 0.000082 seconds.
  path: Assets/3D/Enviorement/Dwarven Expedition Pack - Stylized Assets/Materials/PillarA2DEP_ST.mat
  artifactKey: Guid(c911cb6130bbc4541bf3925ca05af0ec) Importer(815301076,1909f56bfc062723c751e8b465ee728b)
Start importing Assets/3D/Enviorement/Dwarven Expedition Pack - Stylized Assets/Materials/PillarA2DEP_ST.mat using Guid(c911cb6130bbc4541bf3925ca05af0ec) Importer(815301076,1909f56bfc062723c751e8b465ee728b)  -> (artifact id: '5976c0d63b43f88689ba913de140cd38') in 0.065687 seconds 
========================================================================
Received Import Request.
  Time since last request: 0.000046 seconds.
  path: Assets/3D/Enviorement/Dwarven Expedition Pack - Stylized Assets/Materials/StoneTileC2DEP_ST 1.mat
  artifactKey: Guid(4c7f9f3a226650a4a9d4542aa99d987f) Importer(815301076,1909f56bfc062723c751e8b465ee728b)
Start importing Assets/3D/Enviorement/Dwarven Expedition Pack - Stylized Assets/Materials/StoneTileC2DEP_ST 1.mat using Guid(4c7f9f3a226650a4a9d4542aa99d987f) Importer(815301076,1909f56bfc062723c751e8b465ee728b)  -> (artifact id: '07dc93ff6b7766548e8f460ac604a65a') in 0.031725 seconds 
========================================================================
Received Import Request.
  Time since last request: 0.000032 seconds.
  path: Assets/3D/Enviorement/Dwarven Expedition Pack - Stylized Assets/Materials/StoneTileDEP_ST.mat
  artifactKey: Guid(195aac9089073be409ac4f63d833ec6e) Importer(815301076,1909f56bfc062723c751e8b465ee728b)
Start importing Assets/3D/Enviorement/Dwarven Expedition Pack - Stylized Assets/Materials/StoneTileDEP_ST.mat using Guid(195aac9089073be409ac4f63d833ec6e) Importer(815301076,1909f56bfc062723c751e8b465ee728b)  -> (artifact id: 'bc26944ee1bdcbd5b656480bc98d35a5') in 0.034046 seconds 
========================================================================
Received Import Request.
  Time since last request: 0.000041 seconds.
  path: Assets/3D/Enviorement/Dwarven Expedition Pack - Stylized Assets/Materials/SandStoneDEEP A 1.mat
  artifactKey: Guid(72302c323924d0e4db02800e8cc047da) Importer(815301076,1909f56bfc062723c751e8b465ee728b)
Start importing Assets/3D/Enviorement/Dwarven Expedition Pack - Stylized Assets/Materials/SandStoneDEEP A 1.mat using Guid(72302c323924d0e4db02800e8cc047da) Importer(815301076,1909f56bfc062723c751e8b465ee728b)  -> (artifact id: '94b01488c34b586c70bbe27ed4e976ab') in 0.040074 seconds 
========================================================================
Received Import Request.
  Time since last request: 0.000035 seconds.
  path: Assets/3D/Enviorement/Dwarven Expedition Pack - Stylized Assets/Materials/SandStoneDEEP C 1.mat
  artifactKey: Guid(e15c20183aa64db418e948b03f3803e1) Importer(815301076,1909f56bfc062723c751e8b465ee728b)
Start importing Assets/3D/Enviorement/Dwarven Expedition Pack - Stylized Assets/Materials/SandStoneDEEP C 1.mat using Guid(e15c20183aa64db418e948b03f3803e1) Importer(815301076,1909f56bfc062723c751e8b465ee728b)  -> (artifact id: '415193fe18caa52504e9814b66a4637f') in 0.049772 seconds 
========================================================================
Received Import Request.
  Time since last request: 0.000076 seconds.
  path: Assets/3D/Enviorement/Dwarven Expedition Pack - Stylized Assets/Materials/Grid_50.mat
  artifactKey: Guid(ffcdf62caeb6b3b4fb32ccdbd76c951a) Importer(815301076,1909f56bfc062723c751e8b465ee728b)
Start importing Assets/3D/Enviorement/Dwarven Expedition Pack - Stylized Assets/Materials/Grid_50.mat using Guid(ffcdf62caeb6b3b4fb32ccdbd76c951a) Importer(815301076,1909f56bfc062723c751e8b465ee728b)  -> (artifact id: 'b284949288b0379cee20efe3613789ce') in 0.019758 seconds 
========================================================================
Received Import Request.
  Time since last request: 0.000103 seconds.
  path: Assets/3D/Enviorement/Dwarven Expedition Pack - Stylized Assets/Materials/PillarADEP_ST.mat
  artifactKey: Guid(171494acadf804a419f7619902517014) Importer(815301076,1909f56bfc062723c751e8b465ee728b)
Start importing Assets/3D/Enviorement/Dwarven Expedition Pack - Stylized Assets/Materials/PillarADEP_ST.mat using Guid(171494acadf804a419f7619902517014) Importer(815301076,1909f56bfc062723c751e8b465ee728b)  -> (artifact id: '20ef85d05d181c466cb7f4427e10772d') in 0.082096 seconds 
========================================================================
Received Import Request.
  Time since last request: 0.000035 seconds.
  path: Assets/3D/Enviorement/Dwarven Expedition Pack - Stylized Assets/Materials/WallPropsDEP_ST.mat
  artifactKey: Guid(1a26b86370e92664bb41920abadd7ce9) Importer(815301076,1909f56bfc062723c751e8b465ee728b)
Start importing Assets/3D/Enviorement/Dwarven Expedition Pack - Stylized Assets/Materials/WallPropsDEP_ST.mat using Guid(1a26b86370e92664bb41920abadd7ce9) Importer(815301076,1909f56bfc062723c751e8b465ee728b)  -> (artifact id: '74a967b0696a9a0d24a4e27b00250bad') in 0.074939 seconds 
========================================================================
Received Import Request.
  Time since last request: 0.000037 seconds.
  path: Assets/3D/Enviorement/Dwarven Expedition Pack - Stylized Assets/Materials/SandStoneDEEP B 1.mat
  artifactKey: Guid(b3d6a79f06f359e4db683348b961ea35) Importer(815301076,1909f56bfc062723c751e8b465ee728b)
Start importing Assets/3D/Enviorement/Dwarven Expedition Pack - Stylized Assets/Materials/SandStoneDEEP B 1.mat using Guid(b3d6a79f06f359e4db683348b961ea35) Importer(815301076,1909f56bfc062723c751e8b465ee728b)  -> (artifact id: '869c670dff3db32dd962fc4bcff680bc') in 0.038963 seconds 
========================================================================
Received Import Request.
  Time since last request: 0.000030 seconds.
  path: Assets/3D/Enviorement/Dwarven Expedition Pack - Stylized Assets/Materials/SandStoneDEEP B.mat
  artifactKey: Guid(cadf5a12f935c11459ff29629d3fb963) Importer(815301076,1909f56bfc062723c751e8b465ee728b)
Start importing Assets/3D/Enviorement/Dwarven Expedition Pack - Stylized Assets/Materials/SandStoneDEEP B.mat using Guid(cadf5a12f935c11459ff29629d3fb963) Importer(815301076,1909f56bfc062723c751e8b465ee728b)  -> (artifact id: '10965d5b0375d264fd29a2d5a2d5c345') in 0.033484 seconds 
========================================================================
Received Import Request.
  Time since last request: 0.000038 seconds.
  path: Assets/3D/Enviorement/Dwarven Expedition Pack - Stylized Assets/Materials/StoneTileDEP_ST 1.mat
  artifactKey: Guid(04bdfbcc05d8e0f4d8a1afdd2b9b53b6) Importer(815301076,1909f56bfc062723c751e8b465ee728b)
Start importing Assets/3D/Enviorement/Dwarven Expedition Pack - Stylized Assets/Materials/StoneTileDEP_ST 1.mat using Guid(04bdfbcc05d8e0f4d8a1afdd2b9b53b6) Importer(815301076,1909f56bfc062723c751e8b465ee728b)  -> (artifact id: 'dd1ea4f7910fb7cba764553e0e353e25') in 0.033260 seconds 
========================================================================
Received Import Request.
  Time since last request: 0.000021 seconds.
  path: Assets/3D/Enviorement/Dwarven Expedition Pack - Stylized Assets/Materials/StoneTileC2DEP_ST.mat
  artifactKey: Guid(422b8603c9e43844db3719c6bb70ac4c) Importer(815301076,1909f56bfc062723c751e8b465ee728b)
Start importing Assets/3D/Enviorement/Dwarven Expedition Pack - Stylized Assets/Materials/StoneTileC2DEP_ST.mat using Guid(422b8603c9e43844db3719c6bb70ac4c) Importer(815301076,1909f56bfc062723c751e8b465ee728b)  -> (artifact id: 'd33f83c985cd7a4b8deeffe86eaab212') in 0.039119 seconds 
========================================================================
Received Import Request.
  Time since last request: 37.883086 seconds.
  path: Assets/3D/Enviorement/Dwarven Expedition Pack - Stylized Assets/FreePack vs Full Pack/Free Pack.jpg
  artifactKey: Guid(d4fd536c2cf2458438aed8c84f3af6f6) Importer(815301076,1909f56bfc062723c751e8b465ee728b)
Start importing Assets/3D/Enviorement/Dwarven Expedition Pack - Stylized Assets/FreePack vs Full Pack/Free Pack.jpg using Guid(d4fd536c2cf2458438aed8c84f3af6f6) Importer(815301076,1909f56bfc062723c751e8b465ee728b)  -> (artifact id: '444123208c59cf4d1c39e6a14aae6269') in 0.094238 seconds 
========================================================================
Received Import Request.
  Time since last request: 7.120906 seconds.
  path: Assets/3D/Enviorement/Dwarven Expedition Pack - Stylized Assets/Models/DungeonGateDEP_ST.fbx
  artifactKey: Guid(99dd9b95e7db4224090a751307f19f9e) Importer(815301076,1909f56bfc062723c751e8b465ee728b)
Start importing Assets/3D/Enviorement/Dwarven Expedition Pack - Stylized Assets/Models/DungeonGateDEP_ST.fbx using Guid(99dd9b95e7db4224090a751307f19f9e) Importer(815301076,1909f56bfc062723c751e8b465ee728b)  -> (artifact id: '9ab9a3ed9902dc7535e709a28c33a6f7') in 0.160241 seconds 
========================================================================
Received Import Request.
  Time since last request: 0.000043 seconds.
  path: Assets/3D/Enviorement/Dwarven Expedition Pack - Stylized Assets/Models/SuportBeamCDEP_ST.fbx
  artifactKey: Guid(b47e4967fc9bf764592f9bab9155ab2e) Importer(815301076,1909f56bfc062723c751e8b465ee728b)
Start importing Assets/3D/Enviorement/Dwarven Expedition Pack - Stylized Assets/Models/SuportBeamCDEP_ST.fbx using Guid(b47e4967fc9bf764592f9bab9155ab2e) Importer(815301076,1909f56bfc062723c751e8b465ee728b)  -> (artifact id: 'ed67258deebd5d534896eeeb0e8b415e') in 0.026392 seconds 
========================================================================
Received Import Request.
  Time since last request: 0.000045 seconds.
  path: Assets/3D/Enviorement/Dwarven Expedition Pack - Stylized Assets/Models/SuportBeamADEP_ST.fbx
  artifactKey: Guid(2f49947bc0f92bc4cb12bdd1bff98074) Importer(815301076,1909f56bfc062723c751e8b465ee728b)
Start importing Assets/3D/Enviorement/Dwarven Expedition Pack - Stylized Assets/Models/SuportBeamADEP_ST.fbx using Guid(2f49947bc0f92bc4cb12bdd1bff98074) Importer(815301076,1909f56bfc062723c751e8b465ee728b)  -> (artifact id: '1c415dc5e0378819d0dba2a75da3d947') in 0.031634 seconds 
========================================================================
Received Import Request.
  Time since last request: 0.000034 seconds.
  path: Assets/3D/Enviorement/Dwarven Expedition Pack - Stylized Assets/Models/WallPropsBottomA_ST.fbx
  artifactKey: Guid(d9869357ee4fead4db0ceb2429718806) Importer(815301076,1909f56bfc062723c751e8b465ee728b)
Start importing Assets/3D/Enviorement/Dwarven Expedition Pack - Stylized Assets/Models/WallPropsBottomA_ST.fbx using Guid(d9869357ee4fead4db0ceb2429718806) Importer(815301076,1909f56bfc062723c751e8b465ee728b)  -> (artifact id: '7064759ef9015ba559936988329c4370') in 0.027801 seconds 
========================================================================
Received Import Request.
  Time since last request: 0.000032 seconds.
  path: Assets/3D/Enviorement/Dwarven Expedition Pack - Stylized Assets/Models/WallBlockA02ADEP.fbx
  artifactKey: Guid(cfe43512fab166f4dabe233ed848057a) Importer(815301076,1909f56bfc062723c751e8b465ee728b)
Start importing Assets/3D/Enviorement/Dwarven Expedition Pack - Stylized Assets/Models/WallBlockA02ADEP.fbx using Guid(cfe43512fab166f4dabe233ed848057a) Importer(815301076,1909f56bfc062723c751e8b465ee728b)  -> (artifact id: '2fd454844db269eb7db8ace0ddce4b44') in 0.026878 seconds 
========================================================================
Received Import Request.
  Time since last request: 0.000034 seconds.
  path: Assets/3D/Enviorement/Dwarven Expedition Pack - Stylized Assets/Models/WallPropsTopA_ST.fbx
  artifactKey: Guid(5e8c305eed7297c4c932f1a08714fab4) Importer(815301076,1909f56bfc062723c751e8b465ee728b)
Start importing Assets/3D/Enviorement/Dwarven Expedition Pack - Stylized Assets/Models/WallPropsTopA_ST.fbx using Guid(5e8c305eed7297c4c932f1a08714fab4) Importer(815301076,1909f56bfc062723c751e8b465ee728b)  -> (artifact id: '6c096a024824ac8f0b2f01220bdfe24a') in 0.026464 seconds 
========================================================================
Received Import Request.
  Time since last request: 0.000036 seconds.
  path: Assets/3D/Enviorement/Dwarven Expedition Pack - Stylized Assets/Models/WallPropsWindowA1_ST.fbx
  artifactKey: Guid(0d4b51e4a607d7f4cb6b6a29c4daf918) Importer(815301076,1909f56bfc062723c751e8b465ee728b)
Start importing Assets/3D/Enviorement/Dwarven Expedition Pack - Stylized Assets/Models/WallPropsWindowA1_ST.fbx using Guid(0d4b51e4a607d7f4cb6b6a29c4daf918) Importer(815301076,1909f56bfc062723c751e8b465ee728b)  -> (artifact id: '83304149bd6dfce76047f5c8bb65fd53') in 0.029289 seconds 
========================================================================
Received Import Request.
  Time since last request: 0.000043 seconds.
  path: Assets/3D/Enviorement/Dwarven Expedition Pack - Stylized Assets/Models/Human Scale.fbx
  artifactKey: Guid(b87669bedf5f95142ae6709412ac17f0) Importer(815301076,1909f56bfc062723c751e8b465ee728b)
Start importing Assets/3D/Enviorement/Dwarven Expedition Pack - Stylized Assets/Models/Human Scale.fbx using Guid(b87669bedf5f95142ae6709412ac17f0) Importer(815301076,1909f56bfc062723c751e8b465ee728b)  -> (artifact id: '857e6e8e1461d51101e3a317a0b46ab0') in 0.026751 seconds 
========================================================================
Received Import Request.
  Time since last request: 0.000039 seconds.
  path: Assets/3D/Enviorement/Dwarven Expedition Pack - Stylized Assets/Models/SuportBeamBDEP_ST.fbx
  artifactKey: Guid(4b06f7320d445b24eb38b888be970d9e) Importer(815301076,1909f56bfc062723c751e8b465ee728b)
Start importing Assets/3D/Enviorement/Dwarven Expedition Pack - Stylized Assets/Models/SuportBeamBDEP_ST.fbx using Guid(4b06f7320d445b24eb38b888be970d9e) Importer(815301076,1909f56bfc062723c751e8b465ee728b)  -> (artifact id: '56f450a94e89ce9dca15f3b28e7a9a2f') in 0.026177 seconds 
========================================================================
Received Import Request.
  Time since last request: 0.000138 seconds.
  path: Assets/3D/Enviorement/Dwarven Expedition Pack - Stylized Assets/Models/MaterialCube.fbx
  artifactKey: Guid(34143110722b9d7429c78e8733c57750) Importer(815301076,1909f56bfc062723c751e8b465ee728b)
Start importing Assets/3D/Enviorement/Dwarven Expedition Pack - Stylized Assets/Models/MaterialCube.fbx using Guid(34143110722b9d7429c78e8733c57750) Importer(815301076,1909f56bfc062723c751e8b465ee728b)  -> (artifact id: '73dbb848a08a8ed7b4f42b08b31568b2') in 0.061152 seconds 
========================================================================
Received Import Request.
  Time since last request: 0.000111 seconds.
  path: Assets/3D/Enviorement/Dwarven Expedition Pack - Stylized Assets/Models/StoneArchDEP_ST.fbx
  artifactKey: Guid(03f6cc0eed8ff5345a5f3ca972c5c017) Importer(815301076,1909f56bfc062723c751e8b465ee728b)
Start importing Assets/3D/Enviorement/Dwarven Expedition Pack - Stylized Assets/Models/StoneArchDEP_ST.fbx using Guid(03f6cc0eed8ff5345a5f3ca972c5c017) Importer(815301076,1909f56bfc062723c751e8b465ee728b)  -> (artifact id: '94a4ea4e913e0f39ed95e45a76ed1e69') in 0.044634 seconds 
========================================================================
Received Import Request.
  Time since last request: 0.000029 seconds.
  path: Assets/3D/Enviorement/Dwarven Expedition Pack - Stylized Assets/Models/WallPropsMidle_ST.fbx
  artifactKey: Guid(b1f8d4583ba2ccf45a4be12cf22d8461) Importer(815301076,1909f56bfc062723c751e8b465ee728b)
Start importing Assets/3D/Enviorement/Dwarven Expedition Pack - Stylized Assets/Models/WallPropsMidle_ST.fbx using Guid(b1f8d4583ba2ccf45a4be12cf22d8461) Importer(815301076,1909f56bfc062723c751e8b465ee728b)  -> (artifact id: '50b0ef7c299933b5ee31900a785d7a69') in 0.023987 seconds 
========================================================================
Received Import Request.
  Time since last request: 0.000069 seconds.
  path: Assets/3D/Enviorement/Dwarven Expedition Pack - Stylized Assets/Models/WallBlockA01ADEP.fbx
  artifactKey: Guid(b1e98f823992d3c418aaf5220fffd662) Importer(815301076,1909f56bfc062723c751e8b465ee728b)
Start importing Assets/3D/Enviorement/Dwarven Expedition Pack - Stylized Assets/Models/WallBlockA01ADEP.fbx using Guid(b1e98f823992d3c418aaf5220fffd662) Importer(815301076,1909f56bfc062723c751e8b465ee728b)  -> (artifact id: '2dce16f6a32a47a6dbbba37b73c0fa2b') in 0.030145 seconds 
========================================================================
Received Import Request.
  Time since last request: 0.000044 seconds.
  path: Assets/3D/Enviorement/Dwarven Expedition Pack - Stylized Assets/Models/DungeonStructureTowerDEP_ST.fbx
  artifactKey: Guid(983a6f4c869feef46843b0317ab3bb93) Importer(815301076,1909f56bfc062723c751e8b465ee728b)
Start importing Assets/3D/Enviorement/Dwarven Expedition Pack - Stylized Assets/Models/DungeonStructureTowerDEP_ST.fbx using Guid(983a6f4c869feef46843b0317ab3bb93) Importer(815301076,1909f56bfc062723c751e8b465ee728b)  -> (artifact id: '374f0383d818b0738d5658daae6a43be') in 0.025996 seconds 
========================================================================
Received Import Request.
  Time since last request: 19.494395 seconds.
  path: Assets/3D/Enviorement/Dwarven Expedition Pack - Stylized Assets/Prefabs/DungeonGateDEP_ST.prefab
  artifactKey: Guid(b7d21f1436f2e9943bcc6a2ade057053) Importer(815301076,1909f56bfc062723c751e8b465ee728b)
Start importing Assets/3D/Enviorement/Dwarven Expedition Pack - Stylized Assets/Prefabs/DungeonGateDEP_ST.prefab using Guid(b7d21f1436f2e9943bcc6a2ade057053) Importer(815301076,1909f56bfc062723c751e8b465ee728b)  -> (artifact id: 'b90a3b1ab2e0af296d52917396317998') in 0.044279 seconds 
========================================================================
Received Import Request.
  Time since last request: 0.000045 seconds.
  path: Assets/3D/Enviorement/Dwarven Expedition Pack - Stylized Assets/Prefabs/WallPropsBottomA_ST.prefab
  artifactKey: Guid(fee4035f303fb1e48b130b830c23f49a) Importer(815301076,1909f56bfc062723c751e8b465ee728b)
Start importing Assets/3D/Enviorement/Dwarven Expedition Pack - Stylized Assets/Prefabs/WallPropsBottomA_ST.prefab using Guid(fee4035f303fb1e48b130b830c23f49a) Importer(815301076,1909f56bfc062723c751e8b465ee728b)  -> (artifact id: 'bb1fd4662af833c5325e2dd544fa2427') in 0.145544 seconds 
========================================================================
Received Import Request.
  Time since last request: 0.000048 seconds.
  path: Assets/3D/Enviorement/Dwarven Expedition Pack - Stylized Assets/Prefabs/PillarA2DEP_ST.prefab
  artifactKey: Guid(4881923339e8b8d49934c314a55bebf3) Importer(815301076,1909f56bfc062723c751e8b465ee728b)
Start importing Assets/3D/Enviorement/Dwarven Expedition Pack - Stylized Assets/Prefabs/PillarA2DEP_ST.prefab using Guid(4881923339e8b8d49934c314a55bebf3) Importer(815301076,1909f56bfc062723c751e8b465ee728b)  -> (artifact id: 'ea2b3f9a81f97f56c3723742fd1ad4a3') in 0.097743 seconds 
========================================================================
Received Import Request.
  Time since last request: 0.000034 seconds.
  path: Assets/3D/Enviorement/Dwarven Expedition Pack - Stylized Assets/Prefabs/WallBlockA03ADEP.prefab
  artifactKey: Guid(f881312789ac37f4e9a109e0dfd84b73) Importer(815301076,1909f56bfc062723c751e8b465ee728b)
Start importing Assets/3D/Enviorement/Dwarven Expedition Pack - Stylized Assets/Prefabs/WallBlockA03ADEP.prefab using Guid(f881312789ac37f4e9a109e0dfd84b73) Importer(815301076,1909f56bfc062723c751e8b465ee728b)  -> (artifact id: '01880be3b016d95d82ee07e1bd49f1b9') in 0.058310 seconds 
========================================================================
Received Import Request.
  Time since last request: 0.000105 seconds.
  path: Assets/3D/Enviorement/Dwarven Expedition Pack - Stylized Assets/Prefabs/WallBlockA02ADEP.prefab
  artifactKey: Guid(cc13072d91f23644ca13f679632426ca) Importer(815301076,1909f56bfc062723c751e8b465ee728b)
Start importing Assets/3D/Enviorement/Dwarven Expedition Pack - Stylized Assets/Prefabs/WallBlockA02ADEP.prefab using Guid(cc13072d91f23644ca13f679632426ca) Importer(815301076,1909f56bfc062723c751e8b465ee728b)  -> (artifact id: '99053c3ab26b63e7ec7a2781198a04c4') in 0.061461 seconds 
========================================================================
Received Import Request.
  Time since last request: 0.000058 seconds.
  path: Assets/3D/Enviorement/Dwarven Expedition Pack - Stylized Assets/Prefabs/StoneArchDEP_ST.prefab
  artifactKey: Guid(15bb5a066e6966e4abb2d26f51f8b516) Importer(815301076,1909f56bfc062723c751e8b465ee728b)
Start importing Assets/3D/Enviorement/Dwarven Expedition Pack - Stylized Assets/Prefabs/StoneArchDEP_ST.prefab using Guid(15bb5a066e6966e4abb2d26f51f8b516) Importer(815301076,1909f56bfc062723c751e8b465ee728b)  -> (artifact id: '8428d9ee6bde76beabfd3bc54461f8b3') in 0.104654 seconds 
========================================================================
Received Import Request.
  Time since last request: 0.000069 seconds.
  path: Assets/3D/Enviorement/Dwarven Expedition Pack - Stylized Assets/Prefabs/SuportBeamDDEP_ST.prefab
  artifactKey: Guid(86aec6df794e71547af8e1258dbb0aea) Importer(815301076,1909f56bfc062723c751e8b465ee728b)
Start importing Assets/3D/Enviorement/Dwarven Expedition Pack - Stylized Assets/Prefabs/SuportBeamDDEP_ST.prefab using Guid(86aec6df794e71547af8e1258dbb0aea) Importer(815301076,1909f56bfc062723c751e8b465ee728b)  -> (artifact id: '452fadbdf021a796a106d7fb26c35c8f') in 0.036488 seconds 
========================================================================
Received Import Request.
  Time since last request: 0.000069 seconds.
  path: Assets/3D/Enviorement/Dwarven Expedition Pack - Stylized Assets/Prefabs/PillarADEP_ST.prefab
  artifactKey: Guid(6f4246912bea49942a823a954f93d157) Importer(815301076,1909f56bfc062723c751e8b465ee728b)
Start importing Assets/3D/Enviorement/Dwarven Expedition Pack - Stylized Assets/Prefabs/PillarADEP_ST.prefab using Guid(6f4246912bea49942a823a954f93d157) Importer(815301076,1909f56bfc062723c751e8b465ee728b)  -> (artifact id: 'a35a6dc312cf87303e447729c06144bf') in 0.072433 seconds 
========================================================================
Received Import Request.
  Time since last request: 0.000049 seconds.
  path: Assets/3D/Enviorement/Dwarven Expedition Pack - Stylized Assets/Prefabs/SuportBeamADEP_ST.prefab
  artifactKey: Guid(05621cf18ffdbc347a5dedd09d576380) Importer(815301076,1909f56bfc062723c751e8b465ee728b)
Start importing Assets/3D/Enviorement/Dwarven Expedition Pack - Stylized Assets/Prefabs/SuportBeamADEP_ST.prefab using Guid(05621cf18ffdbc347a5dedd09d576380) Importer(815301076,1909f56bfc062723c751e8b465ee728b)  -> (artifact id: '91f39de2989ba0e621d9adef2560a5ea') in 0.039227 seconds 
========================================================================
Received Import Request.
  Time since last request: 0.000049 seconds.
  path: Assets/3D/Enviorement/Dwarven Expedition Pack - Stylized Assets/Prefabs/WallPropsWindowA1_ST.prefab
  artifactKey: Guid(39d703c5b34d9a54985ce84532b098da) Importer(815301076,1909f56bfc062723c751e8b465ee728b)
Start importing Assets/3D/Enviorement/Dwarven Expedition Pack - Stylized Assets/Prefabs/WallPropsWindowA1_ST.prefab using Guid(39d703c5b34d9a54985ce84532b098da) Importer(815301076,1909f56bfc062723c751e8b465ee728b)  -> (artifact id: 'e3c9fccea01c78da35cd52d46452a263') in 0.087411 seconds 
========================================================================
Received Import Request.
  Time since last request: 0.000036 seconds.
  path: Assets/3D/Enviorement/Dwarven Expedition Pack - Stylized Assets/Prefabs/SuportBeamBDEP_ST.prefab
  artifactKey: Guid(396ec105a7b8ac34b8282db4b9cd0b0a) Importer(815301076,1909f56bfc062723c751e8b465ee728b)
Start importing Assets/3D/Enviorement/Dwarven Expedition Pack - Stylized Assets/Prefabs/SuportBeamBDEP_ST.prefab using Guid(396ec105a7b8ac34b8282db4b9cd0b0a) Importer(815301076,1909f56bfc062723c751e8b465ee728b)  -> (artifact id: '890fba6688b5888a63e206d0ff5272bc') in 0.041086 seconds 
========================================================================
Received Import Request.
  Time since last request: 0.000059 seconds.
  path: Assets/3D/Enviorement/Dwarven Expedition Pack - Stylized Assets/Prefabs/WallPropsBottomB_ST.prefab
  artifactKey: Guid(4a5671e23279ff243b82037573e55e4a) Importer(815301076,1909f56bfc062723c751e8b465ee728b)
Start importing Assets/3D/Enviorement/Dwarven Expedition Pack - Stylized Assets/Prefabs/WallPropsBottomB_ST.prefab using Guid(4a5671e23279ff243b82037573e55e4a) Importer(815301076,1909f56bfc062723c751e8b465ee728b)  -> (artifact id: 'd44e9a45fc7f0a2a5635aa2f8e885692') in 0.104464 seconds 
========================================================================
Received Import Request.
  Time since last request: 1231.881210 seconds.
  path: Assets/Plugins/GameCreator/Traversal/Data/Materials/Obstacle.mat
  artifactKey: Guid(9e0d9815d9c6b4fc2b3e03f3b91507ec) Importer(815301076,1909f56bfc062723c751e8b465ee728b)
Start importing Assets/Plugins/GameCreator/Traversal/Data/Materials/Obstacle.mat using Guid(9e0d9815d9c6b4fc2b3e03f3b91507ec) Importer(815301076,1909f56bfc062723c751e8b465ee728b)  -> (artifact id: 'b88db1a665add59dde1127cb3ed12616') in 0.032640 seconds 
========================================================================
Received Import Request.
  Time since last request: 0.274060 seconds.
  path: Assets/Plugins/GameCreator/Examples/Utilities/Materials/NavySmooth.mat
  artifactKey: Guid(1032d41f900276c40a9dd24f55b7d420) Importer(815301076,1909f56bfc062723c751e8b465ee728b)
Start importing Assets/Plugins/GameCreator/Examples/Utilities/Materials/NavySmooth.mat using Guid(1032d41f900276c40a9dd24f55b7d420) Importer(815301076,1909f56bfc062723c751e8b465ee728b)  -> (artifact id: 'fe0204246ee553832228a5f0281d5997') in 0.168713 seconds 
========================================================================
Received Import Request.
  Time since last request: 20.949469 seconds.
  path: Assets/Plugins/FireChickenGames/ShooterCombatExamples/Assets/Models/Box/box_destroyed/BottomSide.fbx
  artifactKey: Guid(b717fc76eff2943a2811f53d8f7c501c) Importer(815301076,1909f56bfc062723c751e8b465ee728b)
Start importing Assets/Plugins/FireChickenGames/ShooterCombatExamples/Assets/Models/Box/box_destroyed/BottomSide.fbx using Guid(b717fc76eff2943a2811f53d8f7c501c) Importer(815301076,1909f56bfc062723c751e8b465ee728b)  -> (artifact id: '48428d63ad6d85e311acfc3535ee4261') in 0.048840 seconds 
========================================================================
Received Import Request.
  Time since last request: 1.211662 seconds.
  path: Assets/Plugins/FireChickenGames/ShooterCombatExamples/Assets/Models/Box/box_destroyed/LeftSide.fbx
  artifactKey: Guid(af0ee5ca922e64d8fabf80b0c0d95c76) Importer(815301076,1909f56bfc062723c751e8b465ee728b)
Start importing Assets/Plugins/FireChickenGames/ShooterCombatExamples/Assets/Models/Box/box_destroyed/LeftSide.fbx using Guid(af0ee5ca922e64d8fabf80b0c0d95c76) Importer(815301076,1909f56bfc062723c751e8b465ee728b)  -> (artifact id: '3d0f8277933df06c6b7cc50feb494323') in 0.102011 seconds 
========================================================================
Received Import Request.
  Time since last request: 1.347511 seconds.
  path: Assets/Plugins/FireChickenGames/ShooterCombatExamples/Assets/Models/Box/box_destroyed/TopSide.fbx
  artifactKey: Guid(c323328faf8cd43f1a8d23ae2daa82cc) Importer(815301076,1909f56bfc062723c751e8b465ee728b)
Start importing Assets/Plugins/FireChickenGames/ShooterCombatExamples/Assets/Models/Box/box_destroyed/TopSide.fbx using Guid(c323328faf8cd43f1a8d23ae2daa82cc) Importer(815301076,1909f56bfc062723c751e8b465ee728b)  -> (artifact id: '81990095b4813f6b6d24d5a6256a609b') in 0.131675 seconds 
========================================================================
Received Import Request.
  Time since last request: 0.998403 seconds.
  path: Assets/Plugins/GameCreator/MeleeExamples/Assets/Materials/Line.mat
  artifactKey: Guid(e78576e62dfa9427db6f4615722d3fe7) Importer(815301076,1909f56bfc062723c751e8b465ee728b)
Start importing Assets/Plugins/GameCreator/MeleeExamples/Assets/Materials/Line.mat using Guid(e78576e62dfa9427db6f4615722d3fe7) Importer(815301076,1909f56bfc062723c751e8b465ee728b)  -> (artifact id: '58ab83414b8c76546622af4a889a8941') in 1.451881 seconds 
========================================================================
Received Import Request.
  Time since last request: 0.000063 seconds.
  path: Assets/TextMesh Pro/Resources/Fonts & Materials/LiberationSans SDF - Outline.mat
  artifactKey: Guid(79459efec17a4d00a321bdcc27bbc385) Importer(815301076,1909f56bfc062723c751e8b465ee728b)
Start importing Assets/TextMesh Pro/Resources/Fonts & Materials/LiberationSans SDF - Outline.mat using Guid(79459efec17a4d00a321bdcc27bbc385) Importer(815301076,1909f56bfc062723c751e8b465ee728b)  -> (artifact id: '36c32ce79d4f51f93e7574ac2a6f0c88') in 0.079403 seconds 
========================================================================
Received Import Request.
  Time since last request: 0.966893 seconds.
  path: Assets/Plugins/GameCreator/Examples/Utilities/Materials/InteractionSmooth.mat
  artifactKey: Guid(fed4e78bda2b3de45954637fee164b8c) Importer(815301076,1909f56bfc062723c751e8b465ee728b)
Start importing Assets/Plugins/GameCreator/Examples/Utilities/Materials/InteractionSmooth.mat using Guid(fed4e78bda2b3de45954637fee164b8c) Importer(815301076,1909f56bfc062723c751e8b465ee728b)  -> (artifact id: 'ec2d6241f94a127b08a71b48f134593e') in 0.225842 seconds 
========================================================================
Received Import Request.
  Time since last request: 0.000023 seconds.
  path: Assets/Plugins/GameCreator/ShooterExample/Assets/Weapons/Grenade/_Models/Grenade/Grenade.mat
  artifactKey: Guid(8e79de18126bd4302b9034e9c8603039) Importer(815301076,1909f56bfc062723c751e8b465ee728b)
Start importing Assets/Plugins/GameCreator/ShooterExample/Assets/Weapons/Grenade/_Models/Grenade/Grenade.mat using Guid(8e79de18126bd4302b9034e9c8603039) Importer(815301076,1909f56bfc062723c751e8b465ee728b)  -> (artifact id: '00c0994bb0e1aacae3d2df1f28ff2397') in 0.277137 seconds 
========================================================================
Received Import Request.
  Time since last request: 0.000051 seconds.
  path: Assets/Plugins/GameCreator/DialogueSkinPixelFantasy/Assets/Fonts/Pixel.ttf
  artifactKey: Guid(0623a48f116ab432cb21e5cbcfe79213) Importer(815301076,1909f56bfc062723c751e8b465ee728b)
Start importing Assets/Plugins/GameCreator/DialogueSkinPixelFantasy/Assets/Fonts/Pixel.ttf using Guid(0623a48f116ab432cb21e5cbcfe79213) Importer(815301076,1909f56bfc062723c751e8b465ee728b)  -> (artifact id: '33ad45ce2dfe33aec8efc018ee32ea5a') in 0.098077 seconds 
========================================================================
Received Import Request.
  Time since last request: 0.000028 seconds.
  path: Assets/Plugins/GameCreator/Quests/Assets/Fonts/Skranji-Bold.ttf
  artifactKey: Guid(3691fc8638c724651bdb3a8be863f495) Importer(815301076,1909f56bfc062723c751e8b465ee728b)
Start importing Assets/Plugins/GameCreator/Quests/Assets/Fonts/Skranji-Bold.ttf using Guid(3691fc8638c724651bdb3a8be863f495) Importer(815301076,1909f56bfc062723c751e8b465ee728b)  -> (artifact id: '3ab6e2b0b9144aa206d73cb3c6f4b27b') in 0.098442 seconds 
========================================================================
Received Import Request.
  Time since last request: 0.000020 seconds.
  path: Assets/Plugins/GameCreator/StatsExamples/Assets/Materials/Green.mat
  artifactKey: Guid(1cfca6833b9b64dd3a36739c815aedbc) Importer(815301076,1909f56bfc062723c751e8b465ee728b)
Start importing Assets/Plugins/GameCreator/StatsExamples/Assets/Materials/Green.mat using Guid(1cfca6833b9b64dd3a36739c815aedbc) Importer(815301076,1909f56bfc062723c751e8b465ee728b)  -> (artifact id: 'f39bfcef1309be7211c85b745fa0ad47') in 0.025880 seconds 
========================================================================
Received Import Request.
  Time since last request: 0.000034 seconds.
  path: Assets/Plugins/GameCreator/MeleeExamples/Assets/Materials/Floor.mat
  artifactKey: Guid(c9fbd224cc84540c9a699110b614a2f9) Importer(815301076,1909f56bfc062723c751e8b465ee728b)
Start importing Assets/Plugins/GameCreator/MeleeExamples/Assets/Materials/Floor.mat using Guid(c9fbd224cc84540c9a699110b614a2f9) Importer(815301076,1909f56bfc062723c751e8b465ee728b)  -> (artifact id: '422ab2908b4b0ae3b5f637e39a080add') in 0.084272 seconds 
========================================================================
Received Import Request.
  Time since last request: 1.302625 seconds.
  path: Assets/Plugins/GameCreator/MeleeExamples/Assets/Materials/Enemy.mat
  artifactKey: Guid(67a971863e8d94abda9ef8fe18b3e2d3) Importer(815301076,1909f56bfc062723c751e8b465ee728b)
Start importing Assets/Plugins/GameCreator/MeleeExamples/Assets/Materials/Enemy.mat using Guid(67a971863e8d94abda9ef8fe18b3e2d3) Importer(815301076,1909f56bfc062723c751e8b465ee728b)  -> (artifact id: '414f9b3a8badb0686525fadbd1612681') in 0.025750 seconds 
========================================================================
Received Import Request.
  Time since last request: 0.051316 seconds.
  path: Assets/Plugins/GameCreator/MeleeExamples/Assets/Materials/Ember.mat
  artifactKey: Guid(def77e74f8a514b82b0a0bf295b237ec) Importer(815301076,1909f56bfc062723c751e8b465ee728b)
Start importing Assets/Plugins/GameCreator/MeleeExamples/Assets/Materials/Ember.mat using Guid(def77e74f8a514b82b0a0bf295b237ec) Importer(815301076,1909f56bfc062723c751e8b465ee728b)  -> (artifact id: 'd1e1f9a4f58e08e1f6a7be7dd88c55ec') in 0.033113 seconds 
========================================================================
Received Import Request.
  Time since last request: 4.288077 seconds.
  path: Assets/Plugins/GameCreator/Examples/Utilities/Materials/DarkNavyGrid.mat
  artifactKey: Guid(59a3a1d8ffa6b446b8b5dba3c982bb8d) Importer(815301076,1909f56bfc062723c751e8b465ee728b)
Start importing Assets/Plugins/GameCreator/Examples/Utilities/Materials/DarkNavyGrid.mat using Guid(59a3a1d8ffa6b446b8b5dba3c982bb8d) Importer(815301076,1909f56bfc062723c751e8b465ee728b)  -> (artifact id: '9ad3b22987ad02f6a4a93cd65fb17bca') in 0.015756 seconds 
========================================================================
Received Import Request.
  Time since last request: 0.000065 seconds.
  path: Assets/Plugins/GameCreator/MeleeExamples/Assets/Materials/Circle.mat
  artifactKey: Guid(33d4cb87df7974acba727be8ada5e0e5) Importer(815301076,1909f56bfc062723c751e8b465ee728b)
Start importing Assets/Plugins/GameCreator/MeleeExamples/Assets/Materials/Circle.mat using Guid(33d4cb87df7974acba727be8ada5e0e5) Importer(815301076,1909f56bfc062723c751e8b465ee728b)  -> (artifact id: 'f224b07a2b781021f99045e4f429129e') in 0.204525 seconds 
========================================================================
Received Import Request.
  Time since last request: 0.000053 seconds.
  path: Assets/Plugins/GameCreator/Traversal/Data/Materials/Climbable.mat
  artifactKey: Guid(9541b87e8899f486ca999de323f88745) Importer(815301076,1909f56bfc062723c751e8b465ee728b)
Start importing Assets/Plugins/GameCreator/Traversal/Data/Materials/Climbable.mat using Guid(9541b87e8899f486ca999de323f88745) Importer(815301076,1909f56bfc062723c751e8b465ee728b)  -> (artifact id: 'b37af0921b74fa8d30d3b1c3494893d1') in 0.111102 seconds 
========================================================================
Received Import Request.
  Time since last request: 0.216261 seconds.
  path: Assets/Plugins/GameCreator/ShooterExample/Assets/Weapons/Archery/_Model/Bow.mat
  artifactKey: Guid(7399f48f26b72436cbd7e01649d2a1c3) Importer(815301076,1909f56bfc062723c751e8b465ee728b)
Start importing Assets/Plugins/GameCreator/ShooterExample/Assets/Weapons/Archery/_Model/Bow.mat using Guid(7399f48f26b72436cbd7e01649d2a1c3) Importer(815301076,1909f56bfc062723c751e8b465ee728b)  -> (artifact id: 'fc0e643a9f4320463954b9a99a9ed1d7') in 0.068612 seconds 
========================================================================
Received Import Request.
  Time since last request: 0.033387 seconds.
  path: Assets/Plugins/GameCreator/ShooterExample/Assets/Materials/Blue.mat
  artifactKey: Guid(a855ceb80801d4682a98c88eac86b1c0) Importer(815301076,1909f56bfc062723c751e8b465ee728b)
Start importing Assets/Plugins/GameCreator/ShooterExample/Assets/Materials/Blue.mat using Guid(a855ceb80801d4682a98c88eac86b1c0) Importer(815301076,1909f56bfc062723c751e8b465ee728b)  -> (artifact id: '5860f9f9ec2a606103f23e6c79db7f02') in 0.639123 seconds 
========================================================================
Received Import Request.
  Time since last request: 0.000065 seconds.
  path: Assets/Plugins/FireChickenGames/CombatExamples/Assets/Materials/Blue.mat
  artifactKey: Guid(33d8a099ee319c44b90a85aa3c61ec05) Importer(815301076,1909f56bfc062723c751e8b465ee728b)
Start importing Assets/Plugins/FireChickenGames/CombatExamples/Assets/Materials/Blue.mat using Guid(33d8a099ee319c44b90a85aa3c61ec05) Importer(815301076,1909f56bfc062723c751e8b465ee728b)  -> (artifact id: '1b9e3cfbf4bf5846be16375d82381756') in 0.036948 seconds 
========================================================================
Received Prepare
Registering precompiled user dll's ...
Registered in 0.006720 seconds.
Begin MonoManager ReloadAssembly
Symbol file LoadedFromMemory doesn't match image D:\Projects\BossBattle\Boss\Library\PackageCache\com.unity.visualscripting@1.7.8\Editor\VisualScripting.Core\Dependencies\YamlDotNet\Unity.VisualScripting.YamlDotNet.dll
Symbol file LoadedFromMemory doesn't match image D:\Projects\BossBattle\Boss\Library\PackageCache\com.unity.visualscripting@1.7.8\Editor\VisualScripting.Core\Dependencies\DotNetZip\Unity.VisualScripting.IonicZip.dll
Native extension for WindowsStandalone target not found
Native extension for iOS target not found
Native extension for Android target not found
Native extension for WebGL target not found
Refreshing native plugins compatible for Editor in 2.34 ms, found 3 plugins.
Preloading 0 native plugins for Editor in 0.00 ms.
Mono: successfully reloaded assembly
- Completed reload, in  1.949 seconds
Domain Reload Profiling:
	ReloadAssembly (1950ms)
		BeginReloadAssembly (307ms)
			ExecutionOrderSort (0ms)
			DisableScriptedObjects (10ms)
			BackupInstance (0ms)
			ReleaseScriptingObjects (0ms)
			CreateAndSetChildDomain (133ms)
		EndReloadAssembly (1511ms)
			LoadAssemblies (136ms)
			RebuildTransferFunctionScriptingTraits (0ms)
			SetupTypeCache (516ms)
			ReleaseScriptCaches (3ms)
			RebuildScriptCaches (112ms)
			SetupLoadedEditorAssemblies (659ms)
				LogAssemblyErrors (0ms)
				InitializePlatformSupportModulesInManaged (67ms)
				SetLoadedEditorAssemblies (1ms)
				RefreshPlugins (2ms)
				BeforeProcessingInitializeOnLoad (121ms)
				ProcessInitializeOnLoadAttributes (390ms)
				ProcessInitializeOnLoadMethodAttributes (72ms)
				AfterProcessingInitializeOnLoad (5ms)
				EditorAssembliesLoaded (1ms)
			ExecutionOrderSort2 (0ms)
			AwakeInstancesAfterBackupRestoration (11ms)
Platform modules already initialized, skipping
Refreshing native plugins compatible for Editor in 4.46 ms, found 3 plugins.
Preloading 0 native plugins for Editor in 0.00 ms.
Unloading 4475 Unused Serialized files (Serialized files now loaded: 0)
Unloading 20 unused Assets / (83.9 KB). Loaded Objects now: 5048.
Memory consumption went from 248.3 MB to 248.2 MB.
Total: 8.529000 ms (FindLiveObjects: 0.482200 ms CreateObjectMapping: 0.457600 ms MarkObjects: 7.274700 ms  DeleteObjects: 0.313400 ms)

AssetImportParameters requested are different than current active one (requested -> active):
  custom:video-decoder-ogg-theora: a1e56fd34408186e4bbccfd4996cb3dc -> 
  custom:container-muxer-webm: aa71ff27fc2769a1b78a27578f13a17b -> 
  custom:container-demuxer-webm: 4f35f7cbe854078d1ac9338744f61a02 -> 
  custom:video-encoder-webm-vp8: eb34c28f22e8b96e1ab97ce403110664 -> 
  custom:audio-encoder-webm-vorbis: bf7c407c2cedff20999df2af8eb42d56 -> 
  custom:framework-win-MediaFoundation: 216162199b28c13a410421893ffa2e32 -> 
  custom:container-demuxer-ogg: 62fdf1f143b41e24485cea50d1cbac27 -> 
  custom:video-decoder-webm-vp8: 9c59270c3fd7afecdb556c50c9e8de78 -> 
  custom:audio-decoder-ogg-vorbis: bf7c407c2cedff20999df2af8eb42d56 -> 
========================================================================
Received Import Request.
  Time since last request: 534.272447 seconds.
  path: Assets/3D/Enviorement/laxer tree pkg/Models/baum hd med fbx.fbx
  artifactKey: Guid(8606c21208a6abf4aa86e39e9938598b) Importer(815301076,1909f56bfc062723c751e8b465ee728b)
Start importing Assets/3D/Enviorement/laxer tree pkg/Models/baum hd med fbx.fbx using Guid(8606c21208a6abf4aa86e39e9938598b) Importer(815301076,1909f56bfc062723c751e8b465ee728b)  -> (artifact id: 'e3fb22bdb69d2a315a7e9610eb197b1d') in 0.131874 seconds 
========================================================================
Received Import Request.
  Time since last request: 0.000027 seconds.
  path: Assets/3D/Enviorement/laxer tree pkg/Models/baum ld2(enhanced).asset
  artifactKey: Guid(bff71d6fe1a3e7044beabfe40f2c32aa) Importer(815301076,1909f56bfc062723c751e8b465ee728b)
Start importing Assets/3D/Enviorement/laxer tree pkg/Models/baum ld2(enhanced).asset using Guid(bff71d6fe1a3e7044beabfe40f2c32aa) Importer(815301076,1909f56bfc062723c751e8b465ee728b)  -> (artifact id: '6e683f8d14421f4ed952ac3e1653b905') in 0.023336 seconds 
========================================================================
Received Import Request.
  Time since last request: 0.000057 seconds.
  path: Assets/3D/Enviorement/laxer tree pkg/Models/baum ld1(enhanced).asset
  artifactKey: Guid(719abc69a3025404a8ad750c92b489ec) Importer(815301076,1909f56bfc062723c751e8b465ee728b)
Start importing Assets/3D/Enviorement/laxer tree pkg/Models/baum ld1(enhanced).asset using Guid(719abc69a3025404a8ad750c92b489ec) Importer(815301076,1909f56bfc062723c751e8b465ee728b)  -> (artifact id: 'dedcd01a0712042f3e64f8dfd5d64de9') in 0.022084 seconds 
========================================================================
Received Prepare
Registering precompiled user dll's ...
Registered in 0.004632 seconds.
Begin MonoManager ReloadAssembly
Symbol file LoadedFromMemory doesn't match image D:\Projects\BossBattle\Boss\Library\PackageCache\com.unity.visualscripting@1.7.8\Editor\VisualScripting.Core\Dependencies\YamlDotNet\Unity.VisualScripting.YamlDotNet.dll
Symbol file LoadedFromMemory doesn't match image D:\Projects\BossBattle\Boss\Library\PackageCache\com.unity.visualscripting@1.7.8\Editor\VisualScripting.Core\Dependencies\DotNetZip\Unity.VisualScripting.IonicZip.dll
Native extension for WindowsStandalone target not found
Native extension for iOS target not found
Native extension for Android target not found
Native extension for WebGL target not found
Refreshing native plugins compatible for Editor in 1.39 ms, found 3 plugins.
Preloading 0 native plugins for Editor in 0.00 ms.
Mono: successfully reloaded assembly
- Completed reload, in  1.604 seconds
Domain Reload Profiling:
	ReloadAssembly (1605ms)
		BeginReloadAssembly (160ms)
			ExecutionOrderSort (0ms)
			DisableScriptedObjects (6ms)
			BackupInstance (0ms)
			ReleaseScriptingObjects (0ms)
			CreateAndSetChildDomain (47ms)
		EndReloadAssembly (1317ms)
			LoadAssemblies (96ms)
			RebuildTransferFunctionScriptingTraits (0ms)
			SetupTypeCache (459ms)
			ReleaseScriptCaches (2ms)
			RebuildScriptCaches (92ms)
			SetupLoadedEditorAssemblies (566ms)
				LogAssemblyErrors (0ms)
				InitializePlatformSupportModulesInManaged (59ms)
				SetLoadedEditorAssemblies (1ms)
				RefreshPlugins (1ms)
				BeforeProcessingInitializeOnLoad (102ms)
				ProcessInitializeOnLoadAttributes (334ms)
				ProcessInitializeOnLoadMethodAttributes (63ms)
				AfterProcessingInitializeOnLoad (5ms)
				EditorAssembliesLoaded (0ms)
			ExecutionOrderSort2 (0ms)
			AwakeInstancesAfterBackupRestoration (10ms)
Platform modules already initialized, skipping
Refreshing native plugins compatible for Editor in 4.70 ms, found 3 plugins.
Preloading 0 native plugins for Editor in 0.00 ms.
Unloading 4475 Unused Serialized files (Serialized files now loaded: 0)
Unloading 20 unused Assets / (84.0 KB). Loaded Objects now: 5052.
Memory consumption went from 248.3 MB to 248.2 MB.
Total: 7.556700 ms (FindLiveObjects: 0.425200 ms CreateObjectMapping: 0.369700 ms MarkObjects: 6.518700 ms  DeleteObjects: 0.241600 ms)

AssetImportParameters requested are different than current active one (requested -> active):
  custom:video-decoder-ogg-theora: a1e56fd34408186e4bbccfd4996cb3dc -> 
  custom:container-muxer-webm: aa71ff27fc2769a1b78a27578f13a17b -> 
  custom:container-demuxer-webm: 4f35f7cbe854078d1ac9338744f61a02 -> 
  custom:video-encoder-webm-vp8: eb34c28f22e8b96e1ab97ce403110664 -> 
  custom:audio-encoder-webm-vorbis: bf7c407c2cedff20999df2af8eb42d56 -> 
  custom:framework-win-MediaFoundation: 216162199b28c13a410421893ffa2e32 -> 
  custom:container-demuxer-ogg: 62fdf1f143b41e24485cea50d1cbac27 -> 
  custom:video-decoder-webm-vp8: 9c59270c3fd7afecdb556c50c9e8de78 -> 
  custom:audio-decoder-ogg-vorbis: bf7c407c2cedff20999df2af8eb42d56 -> 
========================================================================
Received Prepare
Registering precompiled user dll's ...
Registered in 0.004237 seconds.
Begin MonoManager ReloadAssembly
Symbol file LoadedFromMemory doesn't match image D:\Projects\BossBattle\Boss\Library\PackageCache\com.unity.visualscripting@1.7.8\Editor\VisualScripting.Core\Dependencies\YamlDotNet\Unity.VisualScripting.YamlDotNet.dll
Symbol file LoadedFromMemory doesn't match image D:\Projects\BossBattle\Boss\Library\PackageCache\com.unity.visualscripting@1.7.8\Editor\VisualScripting.Core\Dependencies\DotNetZip\Unity.VisualScripting.IonicZip.dll
Native extension for WindowsStandalone target not found
Native extension for iOS target not found
Native extension for Android target not found
Native extension for WebGL target not found
Refreshing native plugins compatible for Editor in 1.78 ms, found 3 plugins.
Preloading 0 native plugins for Editor in 0.00 ms.
Mono: successfully reloaded assembly
- Completed reload, in  1.699 seconds
Domain Reload Profiling:
	ReloadAssembly (1700ms)
		BeginReloadAssembly (172ms)
			ExecutionOrderSort (0ms)
			DisableScriptedObjects (8ms)
			BackupInstance (0ms)
			ReleaseScriptingObjects (0ms)
			CreateAndSetChildDomain (53ms)
		EndReloadAssembly (1411ms)
			LoadAssemblies (97ms)
			RebuildTransferFunctionScriptingTraits (0ms)
			SetupTypeCache (534ms)
			ReleaseScriptCaches (3ms)
			RebuildScriptCaches (93ms)
			SetupLoadedEditorAssemblies (584ms)
				LogAssemblyErrors (0ms)
				InitializePlatformSupportModulesInManaged (55ms)
				SetLoadedEditorAssemblies (1ms)
				RefreshPlugins (2ms)
				BeforeProcessingInitializeOnLoad (109ms)
				ProcessInitializeOnLoadAttributes (343ms)
				ProcessInitializeOnLoadMethodAttributes (68ms)
				AfterProcessingInitializeOnLoad (6ms)
				EditorAssembliesLoaded (0ms)
			ExecutionOrderSort2 (0ms)
			AwakeInstancesAfterBackupRestoration (11ms)
Platform modules already initialized, skipping
Refreshing native plugins compatible for Editor in 2.93 ms, found 3 plugins.
Preloading 0 native plugins for Editor in 0.00 ms.
Unloading 4475 Unused Serialized files (Serialized files now loaded: 0)
Unloading 20 unused Assets / (83.9 KB). Loaded Objects now: 5056.
Memory consumption went from 248.3 MB to 248.2 MB.
Total: 3.510900 ms (FindLiveObjects: 0.369800 ms CreateObjectMapping: 0.275000 ms MarkObjects: 2.744200 ms  DeleteObjects: 0.121200 ms)

AssetImportParameters requested are different than current active one (requested -> active):
  custom:video-decoder-ogg-theora: a1e56fd34408186e4bbccfd4996cb3dc -> 
  custom:container-muxer-webm: aa71ff27fc2769a1b78a27578f13a17b -> 
  custom:container-demuxer-webm: 4f35f7cbe854078d1ac9338744f61a02 -> 
  custom:video-encoder-webm-vp8: eb34c28f22e8b96e1ab97ce403110664 -> 
  custom:audio-encoder-webm-vorbis: bf7c407c2cedff20999df2af8eb42d56 -> 
  custom:framework-win-MediaFoundation: 216162199b28c13a410421893ffa2e32 -> 
  custom:container-demuxer-ogg: 62fdf1f143b41e24485cea50d1cbac27 -> 
  custom:video-decoder-webm-vp8: 9c59270c3fd7afecdb556c50c9e8de78 -> 
  custom:audio-decoder-ogg-vorbis: bf7c407c2cedff20999df2af8eb42d56 -> 
========================================================================
Received Prepare
Registering precompiled user dll's ...
Registered in 0.004328 seconds.
Begin MonoManager ReloadAssembly
Symbol file LoadedFromMemory doesn't match image D:\Projects\BossBattle\Boss\Library\PackageCache\com.unity.visualscripting@1.7.8\Editor\VisualScripting.Core\Dependencies\YamlDotNet\Unity.VisualScripting.YamlDotNet.dll
Symbol file LoadedFromMemory doesn't match image D:\Projects\BossBattle\Boss\Library\PackageCache\com.unity.visualscripting@1.7.8\Editor\VisualScripting.Core\Dependencies\DotNetZip\Unity.VisualScripting.IonicZip.dll
Native extension for WindowsStandalone target not found
Native extension for iOS target not found
Native extension for Android target not found
Native extension for WebGL target not found
Refreshing native plugins compatible for Editor in 1.84 ms, found 3 plugins.
Preloading 0 native plugins for Editor in 0.00 ms.
Mono: successfully reloaded assembly
- Completed reload, in  1.758 seconds
Domain Reload Profiling:
	ReloadAssembly (1759ms)
		BeginReloadAssembly (167ms)
			ExecutionOrderSort (0ms)
			DisableScriptedObjects (7ms)
			BackupInstance (0ms)
			ReleaseScriptingObjects (0ms)
			CreateAndSetChildDomain (50ms)
		EndReloadAssembly (1475ms)
			LoadAssemblies (106ms)
			RebuildTransferFunctionScriptingTraits (0ms)
			SetupTypeCache (571ms)
			ReleaseScriptCaches (3ms)
			RebuildScriptCaches (95ms)
			SetupLoadedEditorAssemblies (603ms)
				LogAssemblyErrors (0ms)
				InitializePlatformSupportModulesInManaged (55ms)
				SetLoadedEditorAssemblies (1ms)
				RefreshPlugins (2ms)
				BeforeProcessingInitializeOnLoad (107ms)
				ProcessInitializeOnLoadAttributes (368ms)
				ProcessInitializeOnLoadMethodAttributes (63ms)
				AfterProcessingInitializeOnLoad (6ms)
				EditorAssembliesLoaded (0ms)
			ExecutionOrderSort2 (0ms)
			AwakeInstancesAfterBackupRestoration (10ms)
Platform modules already initialized, skipping
Refreshing native plugins compatible for Editor in 2.37 ms, found 3 plugins.
Preloading 0 native plugins for Editor in 0.00 ms.
Unloading 4475 Unused Serialized files (Serialized files now loaded: 0)
Unloading 20 unused Assets / (84.0 KB). Loaded Objects now: 5060.
Memory consumption went from 248.3 MB to 248.2 MB.
Total: 3.735300 ms (FindLiveObjects: 0.356500 ms CreateObjectMapping: 0.272400 ms MarkObjects: 2.967000 ms  DeleteObjects: 0.138500 ms)

AssetImportParameters requested are different than current active one (requested -> active):
  custom:video-decoder-ogg-theora: a1e56fd34408186e4bbccfd4996cb3dc -> 
  custom:container-muxer-webm: aa71ff27fc2769a1b78a27578f13a17b -> 
  custom:container-demuxer-webm: 4f35f7cbe854078d1ac9338744f61a02 -> 
  custom:video-encoder-webm-vp8: eb34c28f22e8b96e1ab97ce403110664 -> 
  custom:audio-encoder-webm-vorbis: bf7c407c2cedff20999df2af8eb42d56 -> 
  custom:framework-win-MediaFoundation: 216162199b28c13a410421893ffa2e32 -> 
  custom:container-demuxer-ogg: 62fdf1f143b41e24485cea50d1cbac27 -> 
  custom:video-decoder-webm-vp8: 9c59270c3fd7afecdb556c50c9e8de78 -> 
  custom:audio-decoder-ogg-vorbis: bf7c407c2cedff20999df2af8eb42d56 -> 
========================================================================
Received Import Request.
  Time since last request: 1176.355425 seconds.
  path: Assets/3D/Enviorement/YughuesFreeBushes2018/Prefabs/P_Bush02.prefab
  artifactKey: Guid(0cc0db2b14252644da9f1f74ed0c8f90) Importer(815301076,1909f56bfc062723c751e8b465ee728b)
Start importing Assets/3D/Enviorement/YughuesFreeBushes2018/Prefabs/P_Bush02.prefab using Guid(0cc0db2b14252644da9f1f74ed0c8f90) Importer(815301076,1909f56bfc062723c751e8b465ee728b)  -> (artifact id: 'a1c9b28c45b7c270ae5bdb8ed2aafa3b') in 0.336233 seconds 
========================================================================
Received Import Request.
  Time since last request: 0.000023 seconds.
  path: Assets/3D/Enviorement/YughuesFreeBushes2018/Prefabs/P_Bush05.prefab
  artifactKey: Guid(431e05c5e2b18ba4fa6b3b0a6f687786) Importer(815301076,1909f56bfc062723c751e8b465ee728b)
Start importing Assets/3D/Enviorement/YughuesFreeBushes2018/Prefabs/P_Bush05.prefab using Guid(431e05c5e2b18ba4fa6b3b0a6f687786) Importer(815301076,1909f56bfc062723c751e8b465ee728b)  -> (artifact id: 'd94116010b5ffbce99711837fae773af') in 0.033141 seconds 
========================================================================
Received Import Request.
  Time since last request: 0.000026 seconds.
  path: Assets/3D/Enviorement/YughuesFreeBushes2018/Prefabs/P_Bush04.prefab
  artifactKey: Guid(e334e6614ad50f749b0a37528784c614) Importer(815301076,1909f56bfc062723c751e8b465ee728b)
Start importing Assets/3D/Enviorement/YughuesFreeBushes2018/Prefabs/P_Bush04.prefab using Guid(e334e6614ad50f749b0a37528784c614) Importer(815301076,1909f56bfc062723c751e8b465ee728b)  -> (artifact id: '1338b418c7119ffe15aaab68bfe30636') in 0.023835 seconds 
========================================================================
Received Import Request.
  Time since last request: 398.977735 seconds.
  path: Assets/3D/Enviorement/YughuesFreeBushes2018/Meshes/Bush02.FBX
  artifactKey: Guid(41212a0a5585e0243b25926856a1c30c) Importer(815301076,1909f56bfc062723c751e8b465ee728b)
Start importing Assets/3D/Enviorement/YughuesFreeBushes2018/Meshes/Bush02.FBX using Guid(41212a0a5585e0243b25926856a1c30c) Importer(815301076,1909f56bfc062723c751e8b465ee728b)  -> (artifact id: '1c7e87b8ef8449c898239865f4e84223') in 0.084135 seconds 
========================================================================
Received Import Request.
  Time since last request: 0.000034 seconds.
  path: Assets/3D/Enviorement/YughuesFreeBushes2018/Meshes/Bush05.FBX
  artifactKey: Guid(fe3ef29f6dae00344b41413c90b4cc57) Importer(815301076,1909f56bfc062723c751e8b465ee728b)
Start importing Assets/3D/Enviorement/YughuesFreeBushes2018/Meshes/Bush05.FBX using Guid(fe3ef29f6dae00344b41413c90b4cc57) Importer(815301076,1909f56bfc062723c751e8b465ee728b)  -> (artifact id: '23bca241cd940b956cc00919db54fe58') in 0.066657 seconds 
========================================================================
Received Import Request.
  Time since last request: 0.000034 seconds.
  path: Assets/3D/Enviorement/YughuesFreeBushes2018/Meshes/Bush03.FBX
  artifactKey: Guid(3d529691bc8baa249a469045aae25cf5) Importer(815301076,1909f56bfc062723c751e8b465ee728b)
Start importing Assets/3D/Enviorement/YughuesFreeBushes2018/Meshes/Bush03.FBX using Guid(3d529691bc8baa249a469045aae25cf5) Importer(815301076,1909f56bfc062723c751e8b465ee728b)  -> (artifact id: 'f8c56b7df1e47485ba35ef1fe84c5664') in 0.159331 seconds 
========================================================================
Received Import Request.
  Time since last request: 0.029991 seconds.
  path: Assets/3D/Enviorement/YughuesFreeBushes2018/Materials/M_Bush02.mat
  artifactKey: Guid(df6c952ce6b06b649866e65546e9bb38) Importer(815301076,1909f56bfc062723c751e8b465ee728b)
Start importing Assets/3D/Enviorement/YughuesFreeBushes2018/Materials/M_Bush02.mat using Guid(df6c952ce6b06b649866e65546e9bb38) Importer(815301076,1909f56bfc062723c751e8b465ee728b)  -> (artifact id: 'e6c6dbbbf1b44b11ff5ab3c475c8b9b5') in 0.037557 seconds 
========================================================================
Received Import Request.
  Time since last request: 0.000026 seconds.
  path: Assets/3D/Enviorement/YughuesFreeBushes2018/Materials/M_Bush05.mat
  artifactKey: Guid(539e6efd36fe10a4682b450875379c55) Importer(815301076,1909f56bfc062723c751e8b465ee728b)
Start importing Assets/3D/Enviorement/YughuesFreeBushes2018/Materials/M_Bush05.mat using Guid(539e6efd36fe10a4682b450875379c55) Importer(815301076,1909f56bfc062723c751e8b465ee728b)  -> (artifact id: 'd733929dc92eb3768cb45cc4a394ed2c') in 0.025393 seconds 
========================================================================
Received Import Request.
  Time since last request: 0.000028 seconds.
  path: Assets/3D/Enviorement/YughuesFreeBushes2018/Materials/M_Bush04.mat
  artifactKey: Guid(8c8101c25cb4f824c8b8334e85e32af9) Importer(815301076,1909f56bfc062723c751e8b465ee728b)
Start importing Assets/3D/Enviorement/YughuesFreeBushes2018/Materials/M_Bush04.mat using Guid(8c8101c25cb4f824c8b8334e85e32af9) Importer(815301076,1909f56bfc062723c751e8b465ee728b)  -> (artifact id: '4c10c813d1b282278f6932b64d134c6b') in 0.023211 seconds 
