Using pre-set license
Built from '2021.3/staging' branch; Version is '2021.3.11f1 (0a5ca18544bf) revision 679073'; Using compiler version '192829333'; Build Type 'Release'
OS: 'Windows 10  (10.0.19044) 64bit Professional' Language: 'fr' Physical Memory: 16266 MB
BatchMode: 1, IsHumanControllingUs: 0, StartBugReporterOnCrash: 0, Is64bit: 1, IsPro: 1

COMMAND LINE ARGUMENTS:
D:\Programmes\Unity\Hub\Editor\2021.3.11f1\Editor\Unity.exe
-adb2
-batchMode
-noUpm
-name
AssetImportWorker0
-projectPath
D:/Projects/BossBattle/Boss
-logFile
Logs/AssetImportWorker0.log
-srvPort
56687
Successfully changed project path to: D:/Projects/BossBattle/Boss
D:/Projects/BossBattle/Boss
[UnityMemory] Configuration Parameters - Can be set up in boot.config
    "memorysetup-bucket-allocator-granularity=16"
    "memorysetup-bucket-allocator-bucket-count=8"
    "memorysetup-bucket-allocator-block-size=33554432"
    "memorysetup-bucket-allocator-block-count=8"
    "memorysetup-main-allocator-block-size=16777216"
    "memorysetup-thread-allocator-block-size=16777216"
    "memorysetup-gfx-main-allocator-block-size=16777216"
    "memorysetup-gfx-thread-allocator-block-size=16777216"
    "memorysetup-cache-allocator-block-size=4194304"
    "memorysetup-typetree-allocator-block-size=2097152"
    "memorysetup-profiler-bucket-allocator-granularity=16"
    "memorysetup-profiler-bucket-allocator-bucket-count=8"
    "memorysetup-profiler-bucket-allocator-block-size=33554432"
    "memorysetup-profiler-bucket-allocator-block-count=8"
    "memorysetup-profiler-allocator-block-size=16777216"
    "memorysetup-profiler-editor-allocator-block-size=1048576"
    "memorysetup-temp-allocator-size-main=16777216"
    "memorysetup-job-temp-allocator-block-size=2097152"
    "memorysetup-job-temp-allocator-block-size-background=1048576"
    "memorysetup-job-temp-allocator-reduction-small-platforms=262144"
    "memorysetup-temp-allocator-size-background-worker=32768"
    "memorysetup-temp-allocator-size-job-worker=262144"
    "memorysetup-temp-allocator-size-preload-manager=33554432"
    "memorysetup-temp-allocator-size-nav-mesh-worker=65536"
    "memorysetup-temp-allocator-size-audio-worker=65536"
    "memorysetup-temp-allocator-size-cloud-worker=32768"
    "memorysetup-temp-allocator-size-gi-baking-worker=262144"
    "memorysetup-temp-allocator-size-gfx=262144"
Refreshing native plugins compatible for Editor in 190.36 ms, found 3 plugins.
Preloading 0 native plugins for Editor in 0.00 ms.
Initialize engine version: 2021.3.11f1 (0a5ca18544bf)
[Subsystems] Discovering subsystems at path D:/Programmes/Unity/Hub/Editor/2021.3.11f1/Editor/Data/Resources/UnitySubsystems
[Subsystems] Discovering subsystems at path D:/Projects/BossBattle/Boss/Assets
GfxDevice: creating device client; threaded=0; jobified=0
Direct3D:
    Version:  Direct3D 11.0 [level 11.1]
    Renderer: NVIDIA GeForce GTX 1050 (ID=0x1c8d)
    Vendor:   NVIDIA
    VRAM:     4021 MB
    Driver:   27.21.14.6140
Initialize mono
Mono path[0] = 'D:/Programmes/Unity/Hub/Editor/2021.3.11f1/Editor/Data/Managed'
Mono path[1] = 'D:/Programmes/Unity/Hub/Editor/2021.3.11f1/Editor/Data/MonoBleedingEdge/lib/mono/unityjit-win32'
Mono config path = 'D:/Programmes/Unity/Hub/Editor/2021.3.11f1/Editor/Data/MonoBleedingEdge/etc'
Using monoOptions --debugger-agent=transport=dt_socket,embedding=1,server=y,suspend=n,address=127.0.0.1:56712
Begin MonoManager ReloadAssembly
Registering precompiled unity dll's ...
Register platform support module: D:/Programmes/Unity/Hub/Editor/2021.3.11f1/Editor/Data/PlaybackEngines/WebGLSupport/UnityEditor.WebGL.Extensions.dll
Register platform support module: D:/Programmes/Unity/Hub/Editor/2021.3.11f1/Editor/Data/PlaybackEngines/AndroidPlayer/UnityEditor.Android.Extensions.dll
Register platform support module: D:/Programmes/Unity/Hub/Editor/2021.3.11f1/Editor/Data/PlaybackEngines/iOSSupport/UnityEditor.iOS.Extensions.dll
Register platform support module: D:/Programmes/Unity/Hub/Editor/2021.3.11f1/Editor/Data/PlaybackEngines/WindowsStandaloneSupport/UnityEditor.WindowsStandalone.Extensions.dll
Registered in 0.006807 seconds.
Native extension for WindowsStandalone target not found
[usbmuxd] Start listen thread
[usbmuxd] Listen thread started
Native extension for iOS target not found
Native extension for Android target not found
Native extension for WebGL target not found
Refreshing native plugins compatible for Editor in 175.05 ms, found 3 plugins.
Preloading 0 native plugins for Editor in 0.00 ms.
Mono: successfully reloaded assembly
- Completed reload, in  0.919 seconds
Domain Reload Profiling:
	ReloadAssembly (919ms)
		BeginReloadAssembly (94ms)
			ExecutionOrderSort (0ms)
			DisableScriptedObjects (0ms)
			BackupInstance (0ms)
			ReleaseScriptingObjects (0ms)
			CreateAndSetChildDomain (1ms)
		EndReloadAssembly (706ms)
			LoadAssemblies (95ms)
			RebuildTransferFunctionScriptingTraits (0ms)
			SetupTypeCache (152ms)
			ReleaseScriptCaches (0ms)
			RebuildScriptCaches (37ms)
			SetupLoadedEditorAssemblies (463ms)
				LogAssemblyErrors (0ms)
				InitializePlatformSupportModulesInManaged (86ms)
				SetLoadedEditorAssemblies (0ms)
				RefreshPlugins (175ms)
				BeforeProcessingInitializeOnLoad (1ms)
				ProcessInitializeOnLoadAttributes (132ms)
				ProcessInitializeOnLoadMethodAttributes (69ms)
				AfterProcessingInitializeOnLoad (0ms)
				EditorAssembliesLoaded (0ms)
			ExecutionOrderSort2 (0ms)
			AwakeInstancesAfterBackupRestoration (0ms)
Platform modules already initialized, skipping
Registering precompiled user dll's ...
Registered in 0.006016 seconds.
Begin MonoManager ReloadAssembly
Symbol file LoadedFromMemory doesn't match image D:\Projects\BossBattle\Boss\Library\PackageCache\com.unity.visualscripting@1.7.8\Editor\VisualScripting.Core\Dependencies\YamlDotNet\Unity.VisualScripting.YamlDotNet.dll
Symbol file LoadedFromMemory doesn't match image D:\Projects\BossBattle\Boss\Library\PackageCache\com.unity.visualscripting@1.7.8\Editor\VisualScripting.Core\Dependencies\DotNetZip\Unity.VisualScripting.IonicZip.dll
Native extension for WindowsStandalone target not found
Native extension for iOS target not found
Native extension for Android target not found
Native extension for WebGL target not found
Refreshing native plugins compatible for Editor in 1.05 ms, found 3 plugins.
Preloading 0 native plugins for Editor in 0.00 ms.
Mono: successfully reloaded assembly
- Completed reload, in  1.663 seconds
Domain Reload Profiling:
	ReloadAssembly (1664ms)
		BeginReloadAssembly (360ms)
			ExecutionOrderSort (0ms)
			DisableScriptedObjects (25ms)
			BackupInstance (0ms)
			ReleaseScriptingObjects (0ms)
			CreateAndSetChildDomain (173ms)
		EndReloadAssembly (1168ms)
			LoadAssemblies (94ms)
			RebuildTransferFunctionScriptingTraits (0ms)
			SetupTypeCache (393ms)
			ReleaseScriptCaches (1ms)
			RebuildScriptCaches (109ms)
			SetupLoadedEditorAssemblies (515ms)
				LogAssemblyErrors (0ms)
				InitializePlatformSupportModulesInManaged (31ms)
				SetLoadedEditorAssemblies (1ms)
				RefreshPlugins (1ms)
				BeforeProcessingInitializeOnLoad (119ms)
				ProcessInitializeOnLoadAttributes (295ms)
				ProcessInitializeOnLoadMethodAttributes (65ms)
				AfterProcessingInitializeOnLoad (4ms)
				EditorAssembliesLoaded (0ms)
			ExecutionOrderSort2 (0ms)
			AwakeInstancesAfterBackupRestoration (9ms)
Platform modules already initialized, skipping
========================================================================
Worker process is ready to serve import requests
Launched and connected shader compiler UnityShaderCompiler.exe after 0.06 seconds
Refreshing native plugins compatible for Editor in 1.54 ms, found 3 plugins.
Preloading 0 native plugins for Editor in 0.00 ms.
Unloading 4499 Unused Serialized files (Serialized files now loaded: 0)
Unloading 28 unused Assets / (115.0 KB). Loaded Objects now: 4987.
Memory consumption went from 172.4 MB to 172.2 MB.
Total: 7.020500 ms (FindLiveObjects: 0.505500 ms CreateObjectMapping: 0.498200 ms MarkObjects: 5.774900 ms  DeleteObjects: 0.240500 ms)

AssetImportParameters requested are different than current active one (requested -> active):
  custom:video-decoder-ogg-theora: a1e56fd34408186e4bbccfd4996cb3dc -> 
  custom:container-muxer-webm: aa71ff27fc2769a1b78a27578f13a17b -> 
  custom:container-demuxer-webm: 4f35f7cbe854078d1ac9338744f61a02 -> 
  custom:video-encoder-webm-vp8: eb34c28f22e8b96e1ab97ce403110664 -> 
  custom:audio-encoder-webm-vorbis: bf7c407c2cedff20999df2af8eb42d56 -> 
  custom:framework-win-MediaFoundation: 216162199b28c13a410421893ffa2e32 -> 
  custom:container-demuxer-ogg: 62fdf1f143b41e24485cea50d1cbac27 -> 
  custom:video-decoder-webm-vp8: 9c59270c3fd7afecdb556c50c9e8de78 -> 
  custom:audio-decoder-ogg-vorbis: bf7c407c2cedff20999df2af8eb42d56 -> 
========================================================================
Received Import Request.
  Time since last request: 29732.893038 seconds.
  path: Assets/Plugins/GameCreator/Examples/Utilities/Materials/TriggerGrid.mat
  artifactKey: Guid(82096aab38f01cb40a1cbf8629a810ba) Importer(815301076,1909f56bfc062723c751e8b465ee728b)
Start importing Assets/Plugins/GameCreator/Examples/Utilities/Materials/TriggerGrid.mat using Guid(82096aab38f01cb40a1cbf8629a810ba) Importer(815301076,1909f56bfc062723c751e8b465ee728b)  -> (artifact id: 'fe8c084febc4f99b96b0348c7f19fe3d') in 0.450223 seconds 
========================================================================
Received Import Request.
  Time since last request: 0.000043 seconds.
  path: Assets/PivecLabs/ActionPack3/Examples/ExampleResources/Materials/TreeC_Leaf.mat
  artifactKey: Guid(ef2ceb2efcff21d44b16750710fc87ae) Importer(815301076,1909f56bfc062723c751e8b465ee728b)
Start importing Assets/PivecLabs/ActionPack3/Examples/ExampleResources/Materials/TreeC_Leaf.mat using Guid(ef2ceb2efcff21d44b16750710fc87ae) Importer(815301076,1909f56bfc062723c751e8b465ee728b)  -> (artifact id: 'b66139150a55528bdb0dc101edc67626') in 0.139530 seconds 
========================================================================
Received Import Request.
  Time since last request: 0.000042 seconds.
  path: Assets/PivecLabs/ActionPack3/Examples/ExampleResources/Materials/TreeB_Leaf.mat
  artifactKey: Guid(dc08bd9a1d9f68741a300183fd2f604c) Importer(815301076,1909f56bfc062723c751e8b465ee728b)
Start importing Assets/PivecLabs/ActionPack3/Examples/ExampleResources/Materials/TreeB_Leaf.mat using Guid(dc08bd9a1d9f68741a300183fd2f604c) Importer(815301076,1909f56bfc062723c751e8b465ee728b)  -> (artifact id: 'd9b5204d4b89ab0d0517d861400c86c4') in 0.018312 seconds 
========================================================================
Received Import Request.
  Time since last request: 0.000031 seconds.
  path: Assets/PivecLabs/ActionPack3/Examples/ExampleResources/Materials/Snow.mat
  artifactKey: Guid(c792bad565d8e40e598b58069040a11f) Importer(815301076,1909f56bfc062723c751e8b465ee728b)
Start importing Assets/PivecLabs/ActionPack3/Examples/ExampleResources/Materials/Snow.mat using Guid(c792bad565d8e40e598b58069040a11f) Importer(815301076,1909f56bfc062723c751e8b465ee728b)  -> (artifact id: '34ebe2d5678ed5f7ef01e3ca72cbfcea') in 0.076518 seconds 
========================================================================
Received Import Request.
  Time since last request: 0.000021 seconds.
  path: Assets/Plugins/GameCreator/ShooterExample/Assets/Weapons/Grenade/_Materials/Trajectory.mat
  artifactKey: Guid(dc7c11a237c064008a409005c1cfecad) Importer(815301076,1909f56bfc062723c751e8b465ee728b)
Start importing Assets/Plugins/GameCreator/ShooterExample/Assets/Weapons/Grenade/_Materials/Trajectory.mat using Guid(dc7c11a237c064008a409005c1cfecad) Importer(815301076,1909f56bfc062723c751e8b465ee728b)  -> (artifact id: 'ba58db63a49e5fba16997df76efd44b9') in 0.042520 seconds 
========================================================================
Received Import Request.
  Time since last request: 0.000024 seconds.
  path: Assets/Plugins/FireChickenGames/CombatExamples/Assets/Materials/White.mat
  artifactKey: Guid(821672edb92b442dba3332281cef6916) Importer(815301076,1909f56bfc062723c751e8b465ee728b)
Start importing Assets/Plugins/FireChickenGames/CombatExamples/Assets/Materials/White.mat using Guid(821672edb92b442dba3332281cef6916) Importer(815301076,1909f56bfc062723c751e8b465ee728b)  -> (artifact id: '9b38be767875372437493819ec78f8d7') in 0.020559 seconds 
========================================================================
Received Import Request.
  Time since last request: 0.000025 seconds.
  path: Assets/Plugins/GameCreator/MeleeExamples/Assets/Materials/Slash.mat
  artifactKey: Guid(bd5ef410d675441c78ce115ba4c6e478) Importer(815301076,1909f56bfc062723c751e8b465ee728b)
Start importing Assets/Plugins/GameCreator/MeleeExamples/Assets/Materials/Slash.mat using Guid(bd5ef410d675441c78ce115ba4c6e478) Importer(815301076,1909f56bfc062723c751e8b465ee728b)  -> (artifact id: '01bc8daaf5c7462c8a92fa2bc2c27523') in 0.118198 seconds 
========================================================================
Received Import Request.
  Time since last request: 0.000023 seconds.
  path: Assets/PivecLabs/ActionPack3/Examples/ExampleResources/Materials/TreeB_Bark.mat
  artifactKey: Guid(dafbe2906e80503449a15e076c0958aa) Importer(815301076,1909f56bfc062723c751e8b465ee728b)
Start importing Assets/PivecLabs/ActionPack3/Examples/ExampleResources/Materials/TreeB_Bark.mat using Guid(dafbe2906e80503449a15e076c0958aa) Importer(815301076,1909f56bfc062723c751e8b465ee728b)  -> (artifact id: '763988e14f196a87b1054343898baf97') in 0.017075 seconds 
========================================================================
Received Import Request.
  Time since last request: 0.000066 seconds.
  path: Assets/Plugins/GameCreator/ShooterExample/Assets/Weapons/Revolver/_Materials/Smoke.mat
  artifactKey: Guid(de9ade8c043f94388a8c907a4c36601e) Importer(815301076,1909f56bfc062723c751e8b465ee728b)
Start importing Assets/Plugins/GameCreator/ShooterExample/Assets/Weapons/Revolver/_Materials/Smoke.mat using Guid(de9ade8c043f94388a8c907a4c36601e) Importer(815301076,1909f56bfc062723c751e8b465ee728b)  -> (artifact id: 'b3c6ff5af66ffff312ad629b2c8774b6') in 2.494576 seconds 
========================================================================
Received Import Request.
  Time since last request: 0.000051 seconds.
  path: Assets/PivecLabs/ActionPack3/Examples/ExampleResources/Materials/TreeC_Bark.mat
  artifactKey: Guid(d145cd14fc8b6a541bd9f5c6ee492f0d) Importer(815301076,1909f56bfc062723c751e8b465ee728b)
Start importing Assets/PivecLabs/ActionPack3/Examples/ExampleResources/Materials/TreeC_Bark.mat using Guid(d145cd14fc8b6a541bd9f5c6ee492f0d) Importer(815301076,1909f56bfc062723c751e8b465ee728b)  -> (artifact id: 'ba264e3d202ec1436052ab6afba8c821') in 0.017798 seconds 
========================================================================
Received Import Request.
  Time since last request: 0.264208 seconds.
  path: Assets/Plugins/GameCreator/ShooterExample/Assets/Materials/Red.mat
  artifactKey: Guid(fade9070a0a12426c9bcf32d7f074efc) Importer(815301076,1909f56bfc062723c751e8b465ee728b)
Start importing Assets/Plugins/GameCreator/ShooterExample/Assets/Materials/Red.mat using Guid(fade9070a0a12426c9bcf32d7f074efc) Importer(815301076,1909f56bfc062723c751e8b465ee728b)  -> (artifact id: '30d2416d683a66d3c0207eb40c340bb8') in 0.485907 seconds 
========================================================================
Received Import Request.
  Time since last request: 0.145132 seconds.
  path: Assets/Plugins/FireChickenGames/CombatExamples/Assets/Materials/Orange.mat
  artifactKey: Guid(9b46d4a1c125f4fe89fff825e7f7f359) Importer(815301076,1909f56bfc062723c751e8b465ee728b)
Start importing Assets/Plugins/FireChickenGames/CombatExamples/Assets/Materials/Orange.mat using Guid(9b46d4a1c125f4fe89fff825e7f7f359) Importer(815301076,1909f56bfc062723c751e8b465ee728b)  -> (artifact id: '825167b1d694df4ea7051fa5e2a2c028') in 0.025823 seconds 
========================================================================
Received Import Request.
  Time since last request: 1852.654612 seconds.
  path: Assets/Toby Fredson/Dwarven Expedition Pack - Stylized Assets
  artifactKey: Guid(53787cd94206fb940ad5722a088a2d85) Importer(815301076,1909f56bfc062723c751e8b465ee728b)
Start importing Assets/Toby Fredson/Dwarven Expedition Pack - Stylized Assets using Guid(53787cd94206fb940ad5722a088a2d85) Importer(815301076,1909f56bfc062723c751e8b465ee728b)  -> (artifact id: '3f028a3fd1b8be23cbb3d17aeeaed441') in 0.006081 seconds 
========================================================================
Received Import Request.
  Time since last request: 31.479472 seconds.
  path: Assets/3D
  artifactKey: Guid(24a71319f863e5c4fa5dac789880a4f2) Importer(815301076,1909f56bfc062723c751e8b465ee728b)
Start importing Assets/3D using Guid(24a71319f863e5c4fa5dac789880a4f2) Importer(815301076,1909f56bfc062723c751e8b465ee728b)  -> (artifact id: '37970f4f469f40929e5083e45934fea0') in 0.006260 seconds 
========================================================================
Received Import Request.
  Time since last request: 14.807986 seconds.
  path: Assets/3D/Enviorement
  artifactKey: Guid(2da7d0ab12e7e78498ab803c2c921915) Importer(815301076,1909f56bfc062723c751e8b465ee728b)
Start importing Assets/3D/Enviorement using Guid(2da7d0ab12e7e78498ab803c2c921915) Importer(815301076,1909f56bfc062723c751e8b465ee728b)  -> (artifact id: 'c8f01af67717ec29b8355f879731539e') in 0.008446 seconds 
========================================================================
Received Import Request.
  Time since last request: 3.130054 seconds.
  path: Assets/3D/Enviorement/Dwarven Expedition Pack - Stylized Assets/Materials
  artifactKey: Guid(108e1e8036da843408f6a02e15a7b3d5) Importer(815301076,1909f56bfc062723c751e8b465ee728b)
Start importing Assets/3D/Enviorement/Dwarven Expedition Pack - Stylized Assets/Materials using Guid(108e1e8036da843408f6a02e15a7b3d5) Importer(815301076,1909f56bfc062723c751e8b465ee728b)  -> (artifact id: '767923c3030b4bfc56c34d72970d1bc8') in 0.069068 seconds 
========================================================================
Received Import Request.
  Time since last request: 0.008285 seconds.
  path: Assets/3D/Enviorement/Dwarven Expedition Pack - Stylized Assets/Materials/DungeonGateDEP_ST.mat
  artifactKey: Guid(db872190dd6beda4f8d77f0a3d7496ef) Importer(815301076,1909f56bfc062723c751e8b465ee728b)
Start importing Assets/3D/Enviorement/Dwarven Expedition Pack - Stylized Assets/Materials/DungeonGateDEP_ST.mat using Guid(db872190dd6beda4f8d77f0a3d7496ef) Importer(815301076,1909f56bfc062723c751e8b465ee728b)  -> (artifact id: 'c26c55f1abfa52fc516d999f635b370e') in 0.527748 seconds 
========================================================================
Received Import Request.
  Time since last request: 0.000036 seconds.
  path: Assets/3D/Enviorement/Dwarven Expedition Pack - Stylized Assets/Materials/New Material.mat
  artifactKey: Guid(f51a06c588d4569419404f9e8c3f425e) Importer(815301076,1909f56bfc062723c751e8b465ee728b)
Start importing Assets/3D/Enviorement/Dwarven Expedition Pack - Stylized Assets/Materials/New Material.mat using Guid(f51a06c588d4569419404f9e8c3f425e) Importer(815301076,1909f56bfc062723c751e8b465ee728b)  -> (artifact id: '1761edf61df058a138a582b9caa13f3f') in 0.353779 seconds 
========================================================================
Received Import Request.
  Time since last request: 0.000045 seconds.
  path: Assets/3D/Enviorement/Dwarven Expedition Pack - Stylized Assets/Materials/StoneArchDEP_ST.mat
  artifactKey: Guid(fb5e3a3fa2012614a9b0635e75754245) Importer(815301076,1909f56bfc062723c751e8b465ee728b)
Start importing Assets/3D/Enviorement/Dwarven Expedition Pack - Stylized Assets/Materials/StoneArchDEP_ST.mat using Guid(fb5e3a3fa2012614a9b0635e75754245) Importer(815301076,1909f56bfc062723c751e8b465ee728b)  -> (artifact id: '63ed68b3386e01cdf3f4c24b30b375bb') in 0.146756 seconds 
========================================================================
Received Import Request.
  Time since last request: 0.000031 seconds.
  path: Assets/3D/Enviorement/Dwarven Expedition Pack - Stylized Assets/Materials/SuportBeamsDEP_ST.mat
  artifactKey: Guid(ab3ba6e4563fc554f9c03138239143aa) Importer(815301076,1909f56bfc062723c751e8b465ee728b)
Start importing Assets/3D/Enviorement/Dwarven Expedition Pack - Stylized Assets/Materials/SuportBeamsDEP_ST.mat using Guid(ab3ba6e4563fc554f9c03138239143aa) Importer(815301076,1909f56bfc062723c751e8b465ee728b)  -> (artifact id: 'e6aaf04ffe885728d787d3453ff43470') in 0.039993 seconds 
========================================================================
Received Import Request.
  Time since last request: 0.000079 seconds.
  path: Assets/3D/Enviorement/Dwarven Expedition Pack - Stylized Assets/Materials/SandStoneDEEP C.mat
  artifactKey: Guid(c5440f18b5ebf65439a4bc51f93d46d5) Importer(815301076,1909f56bfc062723c751e8b465ee728b)
Start importing Assets/3D/Enviorement/Dwarven Expedition Pack - Stylized Assets/Materials/SandStoneDEEP C.mat using Guid(c5440f18b5ebf65439a4bc51f93d46d5) Importer(815301076,1909f56bfc062723c751e8b465ee728b)  -> (artifact id: '6d6210947df8b6cbb4831168babeb276') in 0.402699 seconds 
========================================================================
Received Import Request.
  Time since last request: 0.000048 seconds.
  path: Assets/3D/Enviorement/Dwarven Expedition Pack - Stylized Assets/Materials/DungeonStructureTowerDEP_ST.mat
  artifactKey: Guid(2697c580dc1962c4f9786a4da0e12629) Importer(815301076,1909f56bfc062723c751e8b465ee728b)
Start importing Assets/3D/Enviorement/Dwarven Expedition Pack - Stylized Assets/Materials/DungeonStructureTowerDEP_ST.mat using Guid(2697c580dc1962c4f9786a4da0e12629) Importer(815301076,1909f56bfc062723c751e8b465ee728b)  -> (artifact id: '7df608fe0b94c57252c62d28d822bd3c') in 0.082365 seconds 
========================================================================
Received Import Request.
  Time since last request: 0.000068 seconds.
  path: Assets/3D/Enviorement/Dwarven Expedition Pack - Stylized Assets/Materials/StoneTileADEP_ST.mat
  artifactKey: Guid(3fa6411b52a9b3c41af08015cdfb491c) Importer(815301076,1909f56bfc062723c751e8b465ee728b)
Start importing Assets/3D/Enviorement/Dwarven Expedition Pack - Stylized Assets/Materials/StoneTileADEP_ST.mat using Guid(3fa6411b52a9b3c41af08015cdfb491c) Importer(815301076,1909f56bfc062723c751e8b465ee728b)  -> (artifact id: '6dc3dfc83b2450c12f59e5ee6ef3fe2f') in 0.038575 seconds 
========================================================================
Received Import Request.
  Time since last request: 0.000047 seconds.
  path: Assets/3D/Enviorement/Dwarven Expedition Pack - Stylized Assets/Materials/RawStoneDEP_ST.mat
  artifactKey: Guid(efc0af282d36bdb4d83ebe2fe7331187) Importer(815301076,1909f56bfc062723c751e8b465ee728b)
Start importing Assets/3D/Enviorement/Dwarven Expedition Pack - Stylized Assets/Materials/RawStoneDEP_ST.mat using Guid(efc0af282d36bdb4d83ebe2fe7331187) Importer(815301076,1909f56bfc062723c751e8b465ee728b)  -> (artifact id: 'a2910395e1697d697480dc5439f80325') in 0.278325 seconds 
========================================================================
Received Import Request.
  Time since last request: 37.878824 seconds.
  path: Assets/3D/Enviorement/Dwarven Expedition Pack - Stylized Assets/FreePack vs Full Pack
  artifactKey: Guid(f78680666c76c5645a441231c58b9df1) Importer(815301076,1909f56bfc062723c751e8b465ee728b)
Start importing Assets/3D/Enviorement/Dwarven Expedition Pack - Stylized Assets/FreePack vs Full Pack using Guid(f78680666c76c5645a441231c58b9df1) Importer(815301076,1909f56bfc062723c751e8b465ee728b)  -> (artifact id: '06c6ad2a9812539c2a0dc57a35418846') in 0.007112 seconds 
========================================================================
Received Import Request.
  Time since last request: 0.000028 seconds.
  path: Assets/3D/Enviorement/Dwarven Expedition Pack - Stylized Assets/FreePack vs Full Pack/Full Pack.jpg
  artifactKey: Guid(16a9db3850161c8409d918081fbbae62) Importer(815301076,1909f56bfc062723c751e8b465ee728b)
Start importing Assets/3D/Enviorement/Dwarven Expedition Pack - Stylized Assets/FreePack vs Full Pack/Full Pack.jpg using Guid(16a9db3850161c8409d918081fbbae62) Importer(815301076,1909f56bfc062723c751e8b465ee728b)  -> (artifact id: 'c0acbde8753558680c7f3ce55c36aa79') in 0.032480 seconds 
========================================================================
Received Import Request.
  Time since last request: 6.957118 seconds.
  path: Assets/3D/Enviorement/Dwarven Expedition Pack - Stylized Assets/Models
  artifactKey: Guid(fdf6563d133a25f47affd8f64c0d260b) Importer(815301076,1909f56bfc062723c751e8b465ee728b)
Start importing Assets/3D/Enviorement/Dwarven Expedition Pack - Stylized Assets/Models using Guid(fdf6563d133a25f47affd8f64c0d260b) Importer(815301076,1909f56bfc062723c751e8b465ee728b)  -> (artifact id: '5ecb5c5b57e617b4241b852cb8248e3e') in 0.007061 seconds 
========================================================================
Received Import Request.
  Time since last request: 0.053041 seconds.
  path: Assets/3D/Enviorement/Dwarven Expedition Pack - Stylized Assets/Models/Dirctions.fbx
  artifactKey: Guid(5ba48a5df40adc2488fbf4f1253c9f9f) Importer(815301076,1909f56bfc062723c751e8b465ee728b)
Start importing Assets/3D/Enviorement/Dwarven Expedition Pack - Stylized Assets/Models/Dirctions.fbx using Guid(5ba48a5df40adc2488fbf4f1253c9f9f) Importer(815301076,1909f56bfc062723c751e8b465ee728b)  -> (artifact id: '45f68cb7760be2176d8e6af52a127f22') in 0.164493 seconds 
========================================================================
Received Import Request.
  Time since last request: 0.000043 seconds.
  path: Assets/3D/Enviorement/Dwarven Expedition Pack - Stylized Assets/Models/WallPropsBottomB_ST.fbx
  artifactKey: Guid(b02adadd5bc61b24db65519981458219) Importer(815301076,1909f56bfc062723c751e8b465ee728b)
Start importing Assets/3D/Enviorement/Dwarven Expedition Pack - Stylized Assets/Models/WallPropsBottomB_ST.fbx using Guid(b02adadd5bc61b24db65519981458219) Importer(815301076,1909f56bfc062723c751e8b465ee728b)  -> (artifact id: '673a51fdbc8b1b0ba9b349a80c66650e') in 0.026048 seconds 
========================================================================
Received Import Request.
  Time since last request: 0.000035 seconds.
  path: Assets/3D/Enviorement/Dwarven Expedition Pack - Stylized Assets/Models/SuportBeamDDEP_ST.fbx
  artifactKey: Guid(f3a2699f825a7f341bb8d15facee3980) Importer(815301076,1909f56bfc062723c751e8b465ee728b)
Start importing Assets/3D/Enviorement/Dwarven Expedition Pack - Stylized Assets/Models/SuportBeamDDEP_ST.fbx using Guid(f3a2699f825a7f341bb8d15facee3980) Importer(815301076,1909f56bfc062723c751e8b465ee728b)  -> (artifact id: '5c05bcd01d5099cd8ae032900cfdf1a5') in 0.029553 seconds 
========================================================================
Received Import Request.
  Time since last request: 0.000035 seconds.
  path: Assets/3D/Enviorement/Dwarven Expedition Pack - Stylized Assets/Models/Dwarven Dungeon Entrance_Scene.fbx
  artifactKey: Guid(eb9e95a556e5c564b8353689b7a14f6a) Importer(815301076,1909f56bfc062723c751e8b465ee728b)
Start importing Assets/3D/Enviorement/Dwarven Expedition Pack - Stylized Assets/Models/Dwarven Dungeon Entrance_Scene.fbx using Guid(eb9e95a556e5c564b8353689b7a14f6a) Importer(815301076,1909f56bfc062723c751e8b465ee728b)  -> (artifact id: '696007737d9e24099bfe8987d426634f') in 0.136562 seconds 
========================================================================
Received Import Request.
  Time since last request: 0.000045 seconds.
  path: Assets/3D/Enviorement/Dwarven Expedition Pack - Stylized Assets/Models/DungeonStructureHeadDEP_ST.fbx
  artifactKey: Guid(b2fc918c62ce5544fa086429c4c5d429) Importer(815301076,1909f56bfc062723c751e8b465ee728b)
Start importing Assets/3D/Enviorement/Dwarven Expedition Pack - Stylized Assets/Models/DungeonStructureHeadDEP_ST.fbx using Guid(b2fc918c62ce5544fa086429c4c5d429) Importer(815301076,1909f56bfc062723c751e8b465ee728b)  -> (artifact id: '2cf3b4cbbe714366d19988a585debba2') in 0.066405 seconds 
========================================================================
Received Import Request.
  Time since last request: 0.000057 seconds.
  path: Assets/3D/Enviorement/Dwarven Expedition Pack - Stylized Assets/Models/UnitScale.fbx
  artifactKey: Guid(5c3da8f6cc2dde64ca08016646a7405a) Importer(815301076,1909f56bfc062723c751e8b465ee728b)
Start importing Assets/3D/Enviorement/Dwarven Expedition Pack - Stylized Assets/Models/UnitScale.fbx using Guid(5c3da8f6cc2dde64ca08016646a7405a) Importer(815301076,1909f56bfc062723c751e8b465ee728b)  -> (artifact id: '8749d9d804383fb20fd1574ac8c52533') in 0.027387 seconds 
========================================================================
Received Import Request.
  Time since last request: 0.000191 seconds.
  path: Assets/3D/Enviorement/Dwarven Expedition Pack - Stylized Assets/Models/WallBlockA03ADEP.fbx
  artifactKey: Guid(ee5aa53c88226674dad3e7a4a6524831) Importer(815301076,1909f56bfc062723c751e8b465ee728b)
Start importing Assets/3D/Enviorement/Dwarven Expedition Pack - Stylized Assets/Models/WallBlockA03ADEP.fbx using Guid(ee5aa53c88226674dad3e7a4a6524831) Importer(815301076,1909f56bfc062723c751e8b465ee728b)  -> (artifact id: '669d1870150dcb93fec738e15c7a9d5c') in 0.042227 seconds 
========================================================================
Received Import Request.
  Time since last request: 0.000040 seconds.
  path: Assets/3D/Enviorement/Dwarven Expedition Pack - Stylized Assets/Models/PillarA2DEP_ST.fbx
  artifactKey: Guid(c64ea5e1d8cd5674993d9fe9edcb2187) Importer(815301076,1909f56bfc062723c751e8b465ee728b)
Start importing Assets/3D/Enviorement/Dwarven Expedition Pack - Stylized Assets/Models/PillarA2DEP_ST.fbx using Guid(c64ea5e1d8cd5674993d9fe9edcb2187) Importer(815301076,1909f56bfc062723c751e8b465ee728b)  -> (artifact id: '3612c3505c13c800b7c74977087b052b') in 0.022527 seconds 
========================================================================
Received Import Request.
  Time since last request: 0.000022 seconds.
  path: Assets/3D/Enviorement/Dwarven Expedition Pack - Stylized Assets/Models/WallPropsWindowB1_ST.fbx
  artifactKey: Guid(65a9a7838b1ea904f820f5565727a586) Importer(815301076,1909f56bfc062723c751e8b465ee728b)
Start importing Assets/3D/Enviorement/Dwarven Expedition Pack - Stylized Assets/Models/WallPropsWindowB1_ST.fbx using Guid(65a9a7838b1ea904f820f5565727a586) Importer(815301076,1909f56bfc062723c751e8b465ee728b)  -> (artifact id: 'b29d5b37d4bfe467f500e60aa82ad081') in 0.028541 seconds 
========================================================================
Received Import Request.
  Time since last request: 0.000042 seconds.
  path: Assets/3D/Enviorement/Dwarven Expedition Pack - Stylized Assets/Models/PillarADEP_ST.fbx
  artifactKey: Guid(a3fa2d70d3c31d04e9e8dbf67da39648) Importer(815301076,1909f56bfc062723c751e8b465ee728b)
Start importing Assets/3D/Enviorement/Dwarven Expedition Pack - Stylized Assets/Models/PillarADEP_ST.fbx using Guid(a3fa2d70d3c31d04e9e8dbf67da39648) Importer(815301076,1909f56bfc062723c751e8b465ee728b)  -> (artifact id: 'f007d0fa9f887b4b771d363fa504f05f') in 0.029669 seconds 
========================================================================
Received Import Request.
  Time since last request: 19.436251 seconds.
  path: Assets/3D/Enviorement/Dwarven Expedition Pack - Stylized Assets/Prefabs
  artifactKey: Guid(c9acc6a1280ef9d439aaddb88af807b7) Importer(815301076,1909f56bfc062723c751e8b465ee728b)
Start importing Assets/3D/Enviorement/Dwarven Expedition Pack - Stylized Assets/Prefabs using Guid(c9acc6a1280ef9d439aaddb88af807b7) Importer(815301076,1909f56bfc062723c751e8b465ee728b)  -> (artifact id: '0165ac15e55c972d14ae266101a4bc8e') in 0.008306 seconds 
========================================================================
Received Import Request.
  Time since last request: 0.000044 seconds.
  path: Assets/3D/Enviorement/Dwarven Expedition Pack - Stylized Assets/Prefabs/WallPropsWindowB1_ST.prefab
  artifactKey: Guid(c72196e78ca2bd144a6ece62fad0b798) Importer(815301076,1909f56bfc062723c751e8b465ee728b)
Start importing Assets/3D/Enviorement/Dwarven Expedition Pack - Stylized Assets/Prefabs/WallPropsWindowB1_ST.prefab using Guid(c72196e78ca2bd144a6ece62fad0b798) Importer(815301076,1909f56bfc062723c751e8b465ee728b)  -> (artifact id: '2dd97d6c4f270d0c7f160cc4c7b3a74e') in 0.133498 seconds 
========================================================================
Received Import Request.
  Time since last request: 0.000073 seconds.
  path: Assets/3D/Enviorement/Dwarven Expedition Pack - Stylized Assets/Prefabs/WallPropsTopA_ST.prefab
  artifactKey: Guid(024b7e337c87e0149a4cbcfd8292ce7e) Importer(815301076,1909f56bfc062723c751e8b465ee728b)
Start importing Assets/3D/Enviorement/Dwarven Expedition Pack - Stylized Assets/Prefabs/WallPropsTopA_ST.prefab using Guid(024b7e337c87e0149a4cbcfd8292ce7e) Importer(815301076,1909f56bfc062723c751e8b465ee728b)  -> (artifact id: '5b0be52e0d340839b732877ed08aa99f') in 0.100256 seconds 
========================================================================
Received Import Request.
  Time since last request: 0.000027 seconds.
  path: Assets/3D/Enviorement/Dwarven Expedition Pack - Stylized Assets/Prefabs/WallPropsMidle_ST.prefab
  artifactKey: Guid(2998b5d34fc488545954a5e01b0462f1) Importer(815301076,1909f56bfc062723c751e8b465ee728b)
Start importing Assets/3D/Enviorement/Dwarven Expedition Pack - Stylized Assets/Prefabs/WallPropsMidle_ST.prefab using Guid(2998b5d34fc488545954a5e01b0462f1) Importer(815301076,1909f56bfc062723c751e8b465ee728b)  -> (artifact id: 'a478eaab870593e2143825597fad951f') in 0.098491 seconds 
========================================================================
Received Import Request.
  Time since last request: 0.000084 seconds.
  path: Assets/3D/Enviorement/Dwarven Expedition Pack - Stylized Assets/Prefabs/SuportBeamCDEP_ST.prefab
  artifactKey: Guid(0ed637d1075a0184e8b49e81b3c66097) Importer(815301076,1909f56bfc062723c751e8b465ee728b)
Start importing Assets/3D/Enviorement/Dwarven Expedition Pack - Stylized Assets/Prefabs/SuportBeamCDEP_ST.prefab using Guid(0ed637d1075a0184e8b49e81b3c66097) Importer(815301076,1909f56bfc062723c751e8b465ee728b)  -> (artifact id: '10a742c7a5853d9b682339b590fb4593') in 0.056431 seconds 
========================================================================
Received Import Request.
  Time since last request: 0.000050 seconds.
  path: Assets/3D/Enviorement/Dwarven Expedition Pack - Stylized Assets/Prefabs/WallBlockA01ADEP.prefab
  artifactKey: Guid(a017b7cfc91c81844ae3bc1ed6d84d57) Importer(815301076,1909f56bfc062723c751e8b465ee728b)
Start importing Assets/3D/Enviorement/Dwarven Expedition Pack - Stylized Assets/Prefabs/WallBlockA01ADEP.prefab using Guid(a017b7cfc91c81844ae3bc1ed6d84d57) Importer(815301076,1909f56bfc062723c751e8b465ee728b)  -> (artifact id: '3fa11d6a14a350bd29ca137a4ab31e9f') in 0.074386 seconds 
========================================================================
Received Import Request.
  Time since last request: 0.000066 seconds.
  path: Assets/3D/Enviorement/Dwarven Expedition Pack - Stylized Assets/Prefabs/DungeonStructureTowerDEP_ST.prefab
  artifactKey: Guid(3bdfacaee031fad44a81bc6c2a67d179) Importer(815301076,1909f56bfc062723c751e8b465ee728b)
Start importing Assets/3D/Enviorement/Dwarven Expedition Pack - Stylized Assets/Prefabs/DungeonStructureTowerDEP_ST.prefab using Guid(3bdfacaee031fad44a81bc6c2a67d179) Importer(815301076,1909f56bfc062723c751e8b465ee728b)  -> (artifact id: '3b771cd371cf1192499db16b3f62374a') in 0.084237 seconds 
========================================================================
Received Import Request.
  Time since last request: 0.000038 seconds.
  path: Assets/3D/Enviorement/Dwarven Expedition Pack - Stylized Assets/Prefabs/DungeonStructureHeadDEP_ST.prefab
  artifactKey: Guid(19f0d44f83181c64aaee4796197eb52b) Importer(815301076,1909f56bfc062723c751e8b465ee728b)
Start importing Assets/3D/Enviorement/Dwarven Expedition Pack - Stylized Assets/Prefabs/DungeonStructureHeadDEP_ST.prefab using Guid(19f0d44f83181c64aaee4796197eb52b) Importer(815301076,1909f56bfc062723c751e8b465ee728b)  -> (artifact id: '6c48cc8bca8239cd9817ea8acfc5ffae') in 0.157611 seconds 
========================================================================
Received Import Request.
  Time since last request: 0.000049 seconds.
  path: Assets/3D/Enviorement/Dwarven Expedition Pack - Stylized Assets/Prefabs/Dwarven Dungeon Entrance_Scene.prefab
  artifactKey: Guid(6cd36f5ade0ee474ab43ad38e0ba25b6) Importer(815301076,1909f56bfc062723c751e8b465ee728b)
Start importing Assets/3D/Enviorement/Dwarven Expedition Pack - Stylized Assets/Prefabs/Dwarven Dungeon Entrance_Scene.prefab using Guid(6cd36f5ade0ee474ab43ad38e0ba25b6) Importer(815301076,1909f56bfc062723c751e8b465ee728b)  -> (artifact id: '94048993b2a28a80efd5220164c3f79d') in 0.237805 seconds 
========================================================================
Received Import Request.
  Time since last request: 39.903854 seconds.
  path: Assets/3D/Enviorement/Dwarven Expedition Pack - Stylized Assets/Scenes
  artifactKey: Guid(95c0fef6461af1b4a92310011fa558b6) Importer(815301076,1909f56bfc062723c751e8b465ee728b)
Start importing Assets/3D/Enviorement/Dwarven Expedition Pack - Stylized Assets/Scenes using Guid(95c0fef6461af1b4a92310011fa558b6) Importer(815301076,1909f56bfc062723c751e8b465ee728b)  -> (artifact id: 'b641a04f2ceb80c35bec7a1b04e7c3ab') in 0.008372 seconds 
========================================================================
Received Import Request.
  Time since last request: 1.190076 seconds.
  path: Assets/3D/Enviorement/Dwarven Expedition Pack - Stylized Assets/Scenes/DEP_ST_Secene_Examples.unity
  artifactKey: Guid(a5df7baf9116e8045852ce5ac9551b99) Importer(815301076,1909f56bfc062723c751e8b465ee728b)
Start importing Assets/3D/Enviorement/Dwarven Expedition Pack - Stylized Assets/Scenes/DEP_ST_Secene_Examples.unity using Guid(a5df7baf9116e8045852ce5ac9551b99) Importer(815301076,1909f56bfc062723c751e8b465ee728b)  -> (artifact id: '1f8d88f944337fa3ebcefae0518d7b23') in 0.007618 seconds 
========================================================================
Received Import Request.
  Time since last request: 11.103283 seconds.
  path: Assets/3D/Enviorement/Dwarven Expedition Pack - Stylized Assets/Scenes/DEP_ST_Secene_Prefabs.unity
  artifactKey: Guid(1c1d45510927f2b4da573f4def30b641) Importer(815301076,1909f56bfc062723c751e8b465ee728b)
Start importing Assets/3D/Enviorement/Dwarven Expedition Pack - Stylized Assets/Scenes/DEP_ST_Secene_Prefabs.unity using Guid(1c1d45510927f2b4da573f4def30b641) Importer(815301076,1909f56bfc062723c751e8b465ee728b)  -> (artifact id: '8371704066bf2a75dd7a6e5ba5ac5bb6') in 0.009019 seconds 
========================================================================
Received Import Request.
  Time since last request: 32.698412 seconds.
  path: Assets/Scenes/TestScene.unity
  artifactKey: Guid(4007b1b6349406f4cacb0fa0e1a85c68) Importer(815301076,1909f56bfc062723c751e8b465ee728b)
Start importing Assets/Scenes/TestScene.unity using Guid(4007b1b6349406f4cacb0fa0e1a85c68) Importer(815301076,1909f56bfc062723c751e8b465ee728b)  -> (artifact id: '694fa07a605639e925d9d96c0fe721a3') in 0.007881 seconds 
========================================================================
Received Import Request.
  Time since last request: 885.337660 seconds.
  path: Assets/Plugins/MiTschMRStudios
  artifactKey: Guid(ba597fd90f3951248a0dbb047e7591b1) Importer(815301076,1909f56bfc062723c751e8b465ee728b)
Start importing Assets/Plugins/MiTschMRStudios using Guid(ba597fd90f3951248a0dbb047e7591b1) Importer(815301076,1909f56bfc062723c751e8b465ee728b)  -> (artifact id: '3b1f0b6e684f52f3c3986d70433ba2ca') in 0.008196 seconds 
========================================================================
Received Import Request.
  Time since last request: 261.228238 seconds.
  path: Assets/PivecLabs/ActionPack3/Examples/ExampleResources/Materials/NightSkybox.mat
  artifactKey: Guid(98edfc376f75c4546b93232a586d2c7f) Importer(815301076,1909f56bfc062723c751e8b465ee728b)
Start importing Assets/PivecLabs/ActionPack3/Examples/ExampleResources/Materials/NightSkybox.mat using Guid(98edfc376f75c4546b93232a586d2c7f) Importer(815301076,1909f56bfc062723c751e8b465ee728b)  -> (artifact id: '422cd584bb7b71c0ded258a877639757') in 0.404162 seconds 
========================================================================
Received Import Request.
  Time since last request: 0.000033 seconds.
  path: Assets/Plugins/GameCreator/Examples/Utilities/Materials/NavyGrid.mat
  artifactKey: Guid(76ff537c8e1a84345868e6aeee938ab3) Importer(815301076,1909f56bfc062723c751e8b465ee728b)
Start importing Assets/Plugins/GameCreator/Examples/Utilities/Materials/NavyGrid.mat using Guid(76ff537c8e1a84345868e6aeee938ab3) Importer(815301076,1909f56bfc062723c751e8b465ee728b)  -> (artifact id: '7cab64601cbd1b276aeb0b68bdd61137') in 0.022538 seconds 
========================================================================
Received Import Request.
  Time since last request: 0.000025 seconds.
  path: Assets/Plugins/GameCreator/ShooterExample/Assets/Weapons/Revolver/_Models/MuzzleFlash/MuzzleFlash.mat
  artifactKey: Guid(3a1222858abd946f091794904cd6179b) Importer(815301076,1909f56bfc062723c751e8b465ee728b)
Start importing Assets/Plugins/GameCreator/ShooterExample/Assets/Weapons/Revolver/_Models/MuzzleFlash/MuzzleFlash.mat using Guid(3a1222858abd946f091794904cd6179b) Importer(815301076,1909f56bfc062723c751e8b465ee728b)  -> (artifact id: 'a3a46c83cc3d1d47b66ec26f8b27119d') in 0.112839 seconds 
========================================================================
Received Import Request.
  Time since last request: 20.820740 seconds.
  path: Assets/Plugins/FireChickenGames/ShooterCombatExamples/Assets/Models/Box/box.fbx
  artifactKey: Guid(5facee88ef08042aa9f2ac723e5b1b2b) Importer(815301076,1909f56bfc062723c751e8b465ee728b)
Start importing Assets/Plugins/FireChickenGames/ShooterCombatExamples/Assets/Models/Box/box.fbx using Guid(5facee88ef08042aa9f2ac723e5b1b2b) Importer(815301076,1909f56bfc062723c751e8b465ee728b)  -> (artifact id: '7993305f1cfe662449846534fc35d22d') in 0.080069 seconds 
========================================================================
Received Import Request.
  Time since last request: 0.000029 seconds.
  path: Assets/Plugins/FireChickenGames/ShooterCombatExamples/Assets/Models/Box/box_destroyed/BackSide.fbx
  artifactKey: Guid(c171d804c2cbc42d99efa7a63bd6f390) Importer(815301076,1909f56bfc062723c751e8b465ee728b)
Start importing Assets/Plugins/FireChickenGames/ShooterCombatExamples/Assets/Models/Box/box_destroyed/BackSide.fbx using Guid(c171d804c2cbc42d99efa7a63bd6f390) Importer(815301076,1909f56bfc062723c751e8b465ee728b)  -> (artifact id: '8b0448f8e11125d008533d29125de275') in 0.076631 seconds 
========================================================================
Received Import Request.
  Time since last request: 1.201855 seconds.
  path: Assets/Plugins/FireChickenGames/ShooterCombatExamples/Assets/Models/Box/box_destroyed/RightSide.fbx
  artifactKey: Guid(4275b192572db40c699624be1105cf2d) Importer(815301076,1909f56bfc062723c751e8b465ee728b)
Start importing Assets/Plugins/FireChickenGames/ShooterCombatExamples/Assets/Models/Box/box_destroyed/RightSide.fbx using Guid(4275b192572db40c699624be1105cf2d) Importer(815301076,1909f56bfc062723c751e8b465ee728b)  -> (artifact id: 'bd18e460338a7741a6eabde458813004') in 0.088768 seconds 
========================================================================
Received Import Request.
  Time since last request: 1.373548 seconds.
  path: Assets/Plugins/FireChickenGames/ShooterCombatExamples/Assets/Models/Box/box_destroyed/FrontSide.fbx
  artifactKey: Guid(5d7ded9187cb646c492ae6294af884f1) Importer(815301076,1909f56bfc062723c751e8b465ee728b)
Start importing Assets/Plugins/FireChickenGames/ShooterCombatExamples/Assets/Models/Box/box_destroyed/FrontSide.fbx using Guid(5d7ded9187cb646c492ae6294af884f1) Importer(815301076,1909f56bfc062723c751e8b465ee728b)  -> (artifact id: '85f0f0774b6811f5755d70abc96df5ce') in 0.141119 seconds 
========================================================================
Received Import Request.
  Time since last request: 0.906204 seconds.
  path: Assets/PivecLabs/Tools/Resources/Materials/Logo@2x.mat
  artifactKey: Guid(33c4876d6fe014402b245d75da05c546) Importer(815301076,1909f56bfc062723c751e8b465ee728b)
Start importing Assets/PivecLabs/Tools/Resources/Materials/Logo@2x.mat using Guid(33c4876d6fe014402b245d75da05c546) Importer(815301076,1909f56bfc062723c751e8b465ee728b)  -> (artifact id: '578eefa3b32686cc12bc765d1636b552') in 0.096475 seconds 
========================================================================
Received Import Request.
  Time since last request: 0.513130 seconds.
  path: Assets/TextMesh Pro/Resources/Fonts & Materials/LiberationSans SDF.asset
  artifactKey: Guid(8f586378b4e144a9851e7b34d9b748ee) Importer(815301076,1909f56bfc062723c751e8b465ee728b)
Start importing Assets/TextMesh Pro/Resources/Fonts & Materials/LiberationSans SDF.asset using Guid(8f586378b4e144a9851e7b34d9b748ee) Importer(815301076,1909f56bfc062723c751e8b465ee728b)  -> (artifact id: 'aa2e0696d1af0f7149eff07155da228d') in 0.955071 seconds 
========================================================================
Received Import Request.
  Time since last request: 0.000040 seconds.
  path: Assets/TextMesh Pro/Resources/Fonts & Materials/LiberationSans SDF - Drop Shadow.mat
  artifactKey: Guid(e73a58f6e2794ae7b1b7e50b7fb811b0) Importer(815301076,1909f56bfc062723c751e8b465ee728b)
Start importing Assets/TextMesh Pro/Resources/Fonts & Materials/LiberationSans SDF - Drop Shadow.mat using Guid(e73a58f6e2794ae7b1b7e50b7fb811b0) Importer(815301076,1909f56bfc062723c751e8b465ee728b)  -> (artifact id: '34a11564fd3399a2827f0eb55983622f') in 0.077065 seconds 
========================================================================
Received Import Request.
  Time since last request: 0.966616 seconds.
  path: Assets/Plugins/GameCreator/Examples/Utilities/Materials/InteractionGrid.mat
  artifactKey: Guid(8c19a618a0bd9844583b91dca0875a34) Importer(815301076,1909f56bfc062723c751e8b465ee728b)
Start importing Assets/Plugins/GameCreator/Examples/Utilities/Materials/InteractionGrid.mat using Guid(8c19a618a0bd9844583b91dca0875a34) Importer(815301076,1909f56bfc062723c751e8b465ee728b)  -> (artifact id: 'cf51f1b8fad12dc447eaa5419a4ac450') in 0.226909 seconds 
========================================================================
Received Import Request.
  Time since last request: 0.000021 seconds.
  path: Assets/Plugins/FireChickenGames/CombatExamples/Assets/Materials/Gray.mat
  artifactKey: Guid(9e3fc8930216b42cda667b3e7269d3e5) Importer(815301076,1909f56bfc062723c751e8b465ee728b)
Start importing Assets/Plugins/FireChickenGames/CombatExamples/Assets/Materials/Gray.mat using Guid(9e3fc8930216b42cda667b3e7269d3e5) Importer(815301076,1909f56bfc062723c751e8b465ee728b)  -> (artifact id: '8ba556533a3b1a027a13d9575e5f4614') in 0.146670 seconds 
========================================================================
Received Import Request.
  Time since last request: 0.000058 seconds.
  path: Assets/Plugins/GameCreator/StatsExamples/Assets/Materials/Grey.mat
  artifactKey: Guid(7cdc356a05d1a4e30a527438b202d8a0) Importer(815301076,1909f56bfc062723c751e8b465ee728b)
Start importing Assets/Plugins/GameCreator/StatsExamples/Assets/Materials/Grey.mat using Guid(7cdc356a05d1a4e30a527438b202d8a0) Importer(815301076,1909f56bfc062723c751e8b465ee728b)  -> (artifact id: '9dc45a5a4cb1fde1d058b0f2c7370589') in 0.025754 seconds 
========================================================================
Received Import Request.
  Time since last request: 0.000049 seconds.
  path: Assets/PivecLabs/Tools/Resources/source-code-pro/SourceCodePro-Regular.otf
  artifactKey: Guid(dfbc00527a77c40c3b0c20395192201f) Importer(815301076,1909f56bfc062723c751e8b465ee728b)
Start importing Assets/PivecLabs/Tools/Resources/source-code-pro/SourceCodePro-Regular.otf using Guid(dfbc00527a77c40c3b0c20395192201f) Importer(815301076,1909f56bfc062723c751e8b465ee728b)  -> (artifact id: 'd65fbc6d5ca45f4e047b3eb6ff24cfbe') in 0.050720 seconds 
========================================================================
Received Import Request.
  Time since last request: 0.000023 seconds.
  path: Assets/Plugins/GameCreator/Quests/Assets/Fonts/Skranji-Regular.ttf
  artifactKey: Guid(855cd1b9aaafe4682b3f3097e0aa3151) Importer(815301076,1909f56bfc062723c751e8b465ee728b)
Start importing Assets/Plugins/GameCreator/Quests/Assets/Fonts/Skranji-Regular.ttf using Guid(855cd1b9aaafe4682b3f3097e0aa3151) Importer(815301076,1909f56bfc062723c751e8b465ee728b)  -> (artifact id: 'e553212e60633719c5be01d865a41614') in 0.084243 seconds 
========================================================================
Received Import Request.
  Time since last request: 0.000024 seconds.
  path: Assets/Plugins/FireChickenGames/CombatExamples/Assets/Materials/Green.mat
  artifactKey: Guid(b026a7527f70b4277a81b35b17785c0b) Importer(815301076,1909f56bfc062723c751e8b465ee728b)
Start importing Assets/Plugins/FireChickenGames/CombatExamples/Assets/Materials/Green.mat using Guid(b026a7527f70b4277a81b35b17785c0b) Importer(815301076,1909f56bfc062723c751e8b465ee728b)  -> (artifact id: '80b3500f26ef85982bbf3865008ed923') in 0.018378 seconds 
========================================================================
Received Import Request.
  Time since last request: 0.000035 seconds.
  path: Assets/Plugins/GameCreator/ShooterExample/Assets/Materials/Green.mat
  artifactKey: Guid(48406d3288cf24173a2f8b276ca79813) Importer(815301076,1909f56bfc062723c751e8b465ee728b)
Start importing Assets/Plugins/GameCreator/ShooterExample/Assets/Materials/Green.mat using Guid(48406d3288cf24173a2f8b276ca79813) Importer(815301076,1909f56bfc062723c751e8b465ee728b)  -> (artifact id: '663d205ca6dabe6c4c1c81fd3817cb80') in 0.045997 seconds 
========================================================================
Received Import Request.
  Time since last request: 1.242214 seconds.
  path: Assets/Plugins/GameCreator/TraversalExamples/Assets/Materials/Floor.mat
  artifactKey: Guid(a5fbd1a7fc4f7482f883ab5d50cc6cf6) Importer(815301076,1909f56bfc062723c751e8b465ee728b)
Start importing Assets/Plugins/GameCreator/TraversalExamples/Assets/Materials/Floor.mat using Guid(a5fbd1a7fc4f7482f883ab5d50cc6cf6) Importer(815301076,1909f56bfc062723c751e8b465ee728b)  -> (artifact id: '3c5a054880587e53aeead0b1d4c04f6d') in 0.326314 seconds 
========================================================================
Received Import Request.
  Time since last request: 2.665664 seconds.
  path: Assets/Plugins/GameCreator/Examples/Utilities/Materials/DarkNavySmooth.mat
  artifactKey: Guid(ae8f5e017b9e84f6cb091600d51684a7) Importer(815301076,1909f56bfc062723c751e8b465ee728b)
Start importing Assets/Plugins/GameCreator/Examples/Utilities/Materials/DarkNavySmooth.mat using Guid(ae8f5e017b9e84f6cb091600d51684a7) Importer(815301076,1909f56bfc062723c751e8b465ee728b)  -> (artifact id: '24bed73a82e71223a4a255c155815fb7') in 0.084054 seconds 
========================================================================
Received Import Request.
  Time since last request: 1.408648 seconds.
  path: Assets/PivecLabs/ActionPack3/Examples/ExampleResources/Materials/CloudsSkybox.mat
  artifactKey: Guid(7671178b62395e0499dd6b2f8eb0a2c0) Importer(815301076,1909f56bfc062723c751e8b465ee728b)
Start importing Assets/PivecLabs/ActionPack3/Examples/ExampleResources/Materials/CloudsSkybox.mat using Guid(7671178b62395e0499dd6b2f8eb0a2c0) Importer(815301076,1909f56bfc062723c751e8b465ee728b)  -> (artifact id: '8053d9608264d32828b1a8d1cb79e6ef') in 1.836801 seconds 
========================================================================
Received Import Request.
  Time since last request: 2.846737 seconds.
  path: Assets/Plugins/GameCreator/ShooterExample/Assets/Materials/Black.mat
  artifactKey: Guid(3f874ac0e102c4889bc3c38299d66c56) Importer(815301076,1909f56bfc062723c751e8b465ee728b)
Start importing Assets/Plugins/GameCreator/ShooterExample/Assets/Materials/Black.mat using Guid(3f874ac0e102c4889bc3c38299d66c56) Importer(815301076,1909f56bfc062723c751e8b465ee728b)  -> (artifact id: '6a3bd807d368596192b79491a6cb7296') in 0.280837 seconds 
========================================================================
Received Import Request.
  Time since last request: 0.149197 seconds.
  path: Assets/Plugins/GameCreator/ShooterExample/Assets/Weapons/Archery/_Model/Arrow.mat
  artifactKey: Guid(c69f7afc032b746a4a98b49a4322a0c0) Importer(815301076,1909f56bfc062723c751e8b465ee728b)
Start importing Assets/Plugins/GameCreator/ShooterExample/Assets/Weapons/Archery/_Model/Arrow.mat using Guid(c69f7afc032b746a4a98b49a4322a0c0) Importer(815301076,1909f56bfc062723c751e8b465ee728b)  -> (artifact id: '4a79d01616b2634ed10951ee590a5534') in 0.043568 seconds 
========================================================================
Received Prepare
Registering precompiled user dll's ...
Registered in 0.004123 seconds.
Begin MonoManager ReloadAssembly
Symbol file LoadedFromMemory doesn't match image D:\Projects\BossBattle\Boss\Library\PackageCache\com.unity.visualscripting@1.7.8\Editor\VisualScripting.Core\Dependencies\YamlDotNet\Unity.VisualScripting.YamlDotNet.dll
Symbol file LoadedFromMemory doesn't match image D:\Projects\BossBattle\Boss\Library\PackageCache\com.unity.visualscripting@1.7.8\Editor\VisualScripting.Core\Dependencies\DotNetZip\Unity.VisualScripting.IonicZip.dll
Native extension for WindowsStandalone target not found
Native extension for iOS target not found
Native extension for Android target not found
Native extension for WebGL target not found
Refreshing native plugins compatible for Editor in 1.76 ms, found 3 plugins.
Preloading 0 native plugins for Editor in 0.00 ms.
Mono: successfully reloaded assembly
- Completed reload, in  1.924 seconds
Domain Reload Profiling:
	ReloadAssembly (1925ms)
		BeginReloadAssembly (297ms)
			ExecutionOrderSort (0ms)
			DisableScriptedObjects (11ms)
			BackupInstance (0ms)
			ReleaseScriptingObjects (0ms)
			CreateAndSetChildDomain (132ms)
		EndReloadAssembly (1480ms)
			LoadAssemblies (126ms)
			RebuildTransferFunctionScriptingTraits (0ms)
			SetupTypeCache (477ms)
			ReleaseScriptCaches (3ms)
			RebuildScriptCaches (115ms)
			SetupLoadedEditorAssemblies (664ms)
				LogAssemblyErrors (0ms)
				InitializePlatformSupportModulesInManaged (65ms)
				SetLoadedEditorAssemblies (1ms)
				RefreshPlugins (2ms)
				BeforeProcessingInitializeOnLoad (123ms)
				ProcessInitializeOnLoadAttributes (396ms)
				ProcessInitializeOnLoadMethodAttributes (71ms)
				AfterProcessingInitializeOnLoad (6ms)
				EditorAssembliesLoaded (0ms)
			ExecutionOrderSort2 (0ms)
			AwakeInstancesAfterBackupRestoration (14ms)
Platform modules already initialized, skipping
Refreshing native plugins compatible for Editor in 4.18 ms, found 3 plugins.
Preloading 0 native plugins for Editor in 0.00 ms.
Unloading 4475 Unused Serialized files (Serialized files now loaded: 0)
Unloading 20 unused Assets / (83.9 KB). Loaded Objects now: 5050.
Memory consumption went from 248.4 MB to 248.4 MB.
Total: 8.245200 ms (FindLiveObjects: 0.533000 ms CreateObjectMapping: 0.504100 ms MarkObjects: 7.034200 ms  DeleteObjects: 0.172300 ms)

AssetImportParameters requested are different than current active one (requested -> active):
  custom:video-decoder-ogg-theora: a1e56fd34408186e4bbccfd4996cb3dc -> 
  custom:container-muxer-webm: aa71ff27fc2769a1b78a27578f13a17b -> 
  custom:container-demuxer-webm: 4f35f7cbe854078d1ac9338744f61a02 -> 
  custom:video-encoder-webm-vp8: eb34c28f22e8b96e1ab97ce403110664 -> 
  custom:audio-encoder-webm-vorbis: bf7c407c2cedff20999df2af8eb42d56 -> 
  custom:framework-win-MediaFoundation: 216162199b28c13a410421893ffa2e32 -> 
  custom:container-demuxer-ogg: 62fdf1f143b41e24485cea50d1cbac27 -> 
  custom:video-decoder-webm-vp8: 9c59270c3fd7afecdb556c50c9e8de78 -> 
  custom:audio-decoder-ogg-vorbis: bf7c407c2cedff20999df2af8eb42d56 -> 
========================================================================
Received Import Request.
  Time since last request: 528.888893 seconds.
  path: Assets/3D/Enviorement/laxer tree pkg
  artifactKey: Guid(854e851ae0e9b254cb7f004f7a849286) Importer(815301076,1909f56bfc062723c751e8b465ee728b)
Start importing Assets/3D/Enviorement/laxer tree pkg using Guid(854e851ae0e9b254cb7f004f7a849286) Importer(815301076,1909f56bfc062723c751e8b465ee728b)  -> (artifact id: 'b113f53f2f1df85dcde426839813f468') in 0.016915 seconds 
========================================================================
Received Import Request.
  Time since last request: 1.585529 seconds.
  path: Assets/3D/Enviorement/laxer tree pkg/Models
  artifactKey: Guid(5a07d96d4bb8ac2459658b691520ce35) Importer(815301076,1909f56bfc062723c751e8b465ee728b)
Start importing Assets/3D/Enviorement/laxer tree pkg/Models using Guid(5a07d96d4bb8ac2459658b691520ce35) Importer(815301076,1909f56bfc062723c751e8b465ee728b)  -> (artifact id: '3ef285b4d31e16673507eb5ef526592d') in 0.002774 seconds 
========================================================================
Received Import Request.
  Time since last request: 0.077436 seconds.
  path: Assets/3D/Enviorement/laxer tree pkg/Models/baum hd fbx.fbx
  artifactKey: Guid(9b27b908e66bddb42940797bc06df908) Importer(815301076,1909f56bfc062723c751e8b465ee728b)
Start importing Assets/3D/Enviorement/laxer tree pkg/Models/baum hd fbx.fbx using Guid(9b27b908e66bddb42940797bc06df908) Importer(815301076,1909f56bfc062723c751e8b465ee728b)  -> (artifact id: '171f8ec7636cee87cbd9d1c10bccd655') in 0.133010 seconds 
========================================================================
Received Import Request.
  Time since last request: 0.000024 seconds.
  path: Assets/3D/Enviorement/laxer tree pkg/Models/baum ld0(enhanced).asset
  artifactKey: Guid(a59384daf2a0cf3468a8629697d40866) Importer(815301076,1909f56bfc062723c751e8b465ee728b)
Start importing Assets/3D/Enviorement/laxer tree pkg/Models/baum ld0(enhanced).asset using Guid(a59384daf2a0cf3468a8629697d40866) Importer(815301076,1909f56bfc062723c751e8b465ee728b)  -> (artifact id: '907c2847af1d830d85a7ff9fbf3b62fb') in 0.020305 seconds 
========================================================================
Received Import Request.
  Time since last request: 0.000027 seconds.
  path: Assets/3D/Enviorement/laxer tree pkg/Models/baum hd pine fbx.fbx
  artifactKey: Guid(7163db7426b13a345b09fa28a500a5e6) Importer(815301076,1909f56bfc062723c751e8b465ee728b)
Start importing Assets/3D/Enviorement/laxer tree pkg/Models/baum hd pine fbx.fbx using Guid(7163db7426b13a345b09fa28a500a5e6) Importer(815301076,1909f56bfc062723c751e8b465ee728b)  -> (artifact id: '72a6295f7b2111bf069d27835ad3ee3c') in 0.035454 seconds 
========================================================================
Received Prepare
Registering precompiled user dll's ...
Registered in 0.004400 seconds.
Begin MonoManager ReloadAssembly
Symbol file LoadedFromMemory doesn't match image D:\Projects\BossBattle\Boss\Library\PackageCache\com.unity.visualscripting@1.7.8\Editor\VisualScripting.Core\Dependencies\YamlDotNet\Unity.VisualScripting.YamlDotNet.dll
Symbol file LoadedFromMemory doesn't match image D:\Projects\BossBattle\Boss\Library\PackageCache\com.unity.visualscripting@1.7.8\Editor\VisualScripting.Core\Dependencies\DotNetZip\Unity.VisualScripting.IonicZip.dll
Native extension for WindowsStandalone target not found
Native extension for iOS target not found
Native extension for Android target not found
Native extension for WebGL target not found
Refreshing native plugins compatible for Editor in 1.89 ms, found 3 plugins.
Preloading 0 native plugins for Editor in 0.00 ms.
Mono: successfully reloaded assembly
- Completed reload, in  1.616 seconds
Domain Reload Profiling:
	ReloadAssembly (1617ms)
		BeginReloadAssembly (164ms)
			ExecutionOrderSort (0ms)
			DisableScriptedObjects (5ms)
			BackupInstance (0ms)
			ReleaseScriptingObjects (0ms)
			CreateAndSetChildDomain (57ms)
		EndReloadAssembly (1327ms)
			LoadAssemblies (98ms)
			RebuildTransferFunctionScriptingTraits (0ms)
			SetupTypeCache (465ms)
			ReleaseScriptCaches (2ms)
			RebuildScriptCaches (91ms)
			SetupLoadedEditorAssemblies (574ms)
				LogAssemblyErrors (0ms)
				InitializePlatformSupportModulesInManaged (62ms)
				SetLoadedEditorAssemblies (1ms)
				RefreshPlugins (2ms)
				BeforeProcessingInitializeOnLoad (101ms)
				ProcessInitializeOnLoadAttributes (341ms)
				ProcessInitializeOnLoadMethodAttributes (62ms)
				AfterProcessingInitializeOnLoad (5ms)
				EditorAssembliesLoaded (0ms)
			ExecutionOrderSort2 (0ms)
			AwakeInstancesAfterBackupRestoration (11ms)
Platform modules already initialized, skipping
Refreshing native plugins compatible for Editor in 3.50 ms, found 3 plugins.
Preloading 0 native plugins for Editor in 0.00 ms.
Unloading 4475 Unused Serialized files (Serialized files now loaded: 0)
Unloading 20 unused Assets / (84.2 KB). Loaded Objects now: 5054.
Memory consumption went from 248.5 MB to 248.4 MB.
Total: 5.348200 ms (FindLiveObjects: 0.786500 ms CreateObjectMapping: 0.911200 ms MarkObjects: 3.494400 ms  DeleteObjects: 0.154400 ms)

AssetImportParameters requested are different than current active one (requested -> active):
  custom:video-decoder-ogg-theora: a1e56fd34408186e4bbccfd4996cb3dc -> 
  custom:container-muxer-webm: aa71ff27fc2769a1b78a27578f13a17b -> 
  custom:container-demuxer-webm: 4f35f7cbe854078d1ac9338744f61a02 -> 
  custom:video-encoder-webm-vp8: eb34c28f22e8b96e1ab97ce403110664 -> 
  custom:audio-encoder-webm-vorbis: bf7c407c2cedff20999df2af8eb42d56 -> 
  custom:framework-win-MediaFoundation: 216162199b28c13a410421893ffa2e32 -> 
  custom:container-demuxer-ogg: 62fdf1f143b41e24485cea50d1cbac27 -> 
  custom:video-decoder-webm-vp8: 9c59270c3fd7afecdb556c50c9e8de78 -> 
  custom:audio-decoder-ogg-vorbis: bf7c407c2cedff20999df2af8eb42d56 -> 
========================================================================
Received Prepare
Registering precompiled user dll's ...
Registered in 0.007360 seconds.
Begin MonoManager ReloadAssembly
Symbol file LoadedFromMemory doesn't match image D:\Projects\BossBattle\Boss\Library\PackageCache\com.unity.visualscripting@1.7.8\Editor\VisualScripting.Core\Dependencies\YamlDotNet\Unity.VisualScripting.YamlDotNet.dll
Symbol file LoadedFromMemory doesn't match image D:\Projects\BossBattle\Boss\Library\PackageCache\com.unity.visualscripting@1.7.8\Editor\VisualScripting.Core\Dependencies\DotNetZip\Unity.VisualScripting.IonicZip.dll
Native extension for WindowsStandalone target not found
Native extension for iOS target not found
Native extension for Android target not found
Native extension for WebGL target not found
Refreshing native plugins compatible for Editor in 2.05 ms, found 3 plugins.
Preloading 0 native plugins for Editor in 0.00 ms.
Mono: successfully reloaded assembly
- Completed reload, in  1.733 seconds
Domain Reload Profiling:
	ReloadAssembly (1734ms)
		BeginReloadAssembly (166ms)
			ExecutionOrderSort (0ms)
			DisableScriptedObjects (8ms)
			BackupInstance (0ms)
			ReleaseScriptingObjects (0ms)
			CreateAndSetChildDomain (47ms)
		EndReloadAssembly (1445ms)
			LoadAssemblies (100ms)
			RebuildTransferFunctionScriptingTraits (0ms)
			SetupTypeCache (549ms)
			ReleaseScriptCaches (3ms)
			RebuildScriptCaches (103ms)
			SetupLoadedEditorAssemblies (592ms)
				LogAssemblyErrors (0ms)
				InitializePlatformSupportModulesInManaged (55ms)
				SetLoadedEditorAssemblies (1ms)
				RefreshPlugins (2ms)
				BeforeProcessingInitializeOnLoad (113ms)
				ProcessInitializeOnLoadAttributes (347ms)
				ProcessInitializeOnLoadMethodAttributes (67ms)
				AfterProcessingInitializeOnLoad (7ms)
				EditorAssembliesLoaded (0ms)
			ExecutionOrderSort2 (0ms)
			AwakeInstancesAfterBackupRestoration (11ms)
Platform modules already initialized, skipping
Refreshing native plugins compatible for Editor in 2.14 ms, found 3 plugins.
Preloading 0 native plugins for Editor in 0.00 ms.
Unloading 4475 Unused Serialized files (Serialized files now loaded: 0)
Unloading 20 unused Assets / (84.3 KB). Loaded Objects now: 5058.
Memory consumption went from 248.5 MB to 248.4 MB.
Total: 3.803500 ms (FindLiveObjects: 0.402000 ms CreateObjectMapping: 0.274100 ms MarkObjects: 2.917700 ms  DeleteObjects: 0.208400 ms)

AssetImportParameters requested are different than current active one (requested -> active):
  custom:video-decoder-ogg-theora: a1e56fd34408186e4bbccfd4996cb3dc -> 
  custom:container-muxer-webm: aa71ff27fc2769a1b78a27578f13a17b -> 
  custom:container-demuxer-webm: 4f35f7cbe854078d1ac9338744f61a02 -> 
  custom:video-encoder-webm-vp8: eb34c28f22e8b96e1ab97ce403110664 -> 
  custom:audio-encoder-webm-vorbis: bf7c407c2cedff20999df2af8eb42d56 -> 
  custom:framework-win-MediaFoundation: 216162199b28c13a410421893ffa2e32 -> 
  custom:container-demuxer-ogg: 62fdf1f143b41e24485cea50d1cbac27 -> 
  custom:video-decoder-webm-vp8: 9c59270c3fd7afecdb556c50c9e8de78 -> 
  custom:audio-decoder-ogg-vorbis: bf7c407c2cedff20999df2af8eb42d56 -> 
========================================================================
Received Prepare
Registering precompiled user dll's ...
Registered in 0.005196 seconds.
Begin MonoManager ReloadAssembly
Symbol file LoadedFromMemory doesn't match image D:\Projects\BossBattle\Boss\Library\PackageCache\com.unity.visualscripting@1.7.8\Editor\VisualScripting.Core\Dependencies\YamlDotNet\Unity.VisualScripting.YamlDotNet.dll
Symbol file LoadedFromMemory doesn't match image D:\Projects\BossBattle\Boss\Library\PackageCache\com.unity.visualscripting@1.7.8\Editor\VisualScripting.Core\Dependencies\DotNetZip\Unity.VisualScripting.IonicZip.dll
Native extension for WindowsStandalone target not found
Native extension for iOS target not found
Native extension for Android target not found
Native extension for WebGL target not found
Refreshing native plugins compatible for Editor in 1.97 ms, found 3 plugins.
Preloading 0 native plugins for Editor in 0.00 ms.
Mono: successfully reloaded assembly
- Completed reload, in  1.701 seconds
Domain Reload Profiling:
	ReloadAssembly (1702ms)
		BeginReloadAssembly (167ms)
			ExecutionOrderSort (0ms)
			DisableScriptedObjects (8ms)
			BackupInstance (0ms)
			ReleaseScriptingObjects (0ms)
			CreateAndSetChildDomain (48ms)
		EndReloadAssembly (1419ms)
			LoadAssemblies (106ms)
			RebuildTransferFunctionScriptingTraits (0ms)
			SetupTypeCache (553ms)
			ReleaseScriptCaches (3ms)
			RebuildScriptCaches (85ms)
			SetupLoadedEditorAssemblies (594ms)
				LogAssemblyErrors (0ms)
				InitializePlatformSupportModulesInManaged (54ms)
				SetLoadedEditorAssemblies (1ms)
				RefreshPlugins (2ms)
				BeforeProcessingInitializeOnLoad (106ms)
				ProcessInitializeOnLoadAttributes (355ms)
				ProcessInitializeOnLoadMethodAttributes (70ms)
				AfterProcessingInitializeOnLoad (5ms)
				EditorAssembliesLoaded (0ms)
			ExecutionOrderSort2 (0ms)
			AwakeInstancesAfterBackupRestoration (11ms)
Platform modules already initialized, skipping
Refreshing native plugins compatible for Editor in 2.82 ms, found 3 plugins.
Preloading 0 native plugins for Editor in 0.00 ms.
Unloading 4475 Unused Serialized files (Serialized files now loaded: 0)
Unloading 20 unused Assets / (84.3 KB). Loaded Objects now: 5062.
Memory consumption went from 248.5 MB to 248.5 MB.
Total: 3.598200 ms (FindLiveObjects: 0.372800 ms CreateObjectMapping: 0.331000 ms MarkObjects: 2.712400 ms  DeleteObjects: 0.181100 ms)

AssetImportParameters requested are different than current active one (requested -> active):
  custom:video-decoder-ogg-theora: a1e56fd34408186e4bbccfd4996cb3dc -> 
  custom:container-muxer-webm: aa71ff27fc2769a1b78a27578f13a17b -> 
  custom:container-demuxer-webm: 4f35f7cbe854078d1ac9338744f61a02 -> 
  custom:video-encoder-webm-vp8: eb34c28f22e8b96e1ab97ce403110664 -> 
  custom:audio-encoder-webm-vorbis: bf7c407c2cedff20999df2af8eb42d56 -> 
  custom:framework-win-MediaFoundation: 216162199b28c13a410421893ffa2e32 -> 
  custom:container-demuxer-ogg: 62fdf1f143b41e24485cea50d1cbac27 -> 
  custom:video-decoder-webm-vp8: 9c59270c3fd7afecdb556c50c9e8de78 -> 
  custom:audio-decoder-ogg-vorbis: bf7c407c2cedff20999df2af8eb42d56 -> 
========================================================================
Received Import Request.
  Time since last request: 1173.102458 seconds.
  path: Assets/3D/Enviorement/YughuesFreeBushes2018
  artifactKey: Guid(7563436476e6ab244a4faea8a9e3c32b) Importer(815301076,1909f56bfc062723c751e8b465ee728b)
Start importing Assets/3D/Enviorement/YughuesFreeBushes2018 using Guid(7563436476e6ab244a4faea8a9e3c32b) Importer(815301076,1909f56bfc062723c751e8b465ee728b)  -> (artifact id: '2e9d29b9d201bfb47ad8ebbf321b3fdf') in 0.017479 seconds 
========================================================================
Received Import Request.
  Time since last request: 3.123309 seconds.
  path: Assets/3D/Enviorement/YughuesFreeBushes2018/Prefabs
  artifactKey: Guid(0c3e980a12e9f2b41b2129725bd6b5b9) Importer(815301076,1909f56bfc062723c751e8b465ee728b)
Start importing Assets/3D/Enviorement/YughuesFreeBushes2018/Prefabs using Guid(0c3e980a12e9f2b41b2129725bd6b5b9) Importer(815301076,1909f56bfc062723c751e8b465ee728b)  -> (artifact id: 'd8d4c1c9ca9d68502650daee60eef409') in 0.008373 seconds 
========================================================================
Received Import Request.
  Time since last request: 0.069634 seconds.
  path: Assets/3D/Enviorement/YughuesFreeBushes2018/Prefabs/P_Bush01.prefab
  artifactKey: Guid(8109e9e16ba4cc04b8e0928aea897927) Importer(815301076,1909f56bfc062723c751e8b465ee728b)
Start importing Assets/3D/Enviorement/YughuesFreeBushes2018/Prefabs/P_Bush01.prefab using Guid(8109e9e16ba4cc04b8e0928aea897927) Importer(815301076,1909f56bfc062723c751e8b465ee728b)  -> (artifact id: 'f046b651aa3f48a44d47fc2711d2a5e7') in 0.370829 seconds 
========================================================================
Received Import Request.
  Time since last request: 0.000026 seconds.
  path: Assets/3D/Enviorement/YughuesFreeBushes2018/Prefabs/P_Bush03.prefab
  artifactKey: Guid(ff0b0a3d7ae7a9e4f8505795785ad853) Importer(815301076,1909f56bfc062723c751e8b465ee728b)
Start importing Assets/3D/Enviorement/YughuesFreeBushes2018/Prefabs/P_Bush03.prefab using Guid(ff0b0a3d7ae7a9e4f8505795785ad853) Importer(815301076,1909f56bfc062723c751e8b465ee728b)  -> (artifact id: '3e8f2a037dae651aec1840c65d307aa3') in 0.031707 seconds 
========================================================================
Received Import Request.
  Time since last request: 398.994986 seconds.
  path: Assets/3D/Enviorement/YughuesFreeBushes2018/Meshes/Bush01.FBX
  artifactKey: Guid(c93a5fb30f5956343a31433f79f362af) Importer(815301076,1909f56bfc062723c751e8b465ee728b)
Start importing Assets/3D/Enviorement/YughuesFreeBushes2018/Meshes/Bush01.FBX using Guid(c93a5fb30f5956343a31433f79f362af) Importer(815301076,1909f56bfc062723c751e8b465ee728b)  -> (artifact id: 'd2af34647e710c90096a99afc84c43f4') in 0.089730 seconds 
========================================================================
Received Import Request.
  Time since last request: 0.000027 seconds.
  path: Assets/3D/Enviorement/YughuesFreeBushes2018/Meshes/Bush04.FBX
  artifactKey: Guid(8f2212efada33cd4f929c4ca2c0162d8) Importer(815301076,1909f56bfc062723c751e8b465ee728b)
Start importing Assets/3D/Enviorement/YughuesFreeBushes2018/Meshes/Bush04.FBX using Guid(8f2212efada33cd4f929c4ca2c0162d8) Importer(815301076,1909f56bfc062723c751e8b465ee728b)  -> (artifact id: 'f69286a8397aba6488acf81a497b4072') in 0.066703 seconds 
========================================================================
Received Import Request.
  Time since last request: 0.182304 seconds.
  path: Assets/3D/Enviorement/YughuesFreeBushes2018/Materials/M_Bush01.mat
  artifactKey: Guid(3bae03ff15e9f0749abaf52aaf5d1bff) Importer(815301076,1909f56bfc062723c751e8b465ee728b)
Start importing Assets/3D/Enviorement/YughuesFreeBushes2018/Materials/M_Bush01.mat using Guid(3bae03ff15e9f0749abaf52aaf5d1bff) Importer(815301076,1909f56bfc062723c751e8b465ee728b)  -> (artifact id: '6d3ebd54f35b25b11bf347ae2f1de8f6') in 0.058339 seconds 
========================================================================
Received Import Request.
  Time since last request: 0.000038 seconds.
  path: Assets/3D/Enviorement/YughuesFreeBushes2018/Materials/M_Bush03.mat
  artifactKey: Guid(cefe5e02e8418a04d927f43107b3558f) Importer(815301076,1909f56bfc062723c751e8b465ee728b)
Start importing Assets/3D/Enviorement/YughuesFreeBushes2018/Materials/M_Bush03.mat using Guid(cefe5e02e8418a04d927f43107b3558f) Importer(815301076,1909f56bfc062723c751e8b465ee728b)  -> (artifact id: '52891e6e3d06550d973e89a2d9d03bb7') in 0.022958 seconds 
========================================================================
Received Import Request.
  Time since last request: 1.008338 seconds.
  path: Assets/3D/Enviorement/YughuesFreeBushes2018/demo/Ground.mat
  artifactKey: Guid(f8876f267f58e364e80b81cd9bcf4c64) Importer(815301076,1909f56bfc062723c751e8b465ee728b)
Start importing Assets/3D/Enviorement/YughuesFreeBushes2018/demo/Ground.mat using Guid(f8876f267f58e364e80b81cd9bcf4c64) Importer(815301076,1909f56bfc062723c751e8b465ee728b)  -> (artifact id: 'c3fc46e4926ad64141cbfa6a595276d8') in 0.107364 seconds 
AssetImportWorkerClient::OnTransportError - code=10054 error=Une connexion existante a d tre ferme par lhte distant.
