Using pre-set license
Built from '2021.3/staging' branch; Version is '2021.3.11f1 (0a5ca18544bf) revision 679073'; Using compiler version '192829333'; Build Type 'Release'
OS: 'Windows 10  (10.0.19044) 64bit Professional' Language: 'fr' Physical Memory: 16266 MB
BatchMode: 1, IsHumanControllingUs: 0, StartBugReporterOnCrash: 0, Is64bit: 1, IsPro: 1

COMMAND LINE ARGUMENTS:
D:\Programmes\Unity\Hub\Editor\2021.3.11f1\Editor\Unity.exe
-adb2
-batchMode
-noUpm
-name
AssetImportWorker12
-projectPath
D:/Projects/BossBattleAndroid/Boss Battle Mobile
-logFile
Logs/AssetImportWorker12.log
-srvPort
65032
Successfully changed project path to: D:/Projects/BossBattleAndroid/Boss Battle Mobile
D:/Projects/BossBattleAndroid/Boss Battle Mobile
[UnityMemory] Configuration Parameters - Can be set up in boot.config
    "memorysetup-bucket-allocator-granularity=16"
    "memorysetup-bucket-allocator-bucket-count=8"
    "memorysetup-bucket-allocator-block-size=33554432"
    "memorysetup-bucket-allocator-block-count=8"
    "memorysetup-main-allocator-block-size=16777216"
    "memorysetup-thread-allocator-block-size=16777216"
    "memorysetup-gfx-main-allocator-block-size=16777216"
    "memorysetup-gfx-thread-allocator-block-size=16777216"
    "memorysetup-cache-allocator-block-size=4194304"
    "memorysetup-typetree-allocator-block-size=2097152"
    "memorysetup-profiler-bucket-allocator-granularity=16"
    "memorysetup-profiler-bucket-allocator-bucket-count=8"
    "memorysetup-profiler-bucket-allocator-block-size=33554432"
    "memorysetup-profiler-bucket-allocator-block-count=8"
    "memorysetup-profiler-allocator-block-size=16777216"
    "memorysetup-profiler-editor-allocator-block-size=1048576"
    "memorysetup-temp-allocator-size-main=16777216"
    "memorysetup-job-temp-allocator-block-size=2097152"
    "memorysetup-job-temp-allocator-block-size-background=1048576"
    "memorysetup-job-temp-allocator-reduction-small-platforms=262144"
    "memorysetup-temp-allocator-size-background-worker=32768"
    "memorysetup-temp-allocator-size-job-worker=262144"
    "memorysetup-temp-allocator-size-preload-manager=33554432"
    "memorysetup-temp-allocator-size-nav-mesh-worker=65536"
    "memorysetup-temp-allocator-size-audio-worker=65536"
    "memorysetup-temp-allocator-size-cloud-worker=32768"
    "memorysetup-temp-allocator-size-gi-baking-worker=262144"
    "memorysetup-temp-allocator-size-gfx=262144"
Refreshing native plugins compatible for Editor in 176.22 ms, found 3 plugins.
Preloading 0 native plugins for Editor in 0.00 ms.
Initialize engine version: 2021.3.11f1 (0a5ca18544bf)
[Subsystems] Discovering subsystems at path D:/Programmes/Unity/Hub/Editor/2021.3.11f1/Editor/Data/Resources/UnitySubsystems
[Subsystems] Discovering subsystems at path D:/Projects/BossBattleAndroid/Boss Battle Mobile/Assets
GfxDevice: creating device client; threaded=0; jobified=0
Direct3D:
    Version:  Direct3D 11.0 [level 11.1]
    Renderer: NVIDIA GeForce GTX 1050 (ID=0x1c8d)
    Vendor:   NVIDIA
    VRAM:     4021 MB
    Driver:   27.21.14.6140
Initialize mono
Mono path[0] = 'D:/Programmes/Unity/Hub/Editor/2021.3.11f1/Editor/Data/Managed'
Mono path[1] = 'D:/Programmes/Unity/Hub/Editor/2021.3.11f1/Editor/Data/MonoBleedingEdge/lib/mono/unityjit-win32'
Mono config path = 'D:/Programmes/Unity/Hub/Editor/2021.3.11f1/Editor/Data/MonoBleedingEdge/etc'
Using monoOptions --debugger-agent=transport=dt_socket,embedding=1,server=y,suspend=n,address=127.0.0.1:56544
Begin MonoManager ReloadAssembly
Registering precompiled unity dll's ...
Register platform support module: D:/Programmes/Unity/Hub/Editor/2021.3.11f1/Editor/Data/PlaybackEngines/WebGLSupport/UnityEditor.WebGL.Extensions.dll
Register platform support module: D:/Programmes/Unity/Hub/Editor/2021.3.11f1/Editor/Data/PlaybackEngines/AndroidPlayer/UnityEditor.Android.Extensions.dll
Register platform support module: D:/Programmes/Unity/Hub/Editor/2021.3.11f1/Editor/Data/PlaybackEngines/iOSSupport/UnityEditor.iOS.Extensions.dll
Register platform support module: D:/Programmes/Unity/Hub/Editor/2021.3.11f1/Editor/Data/PlaybackEngines/WindowsStandaloneSupport/UnityEditor.WindowsStandalone.Extensions.dll
Registered in 0.008962 seconds.
Native extension for WindowsStandalone target not found
[usbmuxd] Start listen thread
[usbmuxd] Listen thread started
Native extension for iOS target not found
Native extension for Android target not found
Native extension for WebGL target not found
Refreshing native plugins compatible for Editor in 192.53 ms, found 3 plugins.
Preloading 0 native plugins for Editor in 0.00 ms.
Mono: successfully reloaded assembly
- Completed reload, in  1.689 seconds
Domain Reload Profiling:
	ReloadAssembly (1692ms)
		BeginReloadAssembly (224ms)
			ExecutionOrderSort (0ms)
			DisableScriptedObjects (0ms)
			BackupInstance (0ms)
			ReleaseScriptingObjects (0ms)
			CreateAndSetChildDomain (3ms)
		EndReloadAssembly (1226ms)
			LoadAssemblies (222ms)
			RebuildTransferFunctionScriptingTraits (0ms)
			SetupTypeCache (293ms)
			ReleaseScriptCaches (0ms)
			RebuildScriptCaches (84ms)
			SetupLoadedEditorAssemblies (728ms)
				LogAssemblyErrors (0ms)
				InitializePlatformSupportModulesInManaged (188ms)
				SetLoadedEditorAssemblies (1ms)
				RefreshPlugins (193ms)
				BeforeProcessingInitializeOnLoad (2ms)
				ProcessInitializeOnLoadAttributes (226ms)
				ProcessInitializeOnLoadMethodAttributes (117ms)
				AfterProcessingInitializeOnLoad (0ms)
				EditorAssembliesLoaded (0ms)
			ExecutionOrderSort2 (0ms)
			AwakeInstancesAfterBackupRestoration (0ms)
Platform modules already initialized, skipping
Registering precompiled user dll's ...
Registered in 0.014410 seconds.
Begin MonoManager ReloadAssembly
Symbol file LoadedFromMemory doesn't match image D:\Projects\BossBattleAndroid\Boss Battle Mobile\Library\PackageCache\com.unity.visualscripting@1.7.8\Editor\VisualScripting.Core\Dependencies\YamlDotNet\Unity.VisualScripting.YamlDotNet.dll
Symbol file LoadedFromMemory doesn't match image D:\Projects\BossBattleAndroid\Boss Battle Mobile\Library\PackageCache\com.unity.visualscripting@1.7.8\Editor\VisualScripting.Core\Dependencies\DotNetZip\Unity.VisualScripting.IonicZip.dll
Native extension for WindowsStandalone target not found
Native extension for iOS target not found
Native extension for Android target not found
Native extension for WebGL target not found
Refreshing native plugins compatible for Editor in 1.98 ms, found 3 plugins.
Preloading 0 native plugins for Editor in 0.00 ms.
Mono: successfully reloaded assembly
- Completed reload, in  4.604 seconds
Domain Reload Profiling:
	ReloadAssembly (4608ms)
		BeginReloadAssembly (504ms)
			ExecutionOrderSort (0ms)
			DisableScriptedObjects (33ms)
			BackupInstance (0ms)
			ReleaseScriptingObjects (1ms)
			CreateAndSetChildDomain (270ms)
		EndReloadAssembly (3865ms)
			LoadAssemblies (167ms)
			RebuildTransferFunctionScriptingTraits (0ms)
			SetupTypeCache (666ms)
			ReleaseScriptCaches (2ms)
			RebuildScriptCaches (110ms)
			SetupLoadedEditorAssemblies (2826ms)
				LogAssemblyErrors (0ms)
				InitializePlatformSupportModulesInManaged (52ms)
				SetLoadedEditorAssemblies (1ms)
				RefreshPlugins (2ms)
				BeforeProcessingInitializeOnLoad (188ms)
				ProcessInitializeOnLoadAttributes (510ms)
				ProcessInitializeOnLoadMethodAttributes (2068ms)
				AfterProcessingInitializeOnLoad (5ms)
				EditorAssembliesLoaded (1ms)
			ExecutionOrderSort2 (0ms)
			AwakeInstancesAfterBackupRestoration (13ms)
Platform modules already initialized, skipping
========================================================================
Worker process is ready to serve import requests
Launched and connected shader compiler UnityShaderCompiler.exe after 0.24 seconds
Refreshing native plugins compatible for Editor in 2.40 ms, found 3 plugins.
Preloading 0 native plugins for Editor in 0.00 ms.
Unloading 3381 Unused Serialized files (Serialized files now loaded: 0)
Unloading 27 unused Assets / (113.7 KB). Loaded Objects now: 3851.
Memory consumption went from 123.0 MB to 122.9 MB.
Total: 12.023700 ms (FindLiveObjects: 1.301200 ms CreateObjectMapping: 2.267600 ms MarkObjects: 8.212900 ms  DeleteObjects: 0.239300 ms)

AssetImportParameters requested are different than current active one (requested -> active):
  custom:video-decoder-ogg-theora: a1e56fd34408186e4bbccfd4996cb3dc -> 
  custom:container-muxer-webm: aa71ff27fc2769a1b78a27578f13a17b -> 
  custom:container-demuxer-webm: 4f35f7cbe854078d1ac9338744f61a02 -> 
  custom:video-encoder-webm-vp8: eb34c28f22e8b96e1ab97ce403110664 -> 
  custom:audio-encoder-webm-vorbis: bf7c407c2cedff20999df2af8eb42d56 -> 
  custom:framework-win-MediaFoundation: 216162199b28c13a410421893ffa2e32 -> 
  custom:container-demuxer-ogg: 62fdf1f143b41e24485cea50d1cbac27 -> 
  custom:video-decoder-webm-vp8: 9c59270c3fd7afecdb556c50c9e8de78 -> 
  custom:audio-decoder-ogg-vorbis: bf7c407c2cedff20999df2af8eb42d56 -> 
========================================================================
Received Import Request.
  Time since last request: 422497.215017 seconds.
  path: Assets/Fantasy Forest Environment Free Sample/Scenes/demoScene_free.unity
  artifactKey: Guid(7769f33fb4fa2e5458344a36556ad760) Importer(815301076,1909f56bfc062723c751e8b465ee728b)
Start importing Assets/Fantasy Forest Environment Free Sample/Scenes/demoScene_free.unity using Guid(7769f33fb4fa2e5458344a36556ad760) Importer(815301076,1909f56bfc062723c751e8b465ee728b)  -> (artifact id: '8b544016be440be819559bd1adfdbba0') in 0.043917 seconds 
========================================================================
Received Import Request.
  Time since last request: 0.000066 seconds.
  path: Assets/Fantasy Forest Environment Free Sample/Scenes
  artifactKey: Guid(62872d07d188c1c40b0a8f51ce5f5d60) Importer(815301076,1909f56bfc062723c751e8b465ee728b)
Start importing Assets/Fantasy Forest Environment Free Sample/Scenes using Guid(62872d07d188c1c40b0a8f51ce5f5d60) Importer(815301076,1909f56bfc062723c751e8b465ee728b)  -> (artifact id: 'd9257aa50c74e2cf23d3e7a3a5ef5f71') in 0.015655 seconds 
========================================================================
Received Import Request.
  Time since last request: 0.000047 seconds.
  path: Assets/Fantasy Forest Environment Free Sample/Scenes/New Terrain.asset
  artifactKey: Guid(02bc0e2176f6a4e4ea3faf0c622664cf) Importer(815301076,1909f56bfc062723c751e8b465ee728b)
Start importing Assets/Fantasy Forest Environment Free Sample/Scenes/New Terrain.asset using Guid(02bc0e2176f6a4e4ea3faf0c622664cf) Importer(815301076,1909f56bfc062723c751e8b465ee728b)  -> (artifact id: '740fbf27c29de6e1fd207b30db123c56') in 0.523944 seconds 
========================================================================
Received Import Request.
  Time since last request: 1192.129247 seconds.
  path: Assets/_TerrainAutoUpgrade/layer_dirt01b3407d0e55802f81.terrainlayer
  artifactKey: Guid(f0dacb1901ad5d641b1fa156cc97c9b9) Importer(815301076,1909f56bfc062723c751e8b465ee728b)
Start importing Assets/_TerrainAutoUpgrade/layer_dirt01b3407d0e55802f81.terrainlayer using Guid(f0dacb1901ad5d641b1fa156cc97c9b9) Importer(815301076,1909f56bfc062723c751e8b465ee728b)  -> (artifact id: '2cd8bea052f8122cbaa1f0b6087090d8') in 0.241046 seconds 
========================================================================
Received Import Request.
  Time since last request: 0.000049 seconds.
  path: Assets/_TerrainAutoUpgrade/layer_grass01b3407d0e55802f81.terrainlayer
  artifactKey: Guid(d9da0baf6d35b444f9e0ea29a968e9b9) Importer(815301076,1909f56bfc062723c751e8b465ee728b)
Start importing Assets/_TerrainAutoUpgrade/layer_grass01b3407d0e55802f81.terrainlayer using Guid(d9da0baf6d35b444f9e0ea29a968e9b9) Importer(815301076,1909f56bfc062723c751e8b465ee728b)  -> (artifact id: '52dfe18d3f5c9e75142cb44a405fd459') in 0.019259 seconds 
========================================================================
Received Import Request.
  Time since last request: 12.081123 seconds.
  path: Assets/Scenes/SampleScene.unity
  artifactKey: Guid(9fc0d4010bbf28b4594072e72b8655ab) Importer(815301076,1909f56bfc062723c751e8b465ee728b)
Start importing Assets/Scenes/SampleScene.unity using Guid(9fc0d4010bbf28b4594072e72b8655ab) Importer(815301076,1909f56bfc062723c751e8b465ee728b)  -> (artifact id: 'e55ccaa32d8e5c1de03c07a5412c8c3c') in 0.008218 seconds 
========================================================================
Received Prepare
Registering precompiled user dll's ...
Registered in 0.004938 seconds.
Begin MonoManager ReloadAssembly
Symbol file LoadedFromMemory doesn't match image D:\Projects\BossBattleAndroid\Boss Battle Mobile\Library\PackageCache\com.unity.visualscripting@1.7.8\Editor\VisualScripting.Core\Dependencies\YamlDotNet\Unity.VisualScripting.YamlDotNet.dll
Symbol file LoadedFromMemory doesn't match image D:\Projects\BossBattleAndroid\Boss Battle Mobile\Library\PackageCache\com.unity.visualscripting@1.7.8\Editor\VisualScripting.Core\Dependencies\DotNetZip\Unity.VisualScripting.IonicZip.dll
Native extension for WindowsStandalone target not found
Native extension for iOS target not found
Native extension for Android target not found
Native extension for WebGL target not found
Refreshing native plugins compatible for Editor in 0.55 ms, found 3 plugins.
Preloading 0 native plugins for Editor in 0.00 ms.
Mono: successfully reloaded assembly
- Completed reload, in  1.114 seconds
Domain Reload Profiling:
	ReloadAssembly (1114ms)
		BeginReloadAssembly (158ms)
			ExecutionOrderSort (0ms)
			DisableScriptedObjects (6ms)
			BackupInstance (0ms)
			ReleaseScriptingObjects (0ms)
			CreateAndSetChildDomain (42ms)
		EndReloadAssembly (834ms)
			LoadAssemblies (92ms)
			RebuildTransferFunctionScriptingTraits (0ms)
			SetupTypeCache (318ms)
			ReleaseScriptCaches (1ms)
			RebuildScriptCaches (44ms)
			SetupLoadedEditorAssemblies (353ms)
				LogAssemblyErrors (0ms)
				InitializePlatformSupportModulesInManaged (32ms)
				SetLoadedEditorAssemblies (0ms)
				RefreshPlugins (1ms)
				BeforeProcessingInitializeOnLoad (70ms)
				ProcessInitializeOnLoadAttributes (218ms)
				ProcessInitializeOnLoadMethodAttributes (28ms)
				AfterProcessingInitializeOnLoad (4ms)
				EditorAssembliesLoaded (0ms)
			ExecutionOrderSort2 (0ms)
			AwakeInstancesAfterBackupRestoration (7ms)
Platform modules already initialized, skipping
Refreshing native plugins compatible for Editor in 1.97 ms, found 3 plugins.
Preloading 0 native plugins for Editor in 0.00 ms.
Unloading 3383 Unused Serialized files (Serialized files now loaded: 0)
Unloading 20 unused Assets / (80.2 KB). Loaded Objects now: 3868.
Memory consumption went from 127.3 MB to 127.2 MB.
Total: 3.735000 ms (FindLiveObjects: 0.267900 ms CreateObjectMapping: 0.165800 ms MarkObjects: 3.205500 ms  DeleteObjects: 0.095000 ms)

AssetImportParameters requested are different than current active one (requested -> active):
  custom:video-decoder-ogg-theora: a1e56fd34408186e4bbccfd4996cb3dc -> 
  custom:container-muxer-webm: aa71ff27fc2769a1b78a27578f13a17b -> 
  custom:container-demuxer-webm: 4f35f7cbe854078d1ac9338744f61a02 -> 
  custom:video-encoder-webm-vp8: eb34c28f22e8b96e1ab97ce403110664 -> 
  custom:audio-encoder-webm-vorbis: bf7c407c2cedff20999df2af8eb42d56 -> 
  custom:framework-win-MediaFoundation: 216162199b28c13a410421893ffa2e32 -> 
  custom:container-demuxer-ogg: 62fdf1f143b41e24485cea50d1cbac27 -> 
  custom:video-decoder-webm-vp8: 9c59270c3fd7afecdb556c50c9e8de78 -> 
  custom:audio-decoder-ogg-vorbis: bf7c407c2cedff20999df2af8eb42d56 -> 
========================================================================
Received Prepare
Registering precompiled user dll's ...
Registered in 0.007055 seconds.
Begin MonoManager ReloadAssembly
Symbol file LoadedFromMemory doesn't match image D:\Projects\BossBattleAndroid\Boss Battle Mobile\Library\PackageCache\com.unity.visualscripting@1.7.8\Editor\VisualScripting.Core\Dependencies\YamlDotNet\Unity.VisualScripting.YamlDotNet.dll
Symbol file LoadedFromMemory doesn't match image D:\Projects\BossBattleAndroid\Boss Battle Mobile\Library\PackageCache\com.unity.visualscripting@1.7.8\Editor\VisualScripting.Core\Dependencies\DotNetZip\Unity.VisualScripting.IonicZip.dll
Native extension for WindowsStandalone target not found
Native extension for iOS target not found
Native extension for Android target not found
Native extension for WebGL target not found
Refreshing native plugins compatible for Editor in 0.85 ms, found 3 plugins.
Preloading 0 native plugins for Editor in 0.00 ms.
Mono: successfully reloaded assembly
- Completed reload, in  1.266 seconds
Domain Reload Profiling:
	ReloadAssembly (1267ms)
		BeginReloadAssembly (181ms)
			ExecutionOrderSort (0ms)
			DisableScriptedObjects (7ms)
			BackupInstance (0ms)
			ReleaseScriptingObjects (0ms)
			CreateAndSetChildDomain (47ms)
		EndReloadAssembly (970ms)
			LoadAssemblies (116ms)
			RebuildTransferFunctionScriptingTraits (0ms)
			SetupTypeCache (331ms)
			ReleaseScriptCaches (2ms)
			RebuildScriptCaches (49ms)
			SetupLoadedEditorAssemblies (444ms)
				LogAssemblyErrors (0ms)
				InitializePlatformSupportModulesInManaged (47ms)
				SetLoadedEditorAssemblies (1ms)
				RefreshPlugins (1ms)
				BeforeProcessingInitializeOnLoad (94ms)
				ProcessInitializeOnLoadAttributes (250ms)
				ProcessInitializeOnLoadMethodAttributes (47ms)
				AfterProcessingInitializeOnLoad (3ms)
				EditorAssembliesLoaded (0ms)
			ExecutionOrderSort2 (0ms)
			AwakeInstancesAfterBackupRestoration (9ms)
Platform modules already initialized, skipping
Refreshing native plugins compatible for Editor in 2.05 ms, found 3 plugins.
Preloading 0 native plugins for Editor in 0.00 ms.
Unloading 3900 Unused Serialized files (Serialized files now loaded: 0)
Unloading 21 unused Assets / (105.0 KB). Loaded Objects now: 4388.
Memory consumption went from 142.5 MB to 142.4 MB.
Total: 6.871300 ms (FindLiveObjects: 0.321200 ms CreateObjectMapping: 0.283200 ms MarkObjects: 6.106400 ms  DeleteObjects: 0.159100 ms)

AssetImportParameters requested are different than current active one (requested -> active):
  custom:video-decoder-ogg-theora: a1e56fd34408186e4bbccfd4996cb3dc -> 
  custom:container-muxer-webm: aa71ff27fc2769a1b78a27578f13a17b -> 
  custom:container-demuxer-webm: 4f35f7cbe854078d1ac9338744f61a02 -> 
  custom:video-encoder-webm-vp8: eb34c28f22e8b96e1ab97ce403110664 -> 
  custom:audio-encoder-webm-vorbis: bf7c407c2cedff20999df2af8eb42d56 -> 
  custom:framework-win-MediaFoundation: 216162199b28c13a410421893ffa2e32 -> 
  custom:container-demuxer-ogg: 62fdf1f143b41e24485cea50d1cbac27 -> 
  custom:video-decoder-webm-vp8: 9c59270c3fd7afecdb556c50c9e8de78 -> 
  custom:audio-decoder-ogg-vorbis: bf7c407c2cedff20999df2af8eb42d56 -> 
========================================================================
Received Import Request.
  Time since last request: 600.014690 seconds.
  path: Assets/Plugins/GameCreator/Camera/Prefabs/Camera.prefab
  artifactKey: Guid(c3ae1841ccdce4e70ac9a27adf60b7b3) Importer(815301076,1909f56bfc062723c751e8b465ee728b)
Start importing Assets/Plugins/GameCreator/Camera/Prefabs/Camera.prefab using Guid(c3ae1841ccdce4e70ac9a27adf60b7b3) Importer(815301076,1909f56bfc062723c751e8b465ee728b)  -> (artifact id: 'f388a25e2292b0d32ab3c6fc5b5ea70b') in 0.043319 seconds 
========================================================================
Received Import Request.
  Time since last request: 36.099803 seconds.
  path: Assets/Gizmos/GameCreator/Actions/actions0.png
  artifactKey: Guid(da2b397b04adb48849a542c9685baecd) Importer(815301076,1909f56bfc062723c751e8b465ee728b)
Start importing Assets/Gizmos/GameCreator/Actions/actions0.png using Guid(da2b397b04adb48849a542c9685baecd) Importer(815301076,1909f56bfc062723c751e8b465ee728b)  -> (artifact id: '7659c5dc8f7720304ee0dd7472adb1c4') in 0.221964 seconds 
========================================================================
Received Import Request.
  Time since last request: 0.000032 seconds.
  path: Assets/Gizmos/GameCreator/Actions/actions2.png
  artifactKey: Guid(e97abd0502dd94848a674c97c1f276ce) Importer(815301076,1909f56bfc062723c751e8b465ee728b)
Start importing Assets/Gizmos/GameCreator/Actions/actions2.png using Guid(e97abd0502dd94848a674c97c1f276ce) Importer(815301076,1909f56bfc062723c751e8b465ee728b)  -> (artifact id: 'c9e39f62d5120447859f50c3646f847b') in 0.020963 seconds 
========================================================================
Received Import Request.
  Time since last request: 8.089077 seconds.
  path: Assets/Gizmos/GameCreator/Characters/Character icon.png
  artifactKey: Guid(b295f2f812b5c447f96df62ade4a6ec0) Importer(815301076,1909f56bfc062723c751e8b465ee728b)
Start importing Assets/Gizmos/GameCreator/Characters/Character icon.png using Guid(b295f2f812b5c447f96df62ade4a6ec0) Importer(815301076,1909f56bfc062723c751e8b465ee728b)  -> (artifact id: 'f4c2f5b2921f09ba099414350c26e587') in 0.092934 seconds 
========================================================================
Received Import Request.
  Time since last request: 0.000036 seconds.
  path: Assets/Gizmos/GameCreator/Characters/CharacterState icon.png
  artifactKey: Guid(b979ed37a1b3546629019898baf9acf8) Importer(815301076,1909f56bfc062723c751e8b465ee728b)
Start importing Assets/Gizmos/GameCreator/Characters/CharacterState icon.png using Guid(b979ed37a1b3546629019898baf9acf8) Importer(815301076,1909f56bfc062723c751e8b465ee728b)  -> (artifact id: 'b39116d8fd5777e1889b99b17566f248') in 0.023881 seconds 
========================================================================
Received Import Request.
  Time since last request: 0.000049 seconds.
  path: Assets/Gizmos/GameCreator/Characters/Equipment icon.png
  artifactKey: Guid(7d9c6f068b52f403e877ec0b2bbd7ebe) Importer(815301076,1909f56bfc062723c751e8b465ee728b)
Start importing Assets/Gizmos/GameCreator/Characters/Equipment icon.png using Guid(7d9c6f068b52f403e877ec0b2bbd7ebe) Importer(815301076,1909f56bfc062723c751e8b465ee728b)  -> (artifact id: 'e28dca87c68eaa159541627b53f00cc7') in 0.027509 seconds 
========================================================================
Received Import Request.
  Time since last request: 0.000030 seconds.
  path: Assets/Gizmos/GameCreator/Characters/PlayerCharacter icon.png
  artifactKey: Guid(92f335ff1d95e4c5a93eb69897ae2b7f) Importer(815301076,1909f56bfc062723c751e8b465ee728b)
Start importing Assets/Gizmos/GameCreator/Characters/PlayerCharacter icon.png using Guid(92f335ff1d95e4c5a93eb69897ae2b7f) Importer(815301076,1909f56bfc062723c751e8b465ee728b)  -> (artifact id: 'd1c06a8153b66f1e0683ee7a47f38a72') in 0.025967 seconds 
========================================================================
Received Import Request.
  Time since last request: 1.193110 seconds.
  path: Assets/Gizmos/GameCreator/Conditions/conditions0.png
  artifactKey: Guid(3cbda6529c20c452db155d9369d7b46a) Importer(815301076,1909f56bfc062723c751e8b465ee728b)
Start importing Assets/Gizmos/GameCreator/Conditions/conditions0.png using Guid(3cbda6529c20c452db155d9369d7b46a) Importer(815301076,1909f56bfc062723c751e8b465ee728b)  -> (artifact id: '0fc8f5120f5b7b399aef8e042168a949') in 0.020903 seconds 
========================================================================
Received Import Request.
  Time since last request: 0.000090 seconds.
  path: Assets/Gizmos/GameCreator/Conditions/conditions2.png
  artifactKey: Guid(f8f5181d2ed674383a6ad98bcdf0116e) Importer(815301076,1909f56bfc062723c751e8b465ee728b)
Start importing Assets/Gizmos/GameCreator/Conditions/conditions2.png using Guid(f8f5181d2ed674383a6ad98bcdf0116e) Importer(815301076,1909f56bfc062723c751e8b465ee728b)  -> (artifact id: '66278a07806f6bf6c6352d338bf7df8a') in 0.026232 seconds 
========================================================================
Received Import Request.
  Time since last request: 0.671947 seconds.
  path: Assets/Gizmos/GameCreator/Core/Actions icon.png
  artifactKey: Guid(4e068752fabff4700afface146ddef28) Importer(815301076,1909f56bfc062723c751e8b465ee728b)
Start importing Assets/Gizmos/GameCreator/Core/Actions icon.png using Guid(4e068752fabff4700afface146ddef28) Importer(815301076,1909f56bfc062723c751e8b465ee728b)  -> (artifact id: '4bfa507c0420bc5623babafa0aae84e9') in 0.025148 seconds 
========================================================================
Received Import Request.
  Time since last request: 0.000042 seconds.
  path: Assets/Gizmos/GameCreator/Core/SliderVariable icon.png
  artifactKey: Guid(613ec7706088c4cf296cc858002f3b2c) Importer(815301076,1909f56bfc062723c751e8b465ee728b)
Start importing Assets/Gizmos/GameCreator/Core/SliderVariable icon.png using Guid(613ec7706088c4cf296cc858002f3b2c) Importer(815301076,1909f56bfc062723c751e8b465ee728b)  -> (artifact id: '17ce9b4eb33b6835701b01b1bad773a7') in 0.028309 seconds 
========================================================================
Received Import Request.
  Time since last request: 0.000038 seconds.
  path: Assets/Gizmos/GameCreator/Core/ButtonActions icon.png
  artifactKey: Guid(ee731d53284b64b3681ff8257e20d639) Importer(815301076,1909f56bfc062723c751e8b465ee728b)
Start importing Assets/Gizmos/GameCreator/Core/ButtonActions icon.png using Guid(ee731d53284b64b3681ff8257e20d639) Importer(815301076,1909f56bfc062723c751e8b465ee728b)  -> (artifact id: 'ad12932a2f567e66ad4b5568013b5b91') in 0.023929 seconds 
========================================================================
Received Import Request.
  Time since last request: 0.000031 seconds.
  path: Assets/Gizmos/GameCreator/Core/PoolManager icon.png
  artifactKey: Guid(376a7102957f54984bca08e1191a7b55) Importer(815301076,1909f56bfc062723c751e8b465ee728b)
Start importing Assets/Gizmos/GameCreator/Core/PoolManager icon.png using Guid(376a7102957f54984bca08e1191a7b55) Importer(815301076,1909f56bfc062723c751e8b465ee728b)  -> (artifact id: '908b802f95e8ac4aa1730791322bd43a') in 0.021163 seconds 
========================================================================
Received Import Request.
  Time since last request: 0.000043 seconds.
  path: Assets/Gizmos/GameCreator/Core/EventSystemManager icon.png
  artifactKey: Guid(28269b84bdb5f4262bc0d2c9d735e321) Importer(815301076,1909f56bfc062723c751e8b465ee728b)
Start importing Assets/Gizmos/GameCreator/Core/EventSystemManager icon.png using Guid(28269b84bdb5f4262bc0d2c9d735e321) Importer(815301076,1909f56bfc062723c751e8b465ee728b)  -> (artifact id: '5473974772c0c0cdbbb87032987aaaed') in 0.023148 seconds 
========================================================================
Received Import Request.
  Time since last request: 0.000031 seconds.
  path: Assets/Gizmos/GameCreator/Core/SaveLoadManager icon.png
  artifactKey: Guid(8315b921482334fbaa3a127a33399550) Importer(815301076,1909f56bfc062723c751e8b465ee728b)
Start importing Assets/Gizmos/GameCreator/Core/SaveLoadManager icon.png using Guid(8315b921482334fbaa3a127a33399550) Importer(815301076,1909f56bfc062723c751e8b465ee728b)  -> (artifact id: 'd181e1ae13f53650ac576ce9edc716d4') in 0.049369 seconds 
========================================================================
Received Import Request.
  Time since last request: 0.000042 seconds.
  path: Assets/Gizmos/GameCreator/Core/Trigger icon.png
  artifactKey: Guid(4604bf0d49e244a61a7370c60c43705f) Importer(815301076,1909f56bfc062723c751e8b465ee728b)
Start importing Assets/Gizmos/GameCreator/Core/Trigger icon.png using Guid(4604bf0d49e244a61a7370c60c43705f) Importer(815301076,1909f56bfc062723c751e8b465ee728b)  -> (artifact id: 'a6c9254524f5de12941418c1ffa3e5cd') in 0.095166 seconds 
========================================================================
Received Import Request.
  Time since last request: 0.700329 seconds.
  path: Assets/Gizmos/GameCreator/Event/event0.png
  artifactKey: Guid(9ba7f2b358dbe46f29bf055602a1327f) Importer(815301076,1909f56bfc062723c751e8b465ee728b)
Start importing Assets/Gizmos/GameCreator/Event/event0.png using Guid(9ba7f2b358dbe46f29bf055602a1327f) Importer(815301076,1909f56bfc062723c751e8b465ee728b)  -> (artifact id: 'c1030d4fcdad5d251ea95f9b9ac37446') in 0.021545 seconds 
========================================================================
Received Import Request.
  Time since last request: 0.000035 seconds.
  path: Assets/Gizmos/GameCreator/Event/event2.png
  artifactKey: Guid(8770d819e8b814afe85cbb58b912a2ce) Importer(815301076,1909f56bfc062723c751e8b465ee728b)
Start importing Assets/Gizmos/GameCreator/Event/event2.png using Guid(8770d819e8b814afe85cbb58b912a2ce) Importer(815301076,1909f56bfc062723c751e8b465ee728b)  -> (artifact id: '90e2382e0fbfb25cd03918781b1709ca') in 0.026554 seconds 
========================================================================
Received Import Request.
  Time since last request: 1.546297 seconds.
  path: Assets/Gizmos/GameCreator/Localization/LocalizationManager icon.png
  artifactKey: Guid(57be3e40d639a4685b35418fff37dfb9) Importer(815301076,1909f56bfc062723c751e8b465ee728b)
Start importing Assets/Gizmos/GameCreator/Localization/LocalizationManager icon.png using Guid(57be3e40d639a4685b35418fff37dfb9) Importer(815301076,1909f56bfc062723c751e8b465ee728b)  -> (artifact id: '048345a4e67b3eda70639f6ea09f26f4') in 0.022597 seconds 
========================================================================
Received Import Request.
  Time since last request: 0.503271 seconds.
  path: Assets/Gizmos/GameCreator/Hotspot/hotspot.png
  artifactKey: Guid(72b7e16e73f7e46adb8a166b7dbe1d3b) Importer(815301076,1909f56bfc062723c751e8b465ee728b)
Start importing Assets/Gizmos/GameCreator/Hotspot/hotspot.png using Guid(72b7e16e73f7e46adb8a166b7dbe1d3b) Importer(815301076,1909f56bfc062723c751e8b465ee728b)  -> (artifact id: '57088213b786e6fc651f84cf7bf69c59') in 0.101952 seconds 
========================================================================
Received Import Request.
  Time since last request: 0.503591 seconds.
  path: Assets/Gizmos/GameCreator/SimpleMessage/SimpleMessageManager icon.png
  artifactKey: Guid(2e58c7cbca2db4c308a30167f9cad0d3) Importer(815301076,1909f56bfc062723c751e8b465ee728b)
Start importing Assets/Gizmos/GameCreator/SimpleMessage/SimpleMessageManager icon.png using Guid(2e58c7cbca2db4c308a30167f9cad0d3) Importer(815301076,1909f56bfc062723c751e8b465ee728b)  -> (artifact id: 'd547296adc6024962d4b8644bdbf6311') in 0.021798 seconds 
========================================================================
Received Import Request.
  Time since last request: 0.672131 seconds.
  path: Assets/Gizmos/GameCreator/Trigger/trigger0.png
  artifactKey: Guid(11d97a4b5b7fb4e968afa0d996c25c90) Importer(815301076,1909f56bfc062723c751e8b465ee728b)
Start importing Assets/Gizmos/GameCreator/Trigger/trigger0.png using Guid(11d97a4b5b7fb4e968afa0d996c25c90) Importer(815301076,1909f56bfc062723c751e8b465ee728b)  -> (artifact id: '2addabf0c1b8e6d97a2a4155e010864f') in 0.019630 seconds 
========================================================================
Received Import Request.
  Time since last request: 0.000037 seconds.
  path: Assets/Gizmos/GameCreator/Trigger/trigger3.png
  artifactKey: Guid(2c3508186a9ce42fd9b294d261a65cef) Importer(815301076,1909f56bfc062723c751e8b465ee728b)
Start importing Assets/Gizmos/GameCreator/Trigger/trigger3.png using Guid(2c3508186a9ce42fd9b294d261a65cef) Importer(815301076,1909f56bfc062723c751e8b465ee728b)  -> (artifact id: '4e80e9fccf70e49bb659300908efa276') in 0.026887 seconds 
========================================================================
Received Import Request.
  Time since last request: 0.979483 seconds.
  path: Assets/Gizmos/GameCreator/Variables/GlobalVariables.png
  artifactKey: Guid(9246e3669e48e4b42a139a0284639bf5) Importer(815301076,1909f56bfc062723c751e8b465ee728b)
Start importing Assets/Gizmos/GameCreator/Variables/GlobalVariables.png using Guid(9246e3669e48e4b42a139a0284639bf5) Importer(815301076,1909f56bfc062723c751e8b465ee728b)  -> (artifact id: 'c348e9ca2a7c4711b54f4f6850838757') in 0.017933 seconds 
========================================================================
Received Import Request.
  Time since last request: 0.000022 seconds.
  path: Assets/Gizmos/GameCreator/Variables/TextVariable icon.png
  artifactKey: Guid(c6b611732673e42649afb086e523d8b3) Importer(815301076,1909f56bfc062723c751e8b465ee728b)
Start importing Assets/Gizmos/GameCreator/Variables/TextVariable icon.png using Guid(c6b611732673e42649afb086e523d8b3) Importer(815301076,1909f56bfc062723c751e8b465ee728b)  -> (artifact id: 'd6c02c313cb98d70c4ccbfc2eee78ae2') in 0.028029 seconds 
========================================================================
Received Import Request.
  Time since last request: 10.766653 seconds.
  path: Assets/Plugins/GameCreator/Extra/Icons/Actions/Load Scene.png
  artifactKey: Guid(26ffba318dd9e4dc5a23bac30fd2cbec) Importer(815301076,1909f56bfc062723c751e8b465ee728b)
Start importing Assets/Plugins/GameCreator/Extra/Icons/Actions/Load Scene.png using Guid(26ffba318dd9e4dc5a23bac30fd2cbec) Importer(815301076,1909f56bfc062723c751e8b465ee728b)  -> (artifact id: 'a5c8c014e6318621b3f7a5850efe4ad8') in 0.022579 seconds 
========================================================================
Received Import Request.
  Time since last request: 0.000046 seconds.
  path: Assets/Plugins/GameCreator/Extra/Icons/Actions/Unload Scene Async.png
  artifactKey: Guid(65f09e4e7dd214cfab4d1330cc07b6d3) Importer(815301076,1909f56bfc062723c751e8b465ee728b)
Start importing Assets/Plugins/GameCreator/Extra/Icons/Actions/Unload Scene Async.png using Guid(65f09e4e7dd214cfab4d1330cc07b6d3) Importer(815301076,1909f56bfc062723c751e8b465ee728b)  -> (artifact id: '94f1617a93a45f324674d1cf29649d71') in 0.027618 seconds 
========================================================================
Received Prepare
Registering precompiled user dll's ...
Registered in 0.004733 seconds.
Begin MonoManager ReloadAssembly
Symbol file LoadedFromMemory doesn't match image D:\Projects\BossBattleAndroid\Boss Battle Mobile\Library\PackageCache\com.unity.visualscripting@1.7.8\Editor\VisualScripting.Core\Dependencies\YamlDotNet\Unity.VisualScripting.YamlDotNet.dll
Symbol file LoadedFromMemory doesn't match image D:\Projects\BossBattleAndroid\Boss Battle Mobile\Library\PackageCache\com.unity.visualscripting@1.7.8\Editor\VisualScripting.Core\Dependencies\DotNetZip\Unity.VisualScripting.IonicZip.dll
Native extension for WindowsStandalone target not found
Native extension for iOS target not found
Native extension for Android target not found
Native extension for WebGL target not found
Refreshing native plugins compatible for Editor in 1.23 ms, found 3 plugins.
Preloading 0 native plugins for Editor in 0.00 ms.
Mono: successfully reloaded assembly
- Completed reload, in  1.718 seconds
Domain Reload Profiling:
	ReloadAssembly (1719ms)
		BeginReloadAssembly (176ms)
			ExecutionOrderSort (0ms)
			DisableScriptedObjects (5ms)
			BackupInstance (0ms)
			ReleaseScriptingObjects (0ms)
			CreateAndSetChildDomain (54ms)
		EndReloadAssembly (1380ms)
			LoadAssemblies (116ms)
			RebuildTransferFunctionScriptingTraits (0ms)
			SetupTypeCache (479ms)
			ReleaseScriptCaches (3ms)
			RebuildScriptCaches (98ms)
			SetupLoadedEditorAssemblies (593ms)
				LogAssemblyErrors (0ms)
				InitializePlatformSupportModulesInManaged (58ms)
				SetLoadedEditorAssemblies (1ms)
				RefreshPlugins (1ms)
				BeforeProcessingInitializeOnLoad (102ms)
				ProcessInitializeOnLoadAttributes (360ms)
				ProcessInitializeOnLoadMethodAttributes (65ms)
				AfterProcessingInitializeOnLoad (5ms)
				EditorAssembliesLoaded (0ms)
			ExecutionOrderSort2 (0ms)
			AwakeInstancesAfterBackupRestoration (13ms)
Platform modules already initialized, skipping
Refreshing native plugins compatible for Editor in 3.17 ms, found 3 plugins.
Preloading 0 native plugins for Editor in 0.00 ms.
Unloading 3900 Unused Serialized files (Serialized files now loaded: 0)
Unloading 21 unused Assets / (105.5 KB). Loaded Objects now: 4395.
Memory consumption went from 143.1 MB to 143.0 MB.
Total: 5.571200 ms (FindLiveObjects: 0.689200 ms CreateObjectMapping: 0.423100 ms MarkObjects: 4.138000 ms  DeleteObjects: 0.319200 ms)

AssetImportParameters requested are different than current active one (requested -> active):
  custom:video-decoder-ogg-theora: a1e56fd34408186e4bbccfd4996cb3dc -> 
  custom:container-muxer-webm: aa71ff27fc2769a1b78a27578f13a17b -> 
  custom:container-demuxer-webm: 4f35f7cbe854078d1ac9338744f61a02 -> 
  custom:video-encoder-webm-vp8: eb34c28f22e8b96e1ab97ce403110664 -> 
  custom:audio-encoder-webm-vorbis: bf7c407c2cedff20999df2af8eb42d56 -> 
  custom:framework-win-MediaFoundation: 216162199b28c13a410421893ffa2e32 -> 
  custom:container-demuxer-ogg: 62fdf1f143b41e24485cea50d1cbac27 -> 
  custom:video-decoder-webm-vp8: 9c59270c3fd7afecdb556c50c9e8de78 -> 
  custom:audio-decoder-ogg-vorbis: bf7c407c2cedff20999df2af8eb42d56 -> 
========================================================================
Received Import Request.
  Time since last request: 24.892596 seconds.
  path: Assets/Scenes/SampleScene.unity
  artifactKey: Guid(9fc0d4010bbf28b4594072e72b8655ab) Importer(815301076,1909f56bfc062723c751e8b465ee728b)
Start importing Assets/Scenes/SampleScene.unity using Guid(9fc0d4010bbf28b4594072e72b8655ab) Importer(815301076,1909f56bfc062723c751e8b465ee728b)  -> (artifact id: '3c38698cf403ec314ed94b5b569117f3') in 0.010512 seconds 
========================================================================
Received Import Request.
  Time since last request: 103.826968 seconds.
  path: Assets/Scenes
  artifactKey: Guid(6ea315d0fd7389c41b19996891e99ae3) Importer(815301076,1909f56bfc062723c751e8b465ee728b)
Start importing Assets/Scenes using Guid(6ea315d0fd7389c41b19996891e99ae3) Importer(815301076,1909f56bfc062723c751e8b465ee728b)  -> (artifact id: 'b8193726cff86800c54781cdc6d54904') in 0.012015 seconds 
========================================================================
Received Import Request.
  Time since last request: 56.651136 seconds.
  path: Assets
  artifactKey: Guid(00000000000000001000000000000000) Importer(815301076,1909f56bfc062723c751e8b465ee728b)
Start importing Assets using Guid(00000000000000001000000000000000) Importer(815301076,1909f56bfc062723c751e8b465ee728b)  -> (artifact id: '79842766b460edbeab6a34051e857a80') in 0.006842 seconds 
========================================================================
Received Import Request.
  Time since last request: 28.344197 seconds.
  path: Assets/Scenes/TestEnv.unity
  artifactKey: Guid(b7226d3fd28958c47837d9008d77032d) Importer(815301076,1909f56bfc062723c751e8b465ee728b)
Start importing Assets/Scenes/TestEnv.unity using Guid(b7226d3fd28958c47837d9008d77032d) Importer(815301076,1909f56bfc062723c751e8b465ee728b)  -> (artifact id: '0bbc60bfba78fc5036e11b94ba501afb') in 0.008498 seconds 
========================================================================
Received Import Request.
  Time since last request: 10.235945 seconds.
  path: Assets/Scenes/SampleScene.unity
  artifactKey: Guid(9fc0d4010bbf28b4594072e72b8655ab) Importer(815301076,1909f56bfc062723c751e8b465ee728b)
Start importing Assets/Scenes/SampleScene.unity using Guid(9fc0d4010bbf28b4594072e72b8655ab) Importer(815301076,1909f56bfc062723c751e8b465ee728b)  -> (artifact id: '651d3ad0964884a21b8dcce5cf82c064') in 0.003095 seconds 
========================================================================
Received Import Request.
  Time since last request: 10.768116 seconds.
  path: Assets/Scenes/SampleSceneSettings.lighting
  artifactKey: Guid(62ca00bd4087778428714db97627e374) Importer(815301076,1909f56bfc062723c751e8b465ee728b)
Start importing Assets/Scenes/SampleSceneSettings.lighting using Guid(62ca00bd4087778428714db97627e374) Importer(815301076,1909f56bfc062723c751e8b465ee728b)  -> (artifact id: 'f1f2c3ae51147537119c85d286ad8277') in 0.017692 seconds 
========================================================================
Received Prepare
Registering precompiled user dll's ...
Registered in 0.012637 seconds.
Begin MonoManager ReloadAssembly
Symbol file LoadedFromMemory doesn't match image D:\Projects\BossBattleAndroid\Boss Battle Mobile\Library\PackageCache\com.unity.visualscripting@1.7.8\Editor\VisualScripting.Core\Dependencies\YamlDotNet\Unity.VisualScripting.YamlDotNet.dll
Symbol file LoadedFromMemory doesn't match image D:\Projects\BossBattleAndroid\Boss Battle Mobile\Library\PackageCache\com.unity.visualscripting@1.7.8\Editor\VisualScripting.Core\Dependencies\DotNetZip\Unity.VisualScripting.IonicZip.dll
Native extension for WindowsStandalone target not found
Native extension for iOS target not found
Native extension for Android target not found
Native extension for WebGL target not found
Refreshing native plugins compatible for Editor in 1.50 ms, found 3 plugins.
Preloading 0 native plugins for Editor in 0.00 ms.
Mono: successfully reloaded assembly
- Completed reload, in  2.071 seconds
Domain Reload Profiling:
	ReloadAssembly (2072ms)
		BeginReloadAssembly (195ms)
			ExecutionOrderSort (0ms)
			DisableScriptedObjects (8ms)
			BackupInstance (0ms)
			ReleaseScriptingObjects (0ms)
			CreateAndSetChildDomain (53ms)
		EndReloadAssembly (1637ms)
			LoadAssemblies (126ms)
			RebuildTransferFunctionScriptingTraits (0ms)
			SetupTypeCache (463ms)
			ReleaseScriptCaches (1ms)
			RebuildScriptCaches (122ms)
			SetupLoadedEditorAssemblies (773ms)
				LogAssemblyErrors (0ms)
				InitializePlatformSupportModulesInManaged (85ms)
				SetLoadedEditorAssemblies (2ms)
				RefreshPlugins (2ms)
				BeforeProcessingInitializeOnLoad (130ms)
				ProcessInitializeOnLoadAttributes (470ms)
				ProcessInitializeOnLoadMethodAttributes (75ms)
				AfterProcessingInitializeOnLoad (8ms)
				EditorAssembliesLoaded (1ms)
			ExecutionOrderSort2 (0ms)
			AwakeInstancesAfterBackupRestoration (18ms)
Platform modules already initialized, skipping
Refreshing native plugins compatible for Editor in 4.04 ms, found 3 plugins.
Preloading 0 native plugins for Editor in 0.00 ms.
Unloading 3918 Unused Serialized files (Serialized files now loaded: 0)
Unloading 28 unused Assets / (176.3 KB). Loaded Objects now: 4410.
Memory consumption went from 143.9 MB to 143.8 MB.
Total: 5.723500 ms (FindLiveObjects: 0.686700 ms CreateObjectMapping: 0.526500 ms MarkObjects: 4.112400 ms  DeleteObjects: 0.395600 ms)

AssetImportParameters requested are different than current active one (requested -> active):
  custom:video-decoder-ogg-theora: a1e56fd34408186e4bbccfd4996cb3dc -> 
  custom:container-muxer-webm: aa71ff27fc2769a1b78a27578f13a17b -> 
  custom:container-demuxer-webm: 4f35f7cbe854078d1ac9338744f61a02 -> 
  custom:video-encoder-webm-vp8: eb34c28f22e8b96e1ab97ce403110664 -> 
  custom:audio-encoder-webm-vorbis: bf7c407c2cedff20999df2af8eb42d56 -> 
  custom:framework-win-MediaFoundation: 216162199b28c13a410421893ffa2e32 -> 
  custom:container-demuxer-ogg: 62fdf1f143b41e24485cea50d1cbac27 -> 
  custom:video-decoder-webm-vp8: 9c59270c3fd7afecdb556c50c9e8de78 -> 
  custom:audio-decoder-ogg-vorbis: bf7c407c2cedff20999df2af8eb42d56 -> 
